[0.019s] Invoking command in '/home/artjiang/Desktop/mirobot_urdf_ros2/build/mirobot_urdf_ros2': CMAKE_PREFIX_PATH=${CMAKE_PREFIX_PATH}:/opt/ros/galactic /usr/bin/cmake --build /home/artjiang/Desktop/mirobot_urdf_ros2/build/mirobot_urdf_ros2 -- -j2 -l2
[0.073s] [35m[1mScanning dependencies of target mirobot_write_node[0m
[0.113s] [ 50%] [32mBuilding CXX object CMakeFiles/mirobot_write_node.dir/src/mirobot_write_node.cpp.o[0m
[1.643s] In file included from [01m[K/opt/ros/galactic/include/rclcpp/service.hpp:34[m[K,
[1.643s]                  from [01m[K/opt/ros/galactic/include/rclcpp/callback_group.hpp:25[m[K,
[1.643s]                  from [01m[K/opt/ros/galactic/include/rclcpp/any_executable.hpp:20[m[K,
[1.643s]                  from [01m[K/opt/ros/galactic/include/rclcpp/memory_strategy.hpp:25[m[K,
[1.643s]                  from [01m[K/opt/ros/galactic/include/rclcpp/memory_strategies.hpp:18[m[K,
[1.643s]                  from [01m[K/opt/ros/galactic/include/rclcpp/executor_options.hpp:20[m[K,
[1.643s]                  from [01m[K/opt/ros/galactic/include/rclcpp/executor.hpp:36[m[K,
[1.643s]                  from [01m[K/opt/ros/galactic/include/rclcpp/executors/multi_threaded_executor.hpp:26[m[K,
[1.643s]                  from [01m[K/opt/ros/galactic/include/rclcpp/executors.hpp:21[m[K,
[1.643s]                  from [01m[K/opt/ros/galactic/include/rclcpp/rclcpp.hpp:156[m[K,
[1.644s]                  from [01m[K/home/artjiang/Desktop/mirobot_urdf_ros2/src/mirobot_write_node.cpp:6[m[K:
[1.644s] [01m[K/home/artjiang/Desktop/mirobot_urdf_ros2/src/mirobot_write_node.cpp:[m[K In function ‘[01m[Kvoid angle_write_callback(const JointState&)[m[K’:
[1.644s] [01m[K/home/artjiang/Desktop/mirobot_urdf_ros2/src/mirobot_write_node.cpp:42:2:[m[K [01;31m[Kerror: [m[Kstatic assertion failed: First argument to logging macros must be an rclcpp::Logger
[1.644s]    42 |  [01;31m[KRCLCPP_INFO[m[K("%s", Gcode.c_str());
[1.644s]       |  [01;31m[K^~~~~~~~~~~[m[K
[1.644s] In file included from [01m[K/opt/ros/galactic/include/rclcpp/client.hpp:40[m[K,
[1.644s]                  from [01m[K/opt/ros/galactic/include/rclcpp/callback_group.hpp:23[m[K,
[1.644s]                  from [01m[K/opt/ros/galactic/include/rclcpp/any_executable.hpp:20[m[K,
[1.644s]                  from [01m[K/opt/ros/galactic/include/rclcpp/memory_strategy.hpp:25[m[K,
[1.644s]                  from [01m[K/opt/ros/galactic/include/rclcpp/memory_strategies.hpp:18[m[K,
[1.644s]                  from [01m[K/opt/ros/galactic/include/rclcpp/executor_options.hpp:20[m[K,
[1.644s]                  from [01m[K/opt/ros/galactic/include/rclcpp/executor.hpp:36[m[K,
[1.644s]                  from [01m[K/opt/ros/galactic/include/rclcpp/executors/multi_threaded_executor.hpp:26[m[K,
[1.644s]                  from [01m[K/opt/ros/galactic/include/rclcpp/executors.hpp:21[m[K,
[1.644s]                  from [01m[K/opt/ros/galactic/include/rclcpp/rclcpp.hpp:156[m[K,
[1.645s]                  from [01m[K/home/artjiang/Desktop/mirobot_urdf_ros2/src/mirobot_write_node.cpp:6[m[K:
[1.645s] [01m[K/home/artjiang/Desktop/mirobot_urdf_ros2/src/mirobot_write_node.cpp:42:2:[m[K [01;31m[Kerror: [m[Krequest for member ‘[01m[Kget_name[m[K’ in ‘[01m[K"%s"[m[K’, which is of non-class type ‘[01m[Kconst char [3][m[K’
[1.645s]    42 |  [01;31m[KRCLCPP_INFO[m[K("%s", Gcode.c_str());
[1.645s]       |  [01;31m[K^~~~~~~~~~~[m[K
[1.645s] [01m[K/home/artjiang/Desktop/mirobot_urdf_ros2/src/mirobot_write_node.cpp:42:2:[m[K [01;31m[Kerror: [m[Krequest for member ‘[01m[Kget_name[m[K’ in ‘[01m[K"%s"[m[K’, which is of non-class type ‘[01m[Kconst char [3][m[K’
[1.645s]    42 |  [01;31m[KRCLCPP_INFO[m[K("%s", Gcode.c_str());
[1.645s]       |  [01;31m[K^~~~~~~~~~~[m[K
[1.645s] [01m[K/home/artjiang/Desktop/mirobot_urdf_ros2/src/mirobot_write_node.cpp:[m[K In function ‘[01m[Kint main(int, char**)[m[K’:
[1.645s] [01m[K/home/artjiang/Desktop/mirobot_urdf_ros2/src/mirobot_write_node.cpp:49:2:[m[K [01;31m[Kerror: [m[K‘[01m[Kros[m[K’ has not been declared
[1.645s]    49 |  [01;31m[Kros[m[K::init(argc, argv, "mirobot_write_node");//初始化，节点名称 "Mirobot_write_node"
[1.645s]       |  [01;31m[K^~~[m[K
[1.645s] [01m[K/home/artjiang/Desktop/mirobot_urdf_ros2/src/mirobot_write_node.cpp:50:2:[m[K [01;31m[Kerror: [m[K‘[01m[Kros[m[K’ has not been declared
[1.645s]    50 |  [01;31m[Kros[m[K::NodeHandle nh;
[1.645s]       |  [01;31m[K^~~[m[K
[1.645s] [01m[K/home/artjiang/Desktop/mirobot_urdf_ros2/src/mirobot_write_node.cpp:52:2:[m[K [01;31m[Kerror: [m[K‘[01m[Kros[m[K’ has not been declared
[1.645s]    52 |  [01;31m[Kros[m[K::Subscriber sub_angle = nh.subscribe("/joint_states", 1, angle_write_callback);//指定节点订阅的话题，并指定回调函数
[1.645s]       |  [01;31m[K^~~[m[K
[1.646s] [01m[K/home/artjiang/Desktop/mirobot_urdf_ros2/src/mirobot_write_node.cpp:53:2:[m[K [01;31m[Kerror: [m[K‘[01m[Kros[m[K’ has not been declared
[1.646s]    53 |  [01;31m[Kros[m[K::Rate loop_rate(20);//指定了频率为20Hz
[1.646s]       |  [01;31m[K^~~[m[K
[1.646s] [01m[K/home/artjiang/Desktop/mirobot_urdf_ros2/src/mirobot_write_node.cpp:63:3:[m[K [01;31m[Kerror: [m[K‘[01m[KROS_INFO_STREAM[m[K’ was not declared in this scope; did you mean ‘[01m[KRCLCPP_INFO_STREAM[m[K’?
[1.646s]    63 |   [01;31m[KROS_INFO_STREAM[m[K("Port has been open successfully");
[1.646s]       |   [01;31m[K^~~~~~~~~~~~~~~[m[K
[1.646s]       |   [32m[KRCLCPP_INFO_STREAM[m[K
[1.648s] [01m[K/home/artjiang/Desktop/mirobot_urdf_ros2/src/mirobot_write_node.cpp:67:3:[m[K [01;31m[Kerror: [m[K‘[01m[KROS_ERROR_STREAM[m[K’ was not declared in this scope; did you mean ‘[01m[KRCLCPP_ERROR_STREAM[m[K’?
[1.648s]    67 |   [01;31m[KROS_ERROR_STREAM[m[K("Unable to open port");
[1.648s]       |   [01;31m[K^~~~~~~~~~~~~~~~[m[K
[1.648s]       |   [32m[KRCLCPP_ERROR_STREAM[m[K
[1.648s] [01m[K/home/artjiang/Desktop/mirobot_urdf_ros2/src/mirobot_write_node.cpp:73:3:[m[K [01;31m[Kerror: [m[K‘[01m[Kros[m[K’ has not been declared
[1.648s]    73 |   [01;31m[Kros[m[K::Duration(1).sleep();
[1.648s]       |   [01;31m[K^~~[m[K
[1.649s] [01m[K/home/artjiang/Desktop/mirobot_urdf_ros2/src/mirobot_write_node.cpp:74:3:[m[K [01;31m[Kerror: [m[K‘[01m[KROS_INFO_STREAM[m[K’ was not declared in this scope; did you mean ‘[01m[KRCLCPP_INFO_STREAM[m[K’?
[1.649s]    74 |   [01;31m[KROS_INFO_STREAM[m[K("Attach and wait for commands");
[1.649s]       |   [01;31m[K^~~~~~~~~~~~~~~[m[K
[1.649s]       |   [32m[KRCLCPP_INFO_STREAM[m[K
[1.650s] [01m[K/home/artjiang/Desktop/mirobot_urdf_ros2/src/mirobot_write_node.cpp:77:9:[m[K [01;31m[Kerror: [m[K‘[01m[Kros[m[K’ has not been declared
[1.650s]    77 |  while ([01;31m[Kros[m[K::ok())
[1.650s]       |         [01;31m[K^~~[m[K
[1.650s] [01m[K/home/artjiang/Desktop/mirobot_urdf_ros2/src/mirobot_write_node.cpp:79:3:[m[K [01;31m[Kerror: [m[K‘[01m[Kros[m[K’ has not been declared
[1.650s]    79 |   [01;31m[Kros[m[K::spinOnce();
[1.650s]       |   [01;31m[K^~~[m[K
[1.650s] [01m[K/home/artjiang/Desktop/mirobot_urdf_ros2/src/mirobot_write_node.cpp:80:3:[m[K [01;31m[Kerror: [m[K‘[01m[Kloop_rate[m[K’ was not declared in this scope
[1.651s]    80 |   [01;31m[Kloop_rate[m[K.sleep();
[1.651s]       |   [01;31m[K^~~~~~~~~[m[K
[2.215s] make[2]: *** [CMakeFiles/mirobot_write_node.dir/build.make:63: CMakeFiles/mirobot_write_node.dir/src/mirobot_write_node.cpp.o] Error 1
[2.215s] make[1]: *** [CMakeFiles/Makefile2:78: CMakeFiles/mirobot_write_node.dir/all] Error 2
[2.215s] make: *** [Makefile:141: all] Error 2
[2.218s] Invoked command in '/home/artjiang/Desktop/mirobot_urdf_ros2/build/mirobot_urdf_ros2' returned '2': CMAKE_PREFIX_PATH=${CMAKE_PREFIX_PATH}:/opt/ros/galactic /usr/bin/cmake --build /home/artjiang/Desktop/mirobot_urdf_ros2/build/mirobot_urdf_ros2 -- -j2 -l2
