[0.016s] Invoking command in '/home/artjiang/Desktop/mirobot_urdf_ros2/build/mirobot_urdf_ros2': CMAKE_PREFIX_PATH=/opt/ros/galactic /usr/bin/cmake /home/artjiang/Desktop/mirobot_urdf_ros2 -DCMAKE_INSTALL_PREFIX=/home/artjiang/Desktop/mirobot_urdf_ros2/install/mirobot_urdf_ros2
[0.083s] -- The C compiler identification is GNU 9.4.0
[0.143s] -- The CXX compiler identification is GNU 9.4.0
[0.148s] -- Check for working C compiler: /usr/bin/cc
[0.224s] -- Check for working C compiler: /usr/bin/cc -- works
[0.224s] -- Detecting C compiler ABI info
[0.299s] -- Detecting C compiler ABI info - done
[0.311s] -- Detecting C compile features
[0.311s] -- Detecting C compile features - done
[0.314s] -- Check for working CXX compiler: /usr/bin/c++
[0.400s] -- Check for working CXX compiler: /usr/bin/c++ -- works
[0.401s] -- Detecting CXX compiler ABI info
[0.475s] -- Detecting CXX compiler ABI info - done
[0.485s] -- Detecting CXX compile features
[0.486s] -- Detecting CXX compile features - done
[0.487s] -- Found ament_cmake: 1.1.5 (/opt/ros/galactic/share/ament_cmake/cmake)
[0.507s] -- Found PythonInterp: /usr/bin/python3 (found suitable version "3.8.10", minimum required is "3") 
[0.507s] -- Using PYTHON_EXECUTABLE: /usr/bin/python3
[0.570s] -- Found rclcpp: 9.2.0 (/opt/ros/galactic/share/rclcpp/cmake)
[0.608s] -- Using all available rosidl_typesupport_c: rosidl_typesupport_fastrtps_c;rosidl_typesupport_introspection_c
[0.613s] -- Found rosidl_adapter: 2.2.1 (/opt/ros/galactic/share/rosidl_adapter/cmake)
[0.688s] -- Found OpenSSL: /usr/lib/x86_64-linux-gnu/libcrypto.so (found version "1.1.1f")  
[0.715s] -- Found FastRTPS: /opt/ros/galactic/include  
[0.793s] -- Using all available rosidl_typesupport_cpp: rosidl_typesupport_fastrtps_cpp;rosidl_typesupport_introspection_cpp
[0.858s] -- Found rmw_implementation_cmake: 3.3.1 (/opt/ros/galactic/share/rmw_implementation_cmake/cmake)
[0.862s] -- Found rmw_cyclonedds_cpp: 0.22.4 (/opt/ros/galactic/share/rmw_cyclonedds_cpp/cmake)
[0.880s] -- Using RMW implementation 'rmw_cyclonedds_cpp' as default
[0.881s] -- Looking for pthread.h
[0.962s] -- Looking for pthread.h - found
[0.962s] -- Performing Test CMAKE_HAVE_LIBC_PTHREAD
[1.042s] -- Performing Test CMAKE_HAVE_LIBC_PTHREAD - Failed
[1.042s] -- Looking for pthread_create in pthreads
[1.098s] -- Looking for pthread_create in pthreads - not found
[1.099s] -- Looking for pthread_create in pthread
[1.175s] -- Looking for pthread_create in pthread - found
[1.177s] -- Found Threads: TRUE  
[1.314s] -- Found rclcpp_action: 9.2.0 (/opt/ros/galactic/share/rclcpp_action/cmake)
[1.386s] -- Found rosidl_default_generators: 1.1.1 (/opt/ros/galactic/share/rosidl_default_generators/cmake)
[1.396s] -- Found std_srvs: 2.2.4 (/opt/ros/galactic/share/std_srvs/cmake)
[1.409s] -- Found robot_state_publisher: 2.5.3 (/opt/ros/galactic/share/robot_state_publisher/cmake)
[1.416s] -- Found eigen3_cmake_module: 0.1.1 (/opt/ros/galactic/share/eigen3_cmake_module/cmake)
[1.420s] -- Found Eigen3: TRUE (found version "3.3.7") 
[1.900s] CMake Error at CMakeLists.txt:20 (find_package):
[1.900s]   By not providing "Findrviz.cmake" in CMAKE_MODULE_PATH this project has
[1.900s]   asked CMake to find a package configuration file provided by "rviz", but
[1.901s]   CMake did not find one.
[1.901s] 
[1.901s]   Could not find a package configuration file provided by "rviz" with any of
[1.901s]   the following names:
[1.901s] 
[1.901s]     rvizConfig.cmake
[1.901s]     rviz-config.cmake
[1.901s] 
[1.901s]   Add the installation prefix of "rviz" to CMAKE_PREFIX_PATH or set
[1.901s]   "rviz_DIR" to a directory containing one of the above files.  If "rviz"
[1.901s]   provides a separate development package or SDK, be sure it has been
[1.901s]   installed.
[1.901s] 
[1.901s] 
[1.903s] -- Configuring incomplete, errors occurred!
[1.903s] See also "/home/artjiang/Desktop/mirobot_urdf_ros2/build/mirobot_urdf_ros2/CMakeFiles/CMakeOutput.log".
[1.903s] See also "/home/artjiang/Desktop/mirobot_urdf_ros2/build/mirobot_urdf_ros2/CMakeFiles/CMakeError.log".
[1.909s] Invoked command in '/home/artjiang/Desktop/mirobot_urdf_ros2/build/mirobot_urdf_ros2' returned '1': CMAKE_PREFIX_PATH=/opt/ros/galactic /usr/bin/cmake /home/artjiang/Desktop/mirobot_urdf_ros2 -DCMAKE_INSTALL_PREFIX=/home/artjiang/Desktop/mirobot_urdf_ros2/install/mirobot_urdf_ros2
