[0.120s] DEBUG:colcon:Command line arguments: ['/usr/bin/colcon', 'build']
[0.120s] DEBUG:colcon:Parsed command line arguments: Namespace(allow_overriding=[], ament_cmake_args=None, base_paths=['.'], build_base='build', catkin_cmake_args=None, catkin_skip_building_tests=False, cmake_args=None, cmake_clean_cache=False, cmake_clean_first=False, cmake_force_configure=False, cmake_target=None, cmake_target_skip_unavailable=False, continue_on_error=False, event_handlers=None, executor='parallel', ignore_user_meta=False, install_base='install', log_base=None, log_level=None, main=<bound method BuildVerb.main of <colcon_core.verb.build.BuildVerb object at 0x7fbfac163070>>, merge_install=False, metas=['./colcon.meta'], packages_above=None, packages_above_and_dependencies=None, packages_above_depth=None, packages_end=None, packages_ignore=None, packages_ignore_regex=None, packages_select=None, packages_select_build_failed=False, packages_select_by_dep=None, packages_select_regex=None, packages_select_test_failures=False, packages_skip=None, packages_skip_build_finished=False, packages_skip_by_dep=None, packages_skip_regex=None, packages_skip_test_passed=False, packages_skip_up_to=None, packages_start=None, packages_up_to=None, packages_up_to_regex=None, parallel_workers=2, paths=None, symlink_install=False, test_result_base=None, verb_extension=<colcon_core.verb.build.BuildVerb object at 0x7fbfac163070>, verb_name='build', verb_parser=<colcon_defaults.argument_parser.defaults.DefaultArgumentsDecorator object at 0x7fbfac1635b0>)
[0.142s] Level 1:colcon.colcon_core.package_discovery:discover_packages(colcon_meta) check parameters
[0.142s] Level 1:colcon.colcon_core.package_discovery:discover_packages(recursive) check parameters
[0.142s] Level 1:colcon.colcon_core.package_discovery:discover_packages(ignore) check parameters
[0.142s] Level 1:colcon.colcon_core.package_discovery:discover_packages(path) check parameters
[0.142s] Level 1:colcon.colcon_core.package_discovery:discover_packages(colcon_meta) discover
[0.142s] Level 1:colcon.colcon_core.package_discovery:discover_packages(recursive) discover
[0.142s] INFO:colcon.colcon_core.package_discovery:Crawling recursively for packages in '/home/artjiang/Desktop/mirobot_urdf_ros2'
[0.143s] Level 1:colcon.colcon_core.package_identification:_identify(.) by extensions ['ignore', 'ignore_ament_install']
[0.143s] Level 1:colcon.colcon_core.package_identification:_identify(.) by extension 'ignore'
[0.143s] Level 1:colcon.colcon_core.package_identification:_identify(.) by extension 'ignore_ament_install'
[0.143s] Level 1:colcon.colcon_core.package_identification:_identify(.) by extensions ['colcon_pkg']
[0.143s] Level 1:colcon.colcon_core.package_identification:_identify(.) by extension 'colcon_pkg'
[0.143s] Level 1:colcon.colcon_core.package_identification:_identify(.) by extensions ['colcon_meta']
[0.143s] Level 1:colcon.colcon_core.package_identification:_identify(.) by extension 'colcon_meta'
[0.143s] Level 1:colcon.colcon_core.package_identification:_identify(.) by extensions ['ros']
[0.143s] Level 1:colcon.colcon_core.package_identification:_identify(.) by extension 'ros'
[0.155s] DEBUG:colcon.colcon_core.package_identification:Package '.' with type 'ros.ament_cmake' and name 'mirobot_urdf_ros2'
[0.155s] Level 1:colcon.colcon_core.package_discovery:discover_packages(recursive) using defaults
[0.155s] Level 1:colcon.colcon_core.package_discovery:discover_packages(ignore) discover
[0.155s] Level 1:colcon.colcon_core.package_discovery:discover_packages(ignore) using defaults
[0.155s] Level 1:colcon.colcon_core.package_discovery:discover_packages(path) discover
[0.155s] Level 1:colcon.colcon_core.package_discovery:discover_packages(path) using defaults
[0.171s] Level 1:colcon.colcon_core.package_discovery:discover_packages(prefix_path) check parameters
[0.171s] Level 1:colcon.colcon_core.package_discovery:discover_packages(prefix_path) discover
[0.173s] DEBUG:colcon.colcon_installed_package_information.package_discovery:Found 5 installed packages in /home/artjiang/dev_ws/install
[0.174s] DEBUG:colcon.colcon_installed_package_information.package_discovery:Found 7 installed packages in /home/artjiang/ros2_ws/install
[0.175s] DEBUG:colcon.colcon_installed_package_information.package_discovery:Found 282 installed packages in /opt/ros/galactic
[0.177s] Level 1:colcon.colcon_core.package_discovery:discover_packages(prefix_path) using defaults
[0.260s] Level 5:colcon.colcon_core.verb:set package 'mirobot_urdf_ros2' build argument 'cmake_args' from command line to 'None'
[0.261s] Level 5:colcon.colcon_core.verb:set package 'mirobot_urdf_ros2' build argument 'cmake_target' from command line to 'None'
[0.261s] Level 5:colcon.colcon_core.verb:set package 'mirobot_urdf_ros2' build argument 'cmake_target_skip_unavailable' from command line to 'False'
[0.261s] Level 5:colcon.colcon_core.verb:set package 'mirobot_urdf_ros2' build argument 'cmake_clean_cache' from command line to 'False'
[0.261s] Level 5:colcon.colcon_core.verb:set package 'mirobot_urdf_ros2' build argument 'cmake_clean_first' from command line to 'False'
[0.261s] Level 5:colcon.colcon_core.verb:set package 'mirobot_urdf_ros2' build argument 'cmake_force_configure' from command line to 'False'
[0.261s] Level 5:colcon.colcon_core.verb:set package 'mirobot_urdf_ros2' build argument 'ament_cmake_args' from command line to 'None'
[0.261s] Level 5:colcon.colcon_core.verb:set package 'mirobot_urdf_ros2' build argument 'catkin_cmake_args' from command line to 'None'
[0.261s] Level 5:colcon.colcon_core.verb:set package 'mirobot_urdf_ros2' build argument 'catkin_skip_building_tests' from command line to 'False'
[0.261s] DEBUG:colcon.colcon_core.verb:Building package 'mirobot_urdf_ros2' with the following arguments: {'ament_cmake_args': None, 'build_base': '/home/artjiang/Desktop/mirobot_urdf_ros2/build/mirobot_urdf_ros2', 'catkin_cmake_args': None, 'catkin_skip_building_tests': False, 'cmake_args': None, 'cmake_clean_cache': False, 'cmake_clean_first': False, 'cmake_force_configure': False, 'cmake_target': None, 'cmake_target_skip_unavailable': False, 'install_base': '/home/artjiang/Desktop/mirobot_urdf_ros2/install/mirobot_urdf_ros2', 'merge_install': False, 'path': '/home/artjiang/Desktop/mirobot_urdf_ros2', 'symlink_install': False, 'test_result_base': None}
[0.261s] INFO:colcon.colcon_core.executor:Executing jobs using 'parallel' executor
[0.263s] DEBUG:colcon.colcon_parallel_executor.executor.parallel:run_until_complete
[0.263s] INFO:colcon.colcon_ros.task.ament_cmake.build:Building ROS package in '/home/artjiang/Desktop/mirobot_urdf_ros2' with build type 'ament_cmake'
[0.264s] INFO:colcon.colcon_cmake.task.cmake.build:Building CMake package in '/home/artjiang/Desktop/mirobot_urdf_ros2'
[0.267s] INFO:colcon.colcon_core.plugin_system:Skipping extension 'colcon_core.shell.bat': Not used on non-Windows systems
[0.267s] INFO:colcon.colcon_core.shell:Skip shell extension 'powershell' for command environment: Not usable outside of PowerShell
[0.267s] DEBUG:colcon.colcon_core.shell:Skip shell extension 'dsv' for command environment
[0.290s] DEBUG:colcon.colcon_core.event_handler.log_command:Invoking command in '/home/artjiang/Desktop/mirobot_urdf_ros2/build/mirobot_urdf_ros2': CMAKE_PREFIX_PATH=${CMAKE_PREFIX_PATH}:/opt/ros/galactic /usr/bin/cmake --build /home/artjiang/Desktop/mirobot_urdf_ros2/build/mirobot_urdf_ros2 -- -j2 -l2
[1.322s] DEBUG:colcon.colcon_core.event_handler.log_command:Invoked command in '/home/artjiang/Desktop/mirobot_urdf_ros2/build/mirobot_urdf_ros2' returned '2': CMAKE_PREFIX_PATH=${CMAKE_PREFIX_PATH}:/opt/ros/galactic /usr/bin/cmake --build /home/artjiang/Desktop/mirobot_urdf_ros2/build/mirobot_urdf_ros2 -- -j2 -l2
[1.350s] Level 1:colcon.colcon_core.environment:create_environment_scripts_only(mirobot_urdf_ros2)
[1.353s] Level 1:colcon.colcon_core.environment:checking '/home/artjiang/Desktop/mirobot_urdf_ros2/install/mirobot_urdf_ros2' for CMake module files
[1.354s] Level 1:colcon.colcon_core.environment:checking '/home/artjiang/Desktop/mirobot_urdf_ros2/install/mirobot_urdf_ros2' for CMake config files
[1.354s] Level 1:colcon.colcon_core.environment:checking '/home/artjiang/Desktop/mirobot_urdf_ros2/install/mirobot_urdf_ros2/bin'
[1.354s] Level 1:colcon.colcon_core.environment:checking '/home/artjiang/Desktop/mirobot_urdf_ros2/install/mirobot_urdf_ros2/lib/pkgconfig/mirobot_urdf_ros2.pc'
[1.355s] Level 1:colcon.colcon_core.environment:checking '/home/artjiang/Desktop/mirobot_urdf_ros2/install/mirobot_urdf_ros2/lib/python3.8/site-packages'
[1.355s] INFO:colcon.colcon_core.shell:Creating package script '/home/artjiang/Desktop/mirobot_urdf_ros2/install/mirobot_urdf_ros2/share/mirobot_urdf_ros2/package.ps1'
[1.356s] INFO:colcon.colcon_core.shell:Creating package descriptor '/home/artjiang/Desktop/mirobot_urdf_ros2/install/mirobot_urdf_ros2/share/mirobot_urdf_ros2/package.dsv'
[1.357s] INFO:colcon.colcon_core.shell:Creating package script '/home/artjiang/Desktop/mirobot_urdf_ros2/install/mirobot_urdf_ros2/share/mirobot_urdf_ros2/package.sh'
[1.358s] INFO:colcon.colcon_core.shell:Creating package script '/home/artjiang/Desktop/mirobot_urdf_ros2/install/mirobot_urdf_ros2/share/mirobot_urdf_ros2/package.bash'
[1.358s] INFO:colcon.colcon_core.shell:Creating package script '/home/artjiang/Desktop/mirobot_urdf_ros2/install/mirobot_urdf_ros2/share/mirobot_urdf_ros2/package.zsh'
[1.359s] Level 1:colcon.colcon_core.environment:create_file_with_runtime_dependencies(/home/artjiang/Desktop/mirobot_urdf_ros2/install/mirobot_urdf_ros2/share/colcon-core/packages/mirobot_urdf_ros2)
[1.370s] DEBUG:colcon.colcon_parallel_executor.executor.parallel:closing loop
[1.370s] DEBUG:colcon.colcon_parallel_executor.executor.parallel:loop closed
[1.371s] DEBUG:colcon.colcon_parallel_executor.executor.parallel:run_until_complete finished with '2'
[1.371s] DEBUG:colcon.colcon_core.event_reactor:joining thread
[1.377s] INFO:colcon.colcon_core.plugin_system:Skipping extension 'colcon_notification.desktop_notification.terminal_notifier': Not used on non-Darwin systems
[1.377s] INFO:colcon.colcon_core.plugin_system:Skipping extension 'colcon_notification.desktop_notification.win32': Not used on non-Windows systems
[1.377s] INFO:colcon.colcon_notification.desktop_notification:Sending desktop notification using 'notify2'
[1.398s] DEBUG:colcon.colcon_core.event_reactor:joined thread
[1.399s] INFO:colcon.colcon_core.shell:Creating prefix script '/home/artjiang/Desktop/mirobot_urdf_ros2/install/local_setup.ps1'
[1.400s] INFO:colcon.colcon_core.shell:Creating prefix util module '/home/artjiang/Desktop/mirobot_urdf_ros2/install/_local_setup_util_ps1.py'
[1.401s] INFO:colcon.colcon_core.shell:Creating prefix chain script '/home/artjiang/Desktop/mirobot_urdf_ros2/install/setup.ps1'
[1.403s] INFO:colcon.colcon_core.shell:Creating prefix script '/home/artjiang/Desktop/mirobot_urdf_ros2/install/local_setup.sh'
[1.404s] INFO:colcon.colcon_core.shell:Creating prefix util module '/home/artjiang/Desktop/mirobot_urdf_ros2/install/_local_setup_util_sh.py'
[1.404s] INFO:colcon.colcon_core.shell:Creating prefix chain script '/home/artjiang/Desktop/mirobot_urdf_ros2/install/setup.sh'
[1.406s] INFO:colcon.colcon_core.shell:Creating prefix script '/home/artjiang/Desktop/mirobot_urdf_ros2/install/local_setup.bash'
[1.407s] INFO:colcon.colcon_core.shell:Creating prefix chain script '/home/artjiang/Desktop/mirobot_urdf_ros2/install/setup.bash'
[1.409s] INFO:colcon.colcon_core.shell:Creating prefix script '/home/artjiang/Desktop/mirobot_urdf_ros2/install/local_setup.zsh'
[1.409s] INFO:colcon.colcon_core.shell:Creating prefix chain script '/home/artjiang/Desktop/mirobot_urdf_ros2/install/setup.zsh'
