[01m[K/home/artjiang/Desktop/mirobot_urdf_ros2/src/mirobot_write_node.cpp:110:[m[K [01;31m[Kerror: [m[Kunterminated argument list invoking macro "RCLCPP_INFO"
  110 | 
      | 
[01m[K/home/artjiang/Desktop/mirobot_urdf_ros2/src/mirobot_write_node.cpp:55:3:[m[K [01;31m[Kerror: [m[Kexpected ‘[01m[K}[m[K’ at end of input
   55 |   [01;31m[KRCLCPP_INFO[m[K((rclcpp::get_logger("I heard,"),"Art Jiang: %s", Gcode.c_str());
      |   [01;31m[K^~~~~~~~~~~[m[K
[01m[K/home/artjiang/Desktop/mirobot_urdf_ros2/src/mirobot_write_node.cpp:27:1:[m[K [01;36m[Knote: [m[Kto match this ‘[01m[K{[m[K’
   27 | [01;36m[K{[m[K
      | [01;36m[K^[m[K
[01m[K/home/artjiang/Desktop/mirobot_urdf_ros2/src/mirobot_write_node.cpp:[m[K In constructor ‘[01m[KMirobotWriteNode::MirobotWriteNode()[m[K’:
[01m[K/home/artjiang/Desktop/mirobot_urdf_ros2/src/mirobot_write_node.cpp:32:7:[m[K [01;31m[Kerror: [m[K‘[01m[Ksubscription_[m[K’ was not declared in this scope; did you mean ‘[01m[Krcl_subscription_t[m[K’?
   32 |       [01;31m[Ksubscription_[m[K = this->create_subscription<std_msgs::msg::String>(
      |       [01;31m[K^~~~~~~~~~~~~[m[K
      |       [32m[Krcl_subscription_t[m[K
[01m[K/home/artjiang/Desktop/mirobot_urdf_ros2/src/mirobot_write_node.cpp:[m[K In member function ‘[01m[Kvoid MirobotWriteNode::angle_write_callback(const JointState&)[m[K’:
[01m[K/home/artjiang/Desktop/mirobot_urdf_ros2/src/mirobot_write_node.cpp:55:3:[m[K [01;31m[Kerror: [m[K‘[01m[KRCLCPP_INFO[m[K’ was not declared in this scope
   55 |   [01;31m[KRCLCPP_INFO[m[K((rclcpp::get_logger("I heard,"),"Art Jiang: %s", Gcode.c_str());
      |   [01;31m[K^~~~~~~~~~~[m[K
[01m[K/home/artjiang/Desktop/mirobot_urdf_ros2/src/mirobot_write_node.cpp:55:3:[m[K [01;31m[Kerror: [m[Kexpected ‘[01m[K}[m[K’ at end of input
[01m[K/home/artjiang/Desktop/mirobot_urdf_ros2/src/mirobot_write_node.cpp:38:2:[m[K [01;36m[Knote: [m[Kto match this ‘[01m[K{[m[K’
   38 |  [01;36m[K{[m[K
      |  [01;36m[K^[m[K
[01m[K/home/artjiang/Desktop/mirobot_urdf_ros2/src/mirobot_write_node.cpp:[m[K At global scope:
[01m[K/home/artjiang/Desktop/mirobot_urdf_ros2/src/mirobot_write_node.cpp:55:3:[m[K [01;31m[Kerror: [m[Kexpected unqualified-id at end of input
   55 |   [01;31m[KRCLCPP_INFO[m[K((rclcpp::get_logger("I heard,"),"Art Jiang: %s", Gcode.c_str());
      |   [01;31m[K^~~~~~~~~~~[m[K
make[2]: *** [CMakeFiles/mirobot_write_node.dir/build.make:63: CMakeFiles/mirobot_write_node.dir/src/mirobot_write_node.cpp.o] Error 1
make[1]: *** [CMakeFiles/Makefile2:78: CMakeFiles/mirobot_write_node.dir/all] Error 2
make: *** [Makefile:141: all] Error 2
