[0.021s] Invoking command in '/home/artjiang/Desktop/mirobot_urdf_ros2/build/mirobot_urdf_ros2': CMAKE_PREFIX_PATH=${CMAKE_PREFIX_PATH}:/opt/ros/galactic /usr/bin/cmake --build /home/artjiang/Desktop/mirobot_urdf_ros2/build/mirobot_urdf_ros2 -- -j2 -l2
[0.078s] [35m[1mScanning dependencies of target mirobot_write_node[0m
[0.147s] [ 50%] [32mBuilding CXX object CMakeFiles/mirobot_write_node.dir/src/mirobot_write_node.cpp.o[0m
[0.296s] [01m[K/home/artjiang/Desktop/mirobot_urdf_ros2/src/mirobot_write_node.cpp:92:55:[m[K [01;31m[Kerror: [m[Kmacro "RCLCPP_INFO_STREAM" requires 2 arguments, but only 1 given
[0.296s]    92 |   RCLCPP_INFO_STREAM("Port has been open successfully"[01;31m[K)[m[K;
[0.296s]       |                                                       [01;31m[K^[m[K
[0.296s] In file included from [01m[K/opt/ros/galactic/include/rclcpp/service.hpp:34[m[K,
[0.296s]                  from [01m[K/opt/ros/galactic/include/rclcpp/callback_group.hpp:25[m[K,
[0.296s]                  from [01m[K/opt/ros/galactic/include/rclcpp/any_executable.hpp:20[m[K,
[0.297s]                  from [01m[K/opt/ros/galactic/include/rclcpp/memory_strategy.hpp:25[m[K,
[0.297s]                  from [01m[K/opt/ros/galactic/include/rclcpp/memory_strategies.hpp:18[m[K,
[0.297s]                  from [01m[K/opt/ros/galactic/include/rclcpp/executor_options.hpp:20[m[K,
[0.297s]                  from [01m[K/opt/ros/galactic/include/rclcpp/executor.hpp:36[m[K,
[0.297s]                  from [01m[K/opt/ros/galactic/include/rclcpp/executors/multi_threaded_executor.hpp:26[m[K,
[0.297s]                  from [01m[K/opt/ros/galactic/include/rclcpp/executors.hpp:21[m[K,
[0.297s]                  from [01m[K/opt/ros/galactic/include/rclcpp/rclcpp.hpp:156[m[K,
[0.297s]                  from [01m[K/home/artjiang/Desktop/mirobot_urdf_ros2/src/mirobot_write_node.cpp:6[m[K:
[0.297s] [01m[K/opt/ros/galactic/include/rclcpp/logging.hpp:722:[m[K [01;36m[Knote: [m[Kmacro "RCLCPP_INFO_STREAM" defined here
[0.297s]   722 | #define RCLCPP_INFO_STREAM(logger, stream_arg) \
[0.297s]       | 
[0.297s] [01m[K/home/artjiang/Desktop/mirobot_urdf_ros2/src/mirobot_write_node.cpp:103:52:[m[K [01;31m[Kerror: [m[Kmacro "RCLCPP_INFO_STREAM" requires 2 arguments, but only 1 given
[0.297s]   103 |   RCLCPP_INFO_STREAM("Attach and wait for commands"[01;31m[K)[m[K;
[0.298s]       |                                                    [01;31m[K^[m[K
[0.298s] In file included from [01m[K/opt/ros/galactic/include/rclcpp/service.hpp:34[m[K,
[0.298s]                  from [01m[K/opt/ros/galactic/include/rclcpp/callback_group.hpp:25[m[K,
[0.298s]                  from [01m[K/opt/ros/galactic/include/rclcpp/any_executable.hpp:20[m[K,
[0.298s]                  from [01m[K/opt/ros/galactic/include/rclcpp/memory_strategy.hpp:25[m[K,
[0.298s]                  from [01m[K/opt/ros/galactic/include/rclcpp/memory_strategies.hpp:18[m[K,
[0.298s]                  from [01m[K/opt/ros/galactic/include/rclcpp/executor_options.hpp:20[m[K,
[0.298s]                  from [01m[K/opt/ros/galactic/include/rclcpp/executor.hpp:36[m[K,
[0.298s]                  from [01m[K/opt/ros/galactic/include/rclcpp/executors/multi_threaded_executor.hpp:26[m[K,
[0.298s]                  from [01m[K/opt/ros/galactic/include/rclcpp/executors.hpp:21[m[K,
[0.298s]                  from [01m[K/opt/ros/galactic/include/rclcpp/rclcpp.hpp:156[m[K,
[0.298s]                  from [01m[K/home/artjiang/Desktop/mirobot_urdf_ros2/src/mirobot_write_node.cpp:6[m[K:
[0.298s] [01m[K/opt/ros/galactic/include/rclcpp/logging.hpp:722:[m[K [01;36m[Knote: [m[Kmacro "RCLCPP_INFO_STREAM" defined here
[0.299s]   722 | #define RCLCPP_INFO_STREAM(logger, stream_arg) \
[0.299s]       | 
[1.913s] [01m[K/home/artjiang/Desktop/mirobot_urdf_ros2/src/mirobot_write_node.cpp:[m[K In constructor ‘[01m[KMirobotWriteNode::MirobotWriteNode(std::string)[m[K’:
[1.914s] [01m[K/home/artjiang/Desktop/mirobot_urdf_ros2/src/mirobot_write_node.cpp:36:87:[m[K [01;31m[Kerror: [m[Kno match for ‘[01m[Koperator=[m[K’ (operand types are ‘[01m[Krclcpp::Subscription<std_msgs::msg::String_<std::allocator<void> > >::SharedPtr[m[K’ {aka ‘[01m[Kstd::shared_ptr<rclcpp::Subscription<std_msgs::msg::String_<std::allocator<void> > > >[m[K’} and ‘[01m[Kstd::shared_ptr<rclcpp::Subscription<sensor_msgs::msg::JointState_<std::allocator<void> >, std::allocator<void>, rclcpp::message_memory_strategy::MessageMemoryStrategy<sensor_msgs::msg::JointState_<std::allocator<void> >, std::allocator<void> > > >[m[K’)
[1.914s]    36 |       "/joint_states", 1, std::bind(&MirobotWriteNode::angle_write_callback, this, _1)[01;31m[K)[m[K;
[1.914s]       |                                                                                       [01;31m[K^[m[K
[1.914s] In file included from [01m[K/usr/include/c++/9/memory:81[m[K,
[1.914s]                  from [01m[K/home/artjiang/Desktop/mirobot_urdf_ros2/src/mirobot_write_node.cpp:4[m[K:
[1.914s] [01m[K/usr/include/c++/9/bits/shared_ptr.h:309:19:[m[K [01;36m[Knote: [m[Kcandidate: ‘[01m[Kstd::shared_ptr<_Tp>& std::shared_ptr<_Tp>::operator=(const std::shared_ptr<_Tp>&) [with _Tp = rclcpp::Subscription<std_msgs::msg::String_<std::allocator<void> > >][m[K’
[1.914s]   309 |       shared_ptr& [01;36m[Koperator[m[K=(const shared_ptr&) noexcept = default;
[1.914s]       |                   [01;36m[K^~~~~~~~[m[K
[1.914s] [01m[K/usr/include/c++/9/bits/shared_ptr.h:309:29:[m[K [01;36m[Knote: [m[K  no known conversion for argument 1 from ‘[01m[Kstd::shared_ptr<rclcpp::Subscription<sensor_msgs::msg::JointState_<std::allocator<void> >, std::allocator<void>, rclcpp::message_memory_strategy::MessageMemoryStrategy<sensor_msgs::msg::JointState_<std::allocator<void> >, std::allocator<void> > > >[m[K’ to ‘[01m[Kconst std::shared_ptr<rclcpp::Subscription<std_msgs::msg::String_<std::allocator<void> > > >&[m[K’
[1.914s]   309 |       shared_ptr& operator=([01;36m[Kconst shared_ptr&[m[K) noexcept = default;
[1.914s]       |                             [01;36m[K^~~~~~~~~~~~~~~~~[m[K
[1.915s] [01m[K/usr/include/c++/9/bits/shared_ptr.h:313:2:[m[K [01;36m[Knote: [m[Kcandidate: ‘[01m[Ktemplate<class _Yp> std::shared_ptr<_Tp>::_Assignable<const std::shared_ptr<_Yp>&> std::shared_ptr<_Tp>::operator=(const std::shared_ptr<_Yp>&) [with _Yp = _Yp; _Tp = rclcpp::Subscription<std_msgs::msg::String_<std::allocator<void> > >][m[K’
[1.915s]   313 |  [01;36m[Koperator[m[K=(const shared_ptr<_Yp>& __r) noexcept
[1.915s]       |  [01;36m[K^~~~~~~~[m[K
[1.915s] [01m[K/usr/include/c++/9/bits/shared_ptr.h:313:2:[m[K [01;36m[Knote: [m[K  template argument deduction/substitution failed:
[1.915s] /usr/include/c++/9/bits/shared_ptr.h: In substitution of ‘[01m[Ktemplate<class _Tp> template<class _Arg> using _Assignable = typename std::enable_if<std::is_assignable<std::__shared_ptr<_Tp>&, _Arg>::value, std::shared_ptr<_Tp>&>::type [with _Arg = const std::shared_ptr<rclcpp::Subscription<sensor_msgs::msg::JointState_<std::allocator<void> >, std::allocator<void>, rclcpp::message_memory_strategy::MessageMemoryStrategy<sensor_msgs::msg::JointState_<std::allocator<void> >, std::allocator<void> > > >&; _Tp = rclcpp::Subscription<std_msgs::msg::String_<std::allocator<void> > >][m[K’:
[1.915s] [01m[K/usr/include/c++/9/bits/shared_ptr.h:313:2:[m[K   required by substitution of ‘[01m[Ktemplate<class _Yp> std::shared_ptr<rclcpp::Subscription<std_msgs::msg::String_<std::allocator<void> > > >::_Assignable<const std::shared_ptr<_Tp>&> std::shared_ptr<rclcpp::Subscription<std_msgs::msg::String_<std::allocator<void> > > >::operator=<_Yp>(const std::shared_ptr<_Tp>&) [with _Yp = rclcpp::Subscription<sensor_msgs::msg::JointState_<std::allocator<void> >, std::allocator<void>, rclcpp::message_memory_strategy::MessageMemoryStrategy<sensor_msgs::msg::JointState_<std::allocator<void> >, std::allocator<void> > >][m[K’
[1.915s] [01m[K/home/artjiang/Desktop/mirobot_urdf_ros2/src/mirobot_write_node.cpp:36:87:[m[K   required from here
[1.915s] [01m[K/usr/include/c++/9/bits/shared_ptr.h:111:8:[m[K [01;31m[Kerror: [m[Kno type named ‘[01m[Ktype[m[K’ in ‘[01m[Kstruct std::enable_if<false, std::shared_ptr<rclcpp::Subscription<std_msgs::msg::String_<std::allocator<void> > > >&>[m[K’
[1.915s]   111 |  using [01;31m[K_Assignable[m[K = typename enable_if<
[1.915s]       |        [01;31m[K^~~~~~~~~~~[m[K
[1.915s] [01m[K/usr/include/c++/9/bits/shared_ptr.h:324:2:[m[K [01;36m[Knote: [m[Kcandidate: ‘[01m[Ktemplate<class _Yp> std::shared_ptr<_Tp>::_Assignable<std::auto_ptr<_Up> > std::shared_ptr<_Tp>::operator=(std::auto_ptr<_Up>&&) [with _Yp = _Yp; _Tp = rclcpp::Subscription<std_msgs::msg::String_<std::allocator<void> > >][m[K’
[1.915s]   324 |  [01;36m[Koperator[m[K=(auto_ptr<_Yp>&& __r)
[1.915s]       |  [01;36m[K^~~~~~~~[m[K
[1.916s] [01m[K/usr/include/c++/9/bits/shared_ptr.h:324:2:[m[K [01;36m[Knote: [m[K  template argument deduction/substitution failed:
[1.916s] [01m[K/home/artjiang/Desktop/mirobot_urdf_ros2/src/mirobot_write_node.cpp:36:87:[m[K [01;36m[Knote: [m[K  ‘[01m[Kstd::shared_ptr<rclcpp::Subscription<sensor_msgs::msg::JointState_<std::allocator<void> >, std::allocator<void>, rclcpp::message_memory_strategy::MessageMemoryStrategy<sensor_msgs::msg::JointState_<std::allocator<void> >, std::allocator<void> > > >[m[K’ is not derived from ‘[01m[Kstd::auto_ptr<_Up>[m[K’
[1.916s]    36 |       "/joint_states", 1, std::bind(&MirobotWriteNode::angle_write_callback, this, _1)[01;36m[K)[m[K;
[1.916s]       |                                                                                       [01;36m[K^[m[K
[1.916s] In file included from [01m[K/usr/include/c++/9/memory:81[m[K,
[1.916s]                  from [01m[K/home/artjiang/Desktop/mirobot_urdf_ros2/src/mirobot_write_node.cpp:4[m[K:
[1.916s] [01m[K/usr/include/c++/9/bits/shared_ptr.h:333:7:[m[K [01;36m[Knote: [m[Kcandidate: ‘[01m[Kstd::shared_ptr<_Tp>& std::shared_ptr<_Tp>::operator=(std::shared_ptr<_Tp>&&) [with _Tp = rclcpp::Subscription<std_msgs::msg::String_<std::allocator<void> > >][m[K’
[1.916s]   333 |       [01;36m[Koperator[m[K=(shared_ptr&& __r) noexcept
[1.916s]       |       [01;36m[K^~~~~~~~[m[K
[1.916s] [01m[K/usr/include/c++/9/bits/shared_ptr.h:333:30:[m[K [01;36m[Knote: [m[K  no known conversion for argument 1 from ‘[01m[Kstd::shared_ptr<rclcpp::Subscription<sensor_msgs::msg::JointState_<std::allocator<void> >, std::allocator<void>, rclcpp::message_memory_strategy::MessageMemoryStrategy<sensor_msgs::msg::JointState_<std::allocator<void> >, std::allocator<void> > > >[m[K’ to ‘[01m[Kstd::shared_ptr<rclcpp::Subscription<std_msgs::msg::String_<std::allocator<void> > > >&&[m[K’
[1.916s]   333 |       operator=([01;36m[Kshared_ptr&& __r[m[K) noexcept
[1.916s]       |                 [01;36m[K~~~~~~~~~~~~~^~~[m[K
[1.916s] [01m[K/usr/include/c++/9/bits/shared_ptr.h:341:2:[m[K [01;36m[Knote: [m[Kcandidate: ‘[01m[Ktemplate<class _Yp> std::shared_ptr<_Tp>::_Assignable<std::shared_ptr<_Yp> > std::shared_ptr<_Tp>::operator=(std::shared_ptr<_Yp>&&) [with _Yp = _Yp; _Tp = rclcpp::Subscription<std_msgs::msg::String_<std::allocator<void> > >][m[K’
[1.916s]   341 |  [01;36m[Koperator[m[K=(shared_ptr<_Yp>&& __r) noexcept
[1.916s]       |  [01;36m[K^~~~~~~~[m[K
[1.916s] [01m[K/usr/include/c++/9/bits/shared_ptr.h:341:2:[m[K [01;36m[Knote: [m[K  template argument deduction/substitution failed:
[1.917s] /usr/include/c++/9/bits/shared_ptr.h: In substitution of ‘[01m[Ktemplate<class _Tp> template<class _Arg> using _Assignable = typename std::enable_if<std::is_assignable<std::__shared_ptr<_Tp>&, _Arg>::value, std::shared_ptr<_Tp>&>::type [with _Arg = std::shared_ptr<rclcpp::Subscription<sensor_msgs::msg::JointState_<std::allocator<void> >, std::allocator<void>, rclcpp::message_memory_strategy::MessageMemoryStrategy<sensor_msgs::msg::JointState_<std::allocator<void> >, std::allocator<void> > > >; _Tp = rclcpp::Subscription<std_msgs::msg::String_<std::allocator<void> > >][m[K’:
[1.917s] [01m[K/usr/include/c++/9/bits/shared_ptr.h:341:2:[m[K   required by substitution of ‘[01m[Ktemplate<class _Yp> std::shared_ptr<rclcpp::Subscription<std_msgs::msg::String_<std::allocator<void> > > >::_Assignable<std::shared_ptr<_Tp> > std::shared_ptr<rclcpp::Subscription<std_msgs::msg::String_<std::allocator<void> > > >::operator=<_Yp>(std::shared_ptr<_Tp>&&) [with _Yp = rclcpp::Subscription<sensor_msgs::msg::JointState_<std::allocator<void> >, std::allocator<void>, rclcpp::message_memory_strategy::MessageMemoryStrategy<sensor_msgs::msg::JointState_<std::allocator<void> >, std::allocator<void> > >][m[K’
[1.917s] [01m[K/home/artjiang/Desktop/mirobot_urdf_ros2/src/mirobot_write_node.cpp:36:87:[m[K   required from here
[1.917s] [01m[K/usr/include/c++/9/bits/shared_ptr.h:111:8:[m[K [01;31m[Kerror: [m[Kno type named ‘[01m[Ktype[m[K’ in ‘[01m[Kstruct std::enable_if<false, std::shared_ptr<rclcpp::Subscription<std_msgs::msg::String_<std::allocator<void> > > >&>[m[K’
[1.917s]   111 |  using [01;31m[K_Assignable[m[K = typename enable_if<
[1.917s]       |        [01;31m[K^~~~~~~~~~~[m[K
[1.917s] [01m[K/usr/include/c++/9/bits/shared_ptr.h:349:2:[m[K [01;36m[Knote: [m[Kcandidate: ‘[01m[Ktemplate<class _Yp, class _Del> std::shared_ptr<_Tp>::_Assignable<std::unique_ptr<_Up, _Ep> > std::shared_ptr<_Tp>::operator=(std::unique_ptr<_Up, _Ep>&&) [with _Yp = _Yp; _Del = _Del; _Tp = rclcpp::Subscription<std_msgs::msg::String_<std::allocator<void> > >][m[K’
[1.917s]   349 |  [01;36m[Koperator[m[K=(unique_ptr<_Yp, _Del>&& __r)
[1.917s]       |  [01;36m[K^~~~~~~~[m[K
[1.917s] [01m[K/usr/include/c++/9/bits/shared_ptr.h:349:2:[m[K [01;36m[Knote: [m[K  template argument deduction/substitution failed:
[1.917s] [01m[K/home/artjiang/Desktop/mirobot_urdf_ros2/src/mirobot_write_node.cpp:36:87:[m[K [01;36m[Knote: [m[K  ‘[01m[Kstd::shared_ptr<rclcpp::Subscription<sensor_msgs::msg::JointState_<std::allocator<void> >, std::allocator<void>, rclcpp::message_memory_strategy::MessageMemoryStrategy<sensor_msgs::msg::JointState_<std::allocator<void> >, std::allocator<void> > > >[m[K’ is not derived from ‘[01m[Kstd::unique_ptr<_Tp, _Dp>[m[K’
[1.917s]    36 |       "/joint_states", 1, std::bind(&MirobotWriteNode::angle_write_callback, this, _1)[01;36m[K)[m[K;
[1.917s]       |                                                                                       [01;36m[K^[m[K
[1.917s] [01m[K/home/artjiang/Desktop/mirobot_urdf_ros2/src/mirobot_write_node.cpp:32:34:[m[K [01;35m[Kwarning: [m[Kunused parameter ‘[01m[Kname[m[K’ [[01;35m[K-Wunused-parameter[m[K]
[1.917s]    32 |     MirobotWriteNode([01;35m[Kstd::string name[m[K)
[1.917s]       |                      [01;35m[K~~~~~~~~~~~~^~~~[m[K
[2.094s] In file included from [01m[K/opt/ros/galactic/include/rclcpp/service.hpp:34[m[K,
[2.094s]                  from [01m[K/opt/ros/galactic/include/rclcpp/callback_group.hpp:25[m[K,
[2.094s]                  from [01m[K/opt/ros/galactic/include/rclcpp/any_executable.hpp:20[m[K,
[2.095s]                  from [01m[K/opt/ros/galactic/include/rclcpp/memory_strategy.hpp:25[m[K,
[2.095s]                  from [01m[K/opt/ros/galactic/include/rclcpp/memory_strategies.hpp:18[m[K,
[2.095s]                  from [01m[K/opt/ros/galactic/include/rclcpp/executor_options.hpp:20[m[K,
[2.095s]                  from [01m[K/opt/ros/galactic/include/rclcpp/executor.hpp:36[m[K,
[2.095s]                  from [01m[K/opt/ros/galactic/include/rclcpp/executors/multi_threaded_executor.hpp:26[m[K,
[2.095s]                  from [01m[K/opt/ros/galactic/include/rclcpp/executors.hpp:21[m[K,
[2.095s]                  from [01m[K/opt/ros/galactic/include/rclcpp/rclcpp.hpp:156[m[K,
[2.095s]                  from [01m[K/home/artjiang/Desktop/mirobot_urdf_ros2/src/mirobot_write_node.cpp:6[m[K:
[2.095s] [01m[K/home/artjiang/Desktop/mirobot_urdf_ros2/src/mirobot_write_node.cpp:[m[K In member function ‘[01m[Kvoid MirobotWriteNode::angle_write_callback(const JointState&)[m[K’:
[2.095s] [01m[K/home/artjiang/Desktop/mirobot_urdf_ros2/src/mirobot_write_node.cpp:58:42:[m[K [01;31m[Kerror: [m[Kno matching function for call to ‘[01m[KMirobotWriteNode::get_logger(const char [9])[m[K’
[2.095s]    58 |   RCLCPP_INFO(this->get_logger("I heard,"[01;31m[K)[m[K,"Art Jiang: %s", Gcode.c_str());
[2.095s]       |                                          [01;31m[K^[m[K
[2.095s] In file included from [01m[K/opt/ros/galactic/include/rclcpp/executors/single_threaded_executor.hpp:28[m[K,
[2.096s]                  from [01m[K/opt/ros/galactic/include/rclcpp/executors.hpp:22[m[K,
[2.096s]                  from [01m[K/opt/ros/galactic/include/rclcpp/rclcpp.hpp:156[m[K,
[2.096s]                  from [01m[K/home/artjiang/Desktop/mirobot_urdf_ros2/src/mirobot_write_node.cpp:6[m[K:
[2.096s] [01m[K/opt/ros/galactic/include/rclcpp/node.hpp:142:3:[m[K [01;36m[Knote: [m[Kcandidate: ‘[01m[Krclcpp::Logger rclcpp::Node::get_logger() const[m[K’
[2.096s]   142 |   [01;36m[Kget_logger[m[K() const;
[2.096s]       |   [01;36m[K^~~~~~~~~~[m[K
[2.096s] [01m[K/opt/ros/galactic/include/rclcpp/node.hpp:142:3:[m[K [01;36m[Knote: [m[K  candidate expects 0 arguments, 1 provided
[2.096s] In file included from [01m[K/opt/ros/galactic/include/rclcpp/service.hpp:34[m[K,
[2.096s]                  from [01m[K/opt/ros/galactic/include/rclcpp/callback_group.hpp:25[m[K,
[2.096s]                  from [01m[K/opt/ros/galactic/include/rclcpp/any_executable.hpp:20[m[K,
[2.096s]                  from [01m[K/opt/ros/galactic/include/rclcpp/memory_strategy.hpp:25[m[K,
[2.096s]                  from [01m[K/opt/ros/galactic/include/rclcpp/memory_strategies.hpp:18[m[K,
[2.096s]                  from [01m[K/opt/ros/galactic/include/rclcpp/executor_options.hpp:20[m[K,
[2.096s]                  from [01m[K/opt/ros/galactic/include/rclcpp/executor.hpp:36[m[K,
[2.096s]                  from [01m[K/opt/ros/galactic/include/rclcpp/executors/multi_threaded_executor.hpp:26[m[K,
[2.097s]                  from [01m[K/opt/ros/galactic/include/rclcpp/executors.hpp:21[m[K,
[2.097s]                  from [01m[K/opt/ros/galactic/include/rclcpp/rclcpp.hpp:156[m[K,
[2.097s]                  from [01m[K/home/artjiang/Desktop/mirobot_urdf_ros2/src/mirobot_write_node.cpp:6[m[K:
[2.097s] [01m[K/home/artjiang/Desktop/mirobot_urdf_ros2/src/mirobot_write_node.cpp:58:42:[m[K [01;31m[Kerror: [m[Kno matching function for call to ‘[01m[KMirobotWriteNode::get_logger(const char [9])[m[K’
[2.097s]    58 |   RCLCPP_INFO(this->get_logger("I heard,"[01;31m[K)[m[K,"Art Jiang: %s", Gcode.c_str());
[2.097s]       |                                          [01;31m[K^[m[K
[2.097s] In file included from [01m[K/opt/ros/galactic/include/rclcpp/executors/single_threaded_executor.hpp:28[m[K,
[2.097s]                  from [01m[K/opt/ros/galactic/include/rclcpp/executors.hpp:22[m[K,
[2.097s]                  from [01m[K/opt/ros/galactic/include/rclcpp/rclcpp.hpp:156[m[K,
[2.097s]                  from [01m[K/home/artjiang/Desktop/mirobot_urdf_ros2/src/mirobot_write_node.cpp:6[m[K:
[2.097s] [01m[K/opt/ros/galactic/include/rclcpp/node.hpp:142:3:[m[K [01;36m[Knote: [m[Kcandidate: ‘[01m[Krclcpp::Logger rclcpp::Node::get_logger() const[m[K’
[2.097s]   142 |   [01;36m[Kget_logger[m[K() const;
[2.097s]       |   [01;36m[K^~~~~~~~~~[m[K
[2.097s] [01m[K/opt/ros/galactic/include/rclcpp/node.hpp:142:3:[m[K [01;36m[Knote: [m[K  candidate expects 0 arguments, 1 provided
[2.097s] In file included from [01m[K/opt/ros/galactic/include/rclcpp/service.hpp:34[m[K,
[2.097s]                  from [01m[K/opt/ros/galactic/include/rclcpp/callback_group.hpp:25[m[K,
[2.098s]                  from [01m[K/opt/ros/galactic/include/rclcpp/any_executable.hpp:20[m[K,
[2.098s]                  from [01m[K/opt/ros/galactic/include/rclcpp/memory_strategy.hpp:25[m[K,
[2.098s]                  from [01m[K/opt/ros/galactic/include/rclcpp/memory_strategies.hpp:18[m[K,
[2.099s]                  from [01m[K/opt/ros/galactic/include/rclcpp/executor_options.hpp:20[m[K,
[2.099s]                  from [01m[K/opt/ros/galactic/include/rclcpp/executor.hpp:36[m[K,
[2.099s]                  from [01m[K/opt/ros/galactic/include/rclcpp/executors/multi_threaded_executor.hpp:26[m[K,
[2.099s]                  from [01m[K/opt/ros/galactic/include/rclcpp/executors.hpp:21[m[K,
[2.099s]                  from [01m[K/opt/ros/galactic/include/rclcpp/rclcpp.hpp:156[m[K,
[2.099s]                  from [01m[K/home/artjiang/Desktop/mirobot_urdf_ros2/src/mirobot_write_node.cpp:6[m[K:
[2.100s] [01m[K/home/artjiang/Desktop/mirobot_urdf_ros2/src/mirobot_write_node.cpp:58:3:[m[K [01;31m[Kerror: [m[Ktemplate argument 1 is invalid
[2.100s]    58 |   [01;31m[KRCLCPP_INFO[m[K(this->get_logger("I heard,"),"Art Jiang: %s", Gcode.c_str());
[2.100s]       |   [01;31m[K^~~~~~~~~~~[m[K
[2.100s] [01m[K/home/artjiang/Desktop/mirobot_urdf_ros2/src/mirobot_write_node.cpp:58:3:[m[K [01;31m[Kerror: [m[Ktemplate argument 1 is invalid
[2.100s]    58 |   [01;31m[KRCLCPP_INFO[m[K(this->get_logger("I heard,"),"Art Jiang: %s", Gcode.c_str());
[2.101s]       |   [01;31m[K^~~~~~~~~~~[m[K
[2.101s] [01m[K/home/artjiang/Desktop/mirobot_urdf_ros2/src/mirobot_write_node.cpp:58:3:[m[K [01;31m[Kerror: [m[Ktemplate argument 1 is invalid
[2.101s]    58 |   [01;31m[KRCLCPP_INFO[m[K(this->get_logger("I heard,"),"Art Jiang: %s", Gcode.c_str());
[2.101s]       |   [01;31m[K^~~~~~~~~~~[m[K
[2.101s] In file included from [01m[K/opt/ros/galactic/include/rclcpp/client.hpp:40[m[K,
[2.101s]                  from [01m[K/opt/ros/galactic/include/rclcpp/callback_group.hpp:23[m[K,
[2.102s]                  from [01m[K/opt/ros/galactic/include/rclcpp/any_executable.hpp:20[m[K,
[2.102s]                  from [01m[K/opt/ros/galactic/include/rclcpp/memory_strategy.hpp:25[m[K,
[2.102s]                  from [01m[K/opt/ros/galactic/include/rclcpp/memory_strategies.hpp:18[m[K,
[2.102s]                  from [01m[K/opt/ros/galactic/include/rclcpp/executor_options.hpp:20[m[K,
[2.102s]                  from [01m[K/opt/ros/galactic/include/rclcpp/executor.hpp:36[m[K,
[2.102s]                  from [01m[K/opt/ros/galactic/include/rclcpp/executors/multi_threaded_executor.hpp:26[m[K,
[2.103s]                  from [01m[K/opt/ros/galactic/include/rclcpp/executors.hpp:21[m[K,
[2.103s]                  from [01m[K/opt/ros/galactic/include/rclcpp/rclcpp.hpp:156[m[K,
[2.103s]                  from [01m[K/home/artjiang/Desktop/mirobot_urdf_ros2/src/mirobot_write_node.cpp:6[m[K:
[2.103s] [01m[K/home/artjiang/Desktop/mirobot_urdf_ros2/src/mirobot_write_node.cpp:58:42:[m[K [01;31m[Kerror: [m[Kno matching function for call to ‘[01m[KMirobotWriteNode::get_logger(const char [9])[m[K’
[2.103s]    58 |   RCLCPP_INFO(this->get_logger("I heard,"[01;31m[K)[m[K,"Art Jiang: %s", Gcode.c_str());
[2.104s]       |                                          [01;31m[K^[m[K
[2.104s] In file included from [01m[K/opt/ros/galactic/include/rclcpp/executors/single_threaded_executor.hpp:28[m[K,
[2.104s]                  from [01m[K/opt/ros/galactic/include/rclcpp/executors.hpp:22[m[K,
[2.104s]                  from [01m[K/opt/ros/galactic/include/rclcpp/rclcpp.hpp:156[m[K,
[2.104s]                  from [01m[K/home/artjiang/Desktop/mirobot_urdf_ros2/src/mirobot_write_node.cpp:6[m[K:
[2.105s] [01m[K/opt/ros/galactic/include/rclcpp/node.hpp:142:3:[m[K [01;36m[Knote: [m[Kcandidate: ‘[01m[Krclcpp::Logger rclcpp::Node::get_logger() const[m[K’
[2.105s]   142 |   [01;36m[Kget_logger[m[K() const;
[2.105s]       |   [01;36m[K^~~~~~~~~~[m[K
[2.105s] [01m[K/opt/ros/galactic/include/rclcpp/node.hpp:142:3:[m[K [01;36m[Knote: [m[K  candidate expects 0 arguments, 1 provided
[2.105s] In file included from [01m[K/opt/ros/galactic/include/rclcpp/client.hpp:40[m[K,
[2.106s]                  from [01m[K/opt/ros/galactic/include/rclcpp/callback_group.hpp:23[m[K,
[2.106s]                  from [01m[K/opt/ros/galactic/include/rclcpp/any_executable.hpp:20[m[K,
[2.106s]                  from [01m[K/opt/ros/galactic/include/rclcpp/memory_strategy.hpp:25[m[K,
[2.106s]                  from [01m[K/opt/ros/galactic/include/rclcpp/memory_strategies.hpp:18[m[K,
[2.106s]                  from [01m[K/opt/ros/galactic/include/rclcpp/executor_options.hpp:20[m[K,
[2.107s]                  from [01m[K/opt/ros/galactic/include/rclcpp/executor.hpp:36[m[K,
[2.107s]                  from [01m[K/opt/ros/galactic/include/rclcpp/executors/multi_threaded_executor.hpp:26[m[K,
[2.107s]                  from [01m[K/opt/ros/galactic/include/rclcpp/executors.hpp:21[m[K,
[2.107s]                  from [01m[K/opt/ros/galactic/include/rclcpp/rclcpp.hpp:156[m[K,
[2.107s]                  from [01m[K/home/artjiang/Desktop/mirobot_urdf_ros2/src/mirobot_write_node.cpp:6[m[K:
[2.108s] [01m[K/home/artjiang/Desktop/mirobot_urdf_ros2/src/mirobot_write_node.cpp:58:42:[m[K [01;31m[Kerror: [m[Kno matching function for call to ‘[01m[KMirobotWriteNode::get_logger(const char [9])[m[K’
[2.108s]    58 |   RCLCPP_INFO(this->get_logger("I heard,"[01;31m[K)[m[K,"Art Jiang: %s", Gcode.c_str());
[2.108s]       |                                          [01;31m[K^[m[K
[2.108s] In file included from [01m[K/opt/ros/galactic/include/rclcpp/executors/single_threaded_executor.hpp:28[m[K,
[2.108s]                  from [01m[K/opt/ros/galactic/include/rclcpp/executors.hpp:22[m[K,
[2.108s]                  from [01m[K/opt/ros/galactic/include/rclcpp/rclcpp.hpp:156[m[K,
[2.109s]                  from [01m[K/home/artjiang/Desktop/mirobot_urdf_ros2/src/mirobot_write_node.cpp:6[m[K:
[2.109s] [01m[K/opt/ros/galactic/include/rclcpp/node.hpp:142:3:[m[K [01;36m[Knote: [m[Kcandidate: ‘[01m[Krclcpp::Logger rclcpp::Node::get_logger() const[m[K’
[2.109s]   142 |   [01;36m[Kget_logger[m[K() const;
[2.109s]       |   [01;36m[K^~~~~~~~~~[m[K
[2.109s] [01m[K/opt/ros/galactic/include/rclcpp/node.hpp:142:3:[m[K [01;36m[Knote: [m[K  candidate expects 0 arguments, 1 provided
[2.110s] [01m[K/home/artjiang/Desktop/mirobot_urdf_ros2/src/mirobot_write_node.cpp:[m[K In function ‘[01m[Kint main(int, char**)[m[K’:
[2.110s] [01m[K/home/artjiang/Desktop/mirobot_urdf_ros2/src/mirobot_write_node.cpp:92:3:[m[K [01;31m[Kerror: [m[K‘[01m[KRCLCPP_INFO_STREAM[m[K’ was not declared in this scope
[2.110s]    92 |   [01;31m[KRCLCPP_INFO_STREAM[m[K("Port has been open successfully");
[2.110s]       |   [01;31m[K^~~~~~~~~~~~~~~~~~[m[K
[2.110s] [01m[K/home/artjiang/Desktop/mirobot_urdf_ros2/src/mirobot_write_node.cpp:96:3:[m[K [01;31m[Kerror: [m[K‘[01m[KROS_ERROR_STREAM[m[K’ was not declared in this scope; did you mean ‘[01m[KRCLCPP_ERROR_STREAM[m[K’?
[2.111s]    96 |   [01;31m[KROS_ERROR_STREAM[m[K("Unable to open port");
[2.111s]       |   [01;31m[K^~~~~~~~~~~~~~~~[m[K
[2.111s]       |   [32m[KRCLCPP_ERROR_STREAM[m[K
[2.111s] [01m[K/home/artjiang/Desktop/mirobot_urdf_ros2/src/mirobot_write_node.cpp:102:18:[m[K [01;31m[Kerror: [m[K‘[01m[Ksleep_for[m[K’ is not a member of ‘[01m[Krclcpp::Clock[m[K’
[2.111s]   102 |   rclcpp::Clock::[01;31m[Ksleep_for[m[K(1);
[2.111s]       |                  [01;31m[K^~~~~~~~~[m[K
[2.112s] [01m[K/home/artjiang/Desktop/mirobot_urdf_ros2/src/mirobot_write_node.cpp:103:3:[m[K [01;31m[Kerror: [m[K‘[01m[KRCLCPP_INFO_STREAM[m[K’ was not declared in this scope
[2.112s]   103 |   [01;31m[KRCLCPP_INFO_STREAM[m[K("Attach and wait for commands");
[2.112s]       |   [01;31m[K^~~~~~~~~~~~~~~~~~[m[K
[2.112s] [01m[K/home/artjiang/Desktop/mirobot_urdf_ros2/src/mirobot_write_node.cpp:106:9:[m[K [01;31m[Kerror: [m[K‘[01m[Kros[m[K’ has not been declared
[2.112s]   106 |  while ([01;31m[Kros[m[K::ok())
[2.113s]       |         [01;31m[K^~~[m[K
[2.113s] [01m[K/home/artjiang/Desktop/mirobot_urdf_ros2/src/mirobot_write_node.cpp:108:37:[m[K [01;31m[Kerror: [m[Kexpected primary-expression before ‘[01m[K)[m[K’ token
[2.113s]   108 |   rclcpp::spin_some(MirobotWriteNode[01;31m[K)[m[K;
[2.113s]       |                                     [01;31m[K^[m[K
[3.458s] make[2]: *** [CMakeFiles/mirobot_write_node.dir/build.make:63: CMakeFiles/mirobot_write_node.dir/src/mirobot_write_node.cpp.o] Error 1
[3.459s] make[1]: *** [CMakeFiles/Makefile2:78: CMakeFiles/mirobot_write_node.dir/all] Error 2
[3.459s] make: *** [Makefile:141: all] Error 2
[3.462s] Invoked command in '/home/artjiang/Desktop/mirobot_urdf_ros2/build/mirobot_urdf_ros2' returned '2': CMAKE_PREFIX_PATH=${CMAKE_PREFIX_PATH}:/opt/ros/galactic /usr/bin/cmake --build /home/artjiang/Desktop/mirobot_urdf_ros2/build/mirobot_urdf_ros2 -- -j2 -l2
