[0.020s] Invoking command in '/home/artjiang/Desktop/mirobot_urdf_ros2/build/mirobot_urdf_ros2': CMAKE_PREFIX_PATH=${CMAKE_PREFIX_PATH}:/opt/ros/galactic /usr/bin/cmake --build /home/artjiang/Desktop/mirobot_urdf_ros2/build/mirobot_urdf_ros2 -- -j2 -l2
[0.096s] [35m[1mScanning dependencies of target mirobot_write_node[0m
[0.141s] [ 50%] [32mBuilding CXX object CMakeFiles/mirobot_write_node.dir/src/mirobot_write_node.cpp.o[0m
[2.110s] [01m[K/home/artjiang/Desktop/mirobot_urdf_ros2/src/mirobot_write_node.cpp:[m[K In constructor ‘[01m[KMirobotWriteNode::MirobotWriteNode(std::string)[m[K’:
[2.110s] [01m[K/home/artjiang/Desktop/mirobot_urdf_ros2/src/mirobot_write_node.cpp:33:87:[m[K [01;31m[Kerror: [m[Kno match for ‘[01m[Koperator=[m[K’ (operand types are ‘[01m[Krclcpp::Subscription<std_msgs::msg::String_<std::allocator<void> > >::SharedPtr[m[K’ {aka ‘[01m[Kstd::shared_ptr<rclcpp::Subscription<std_msgs::msg::String_<std::allocator<void> > > >[m[K’} and ‘[01m[Kstd::shared_ptr<rclcpp::Subscription<sensor_msgs::msg::JointState_<std::allocator<void> >, std::allocator<void>, rclcpp::message_memory_strategy::MessageMemoryStrategy<sensor_msgs::msg::JointState_<std::allocator<void> >, std::allocator<void> > > >[m[K’)
[2.111s]    33 |       "/joint_states", 1, std::bind(&MirobotWriteNode::angle_write_callback, this, _1)[01;31m[K)[m[K;
[2.111s]       |                                                                                       [01;31m[K^[m[K
[2.111s] In file included from [01m[K/usr/include/c++/9/memory:81[m[K,
[2.111s]                  from [01m[K/home/artjiang/Desktop/mirobot_urdf_ros2/src/mirobot_write_node.cpp:4[m[K:
[2.111s] [01m[K/usr/include/c++/9/bits/shared_ptr.h:309:19:[m[K [01;36m[Knote: [m[Kcandidate: ‘[01m[Kstd::shared_ptr<_Tp>& std::shared_ptr<_Tp>::operator=(const std::shared_ptr<_Tp>&) [with _Tp = rclcpp::Subscription<std_msgs::msg::String_<std::allocator<void> > >][m[K’
[2.111s]   309 |       shared_ptr& [01;36m[Koperator[m[K=(const shared_ptr&) noexcept = default;
[2.111s]       |                   [01;36m[K^~~~~~~~[m[K
[2.111s] [01m[K/usr/include/c++/9/bits/shared_ptr.h:309:29:[m[K [01;36m[Knote: [m[K  no known conversion for argument 1 from ‘[01m[Kstd::shared_ptr<rclcpp::Subscription<sensor_msgs::msg::JointState_<std::allocator<void> >, std::allocator<void>, rclcpp::message_memory_strategy::MessageMemoryStrategy<sensor_msgs::msg::JointState_<std::allocator<void> >, std::allocator<void> > > >[m[K’ to ‘[01m[Kconst std::shared_ptr<rclcpp::Subscription<std_msgs::msg::String_<std::allocator<void> > > >&[m[K’
[2.111s]   309 |       shared_ptr& operator=([01;36m[Kconst shared_ptr&[m[K) noexcept = default;
[2.111s]       |                             [01;36m[K^~~~~~~~~~~~~~~~~[m[K
[2.112s] [01m[K/usr/include/c++/9/bits/shared_ptr.h:313:2:[m[K [01;36m[Knote: [m[Kcandidate: ‘[01m[Ktemplate<class _Yp> std::shared_ptr<_Tp>::_Assignable<const std::shared_ptr<_Yp>&> std::shared_ptr<_Tp>::operator=(const std::shared_ptr<_Yp>&) [with _Yp = _Yp; _Tp = rclcpp::Subscription<std_msgs::msg::String_<std::allocator<void> > >][m[K’
[2.112s]   313 |  [01;36m[Koperator[m[K=(const shared_ptr<_Yp>& __r) noexcept
[2.112s]       |  [01;36m[K^~~~~~~~[m[K
[2.112s] [01m[K/usr/include/c++/9/bits/shared_ptr.h:313:2:[m[K [01;36m[Knote: [m[K  template argument deduction/substitution failed:
[2.112s] /usr/include/c++/9/bits/shared_ptr.h: In substitution of ‘[01m[Ktemplate<class _Tp> template<class _Arg> using _Assignable = typename std::enable_if<std::is_assignable<std::__shared_ptr<_Tp>&, _Arg>::value, std::shared_ptr<_Tp>&>::type [with _Arg = const std::shared_ptr<rclcpp::Subscription<sensor_msgs::msg::JointState_<std::allocator<void> >, std::allocator<void>, rclcpp::message_memory_strategy::MessageMemoryStrategy<sensor_msgs::msg::JointState_<std::allocator<void> >, std::allocator<void> > > >&; _Tp = rclcpp::Subscription<std_msgs::msg::String_<std::allocator<void> > >][m[K’:
[2.112s] [01m[K/usr/include/c++/9/bits/shared_ptr.h:313:2:[m[K   required by substitution of ‘[01m[Ktemplate<class _Yp> std::shared_ptr<rclcpp::Subscription<std_msgs::msg::String_<std::allocator<void> > > >::_Assignable<const std::shared_ptr<_Tp>&> std::shared_ptr<rclcpp::Subscription<std_msgs::msg::String_<std::allocator<void> > > >::operator=<_Yp>(const std::shared_ptr<_Tp>&) [with _Yp = rclcpp::Subscription<sensor_msgs::msg::JointState_<std::allocator<void> >, std::allocator<void>, rclcpp::message_memory_strategy::MessageMemoryStrategy<sensor_msgs::msg::JointState_<std::allocator<void> >, std::allocator<void> > >][m[K’
[2.112s] [01m[K/home/artjiang/Desktop/mirobot_urdf_ros2/src/mirobot_write_node.cpp:33:87:[m[K   required from here
[2.112s] [01m[K/usr/include/c++/9/bits/shared_ptr.h:111:8:[m[K [01;31m[Kerror: [m[Kno type named ‘[01m[Ktype[m[K’ in ‘[01m[Kstruct std::enable_if<false, std::shared_ptr<rclcpp::Subscription<std_msgs::msg::String_<std::allocator<void> > > >&>[m[K’
[2.112s]   111 |  using [01;31m[K_Assignable[m[K = typename enable_if<
[2.112s]       |        [01;31m[K^~~~~~~~~~~[m[K
[2.112s] [01m[K/usr/include/c++/9/bits/shared_ptr.h:324:2:[m[K [01;36m[Knote: [m[Kcandidate: ‘[01m[Ktemplate<class _Yp> std::shared_ptr<_Tp>::_Assignable<std::auto_ptr<_Up> > std::shared_ptr<_Tp>::operator=(std::auto_ptr<_Up>&&) [with _Yp = _Yp; _Tp = rclcpp::Subscription<std_msgs::msg::String_<std::allocator<void> > >][m[K’
[2.112s]   324 |  [01;36m[Koperator[m[K=(auto_ptr<_Yp>&& __r)
[2.112s]       |  [01;36m[K^~~~~~~~[m[K
[2.113s] [01m[K/usr/include/c++/9/bits/shared_ptr.h:324:2:[m[K [01;36m[Knote: [m[K  template argument deduction/substitution failed:
[2.113s] [01m[K/home/artjiang/Desktop/mirobot_urdf_ros2/src/mirobot_write_node.cpp:33:87:[m[K [01;36m[Knote: [m[K  ‘[01m[Kstd::shared_ptr<rclcpp::Subscription<sensor_msgs::msg::JointState_<std::allocator<void> >, std::allocator<void>, rclcpp::message_memory_strategy::MessageMemoryStrategy<sensor_msgs::msg::JointState_<std::allocator<void> >, std::allocator<void> > > >[m[K’ is not derived from ‘[01m[Kstd::auto_ptr<_Up>[m[K’
[2.113s]    33 |       "/joint_states", 1, std::bind(&MirobotWriteNode::angle_write_callback, this, _1)[01;36m[K)[m[K;
[2.113s]       |                                                                                       [01;36m[K^[m[K
[2.113s] In file included from [01m[K/usr/include/c++/9/memory:81[m[K,
[2.113s]                  from [01m[K/home/artjiang/Desktop/mirobot_urdf_ros2/src/mirobot_write_node.cpp:4[m[K:
[2.113s] [01m[K/usr/include/c++/9/bits/shared_ptr.h:333:7:[m[K [01;36m[Knote: [m[Kcandidate: ‘[01m[Kstd::shared_ptr<_Tp>& std::shared_ptr<_Tp>::operator=(std::shared_ptr<_Tp>&&) [with _Tp = rclcpp::Subscription<std_msgs::msg::String_<std::allocator<void> > >][m[K’
[2.113s]   333 |       [01;36m[Koperator[m[K=(shared_ptr&& __r) noexcept
[2.113s]       |       [01;36m[K^~~~~~~~[m[K
[2.113s] [01m[K/usr/include/c++/9/bits/shared_ptr.h:333:30:[m[K [01;36m[Knote: [m[K  no known conversion for argument 1 from ‘[01m[Kstd::shared_ptr<rclcpp::Subscription<sensor_msgs::msg::JointState_<std::allocator<void> >, std::allocator<void>, rclcpp::message_memory_strategy::MessageMemoryStrategy<sensor_msgs::msg::JointState_<std::allocator<void> >, std::allocator<void> > > >[m[K’ to ‘[01m[Kstd::shared_ptr<rclcpp::Subscription<std_msgs::msg::String_<std::allocator<void> > > >&&[m[K’
[2.113s]   333 |       operator=([01;36m[Kshared_ptr&& __r[m[K) noexcept
[2.113s]       |                 [01;36m[K~~~~~~~~~~~~~^~~[m[K
[2.113s] [01m[K/usr/include/c++/9/bits/shared_ptr.h:341:2:[m[K [01;36m[Knote: [m[Kcandidate: ‘[01m[Ktemplate<class _Yp> std::shared_ptr<_Tp>::_Assignable<std::shared_ptr<_Yp> > std::shared_ptr<_Tp>::operator=(std::shared_ptr<_Yp>&&) [with _Yp = _Yp; _Tp = rclcpp::Subscription<std_msgs::msg::String_<std::allocator<void> > >][m[K’
[2.113s]   341 |  [01;36m[Koperator[m[K=(shared_ptr<_Yp>&& __r) noexcept
[2.113s]       |  [01;36m[K^~~~~~~~[m[K
[2.114s] [01m[K/usr/include/c++/9/bits/shared_ptr.h:341:2:[m[K [01;36m[Knote: [m[K  template argument deduction/substitution failed:
[2.114s] /usr/include/c++/9/bits/shared_ptr.h: In substitution of ‘[01m[Ktemplate<class _Tp> template<class _Arg> using _Assignable = typename std::enable_if<std::is_assignable<std::__shared_ptr<_Tp>&, _Arg>::value, std::shared_ptr<_Tp>&>::type [with _Arg = std::shared_ptr<rclcpp::Subscription<sensor_msgs::msg::JointState_<std::allocator<void> >, std::allocator<void>, rclcpp::message_memory_strategy::MessageMemoryStrategy<sensor_msgs::msg::JointState_<std::allocator<void> >, std::allocator<void> > > >; _Tp = rclcpp::Subscription<std_msgs::msg::String_<std::allocator<void> > >][m[K’:
[2.114s] [01m[K/usr/include/c++/9/bits/shared_ptr.h:341:2:[m[K   required by substitution of ‘[01m[Ktemplate<class _Yp> std::shared_ptr<rclcpp::Subscription<std_msgs::msg::String_<std::allocator<void> > > >::_Assignable<std::shared_ptr<_Tp> > std::shared_ptr<rclcpp::Subscription<std_msgs::msg::String_<std::allocator<void> > > >::operator=<_Yp>(std::shared_ptr<_Tp>&&) [with _Yp = rclcpp::Subscription<sensor_msgs::msg::JointState_<std::allocator<void> >, std::allocator<void>, rclcpp::message_memory_strategy::MessageMemoryStrategy<sensor_msgs::msg::JointState_<std::allocator<void> >, std::allocator<void> > >][m[K’
[2.114s] [01m[K/home/artjiang/Desktop/mirobot_urdf_ros2/src/mirobot_write_node.cpp:33:87:[m[K   required from here
[2.114s] [01m[K/usr/include/c++/9/bits/shared_ptr.h:111:8:[m[K [01;31m[Kerror: [m[Kno type named ‘[01m[Ktype[m[K’ in ‘[01m[Kstruct std::enable_if<false, std::shared_ptr<rclcpp::Subscription<std_msgs::msg::String_<std::allocator<void> > > >&>[m[K’
[2.114s]   111 |  using [01;31m[K_Assignable[m[K = typename enable_if<
[2.114s]       |        [01;31m[K^~~~~~~~~~~[m[K
[2.114s] [01m[K/usr/include/c++/9/bits/shared_ptr.h:349:2:[m[K [01;36m[Knote: [m[Kcandidate: ‘[01m[Ktemplate<class _Yp, class _Del> std::shared_ptr<_Tp>::_Assignable<std::unique_ptr<_Up, _Ep> > std::shared_ptr<_Tp>::operator=(std::unique_ptr<_Up, _Ep>&&) [with _Yp = _Yp; _Del = _Del; _Tp = rclcpp::Subscription<std_msgs::msg::String_<std::allocator<void> > >][m[K’
[2.114s]   349 |  [01;36m[Koperator[m[K=(unique_ptr<_Yp, _Del>&& __r)
[2.114s]       |  [01;36m[K^~~~~~~~[m[K
[2.114s] [01m[K/usr/include/c++/9/bits/shared_ptr.h:349:2:[m[K [01;36m[Knote: [m[K  template argument deduction/substitution failed:
[2.114s] [01m[K/home/artjiang/Desktop/mirobot_urdf_ros2/src/mirobot_write_node.cpp:33:87:[m[K [01;36m[Knote: [m[K  ‘[01m[Kstd::shared_ptr<rclcpp::Subscription<sensor_msgs::msg::JointState_<std::allocator<void> >, std::allocator<void>, rclcpp::message_memory_strategy::MessageMemoryStrategy<sensor_msgs::msg::JointState_<std::allocator<void> >, std::allocator<void> > > >[m[K’ is not derived from ‘[01m[Kstd::unique_ptr<_Tp, _Dp>[m[K’
[2.114s]    33 |       "/joint_states", 1, std::bind(&MirobotWriteNode::angle_write_callback, this, _1)[01;36m[K)[m[K;
[2.114s]       |                                                                                       [01;36m[K^[m[K
[2.114s] [01m[K/home/artjiang/Desktop/mirobot_urdf_ros2/src/mirobot_write_node.cpp:29:34:[m[K [01;35m[Kwarning: [m[Kunused parameter ‘[01m[Kname[m[K’ [[01;35m[K-Wunused-parameter[m[K]
[2.115s]    29 |     MirobotWriteNode([01;35m[Kstd::string name[m[K)
[2.115s]       |                      [01;35m[K~~~~~~~~~~~~^~~~[m[K
[2.312s] In file included from [01m[K/opt/ros/galactic/include/rclcpp/service.hpp:34[m[K,
[2.312s]                  from [01m[K/opt/ros/galactic/include/rclcpp/callback_group.hpp:25[m[K,
[2.313s]                  from [01m[K/opt/ros/galactic/include/rclcpp/any_executable.hpp:20[m[K,
[2.313s]                  from [01m[K/opt/ros/galactic/include/rclcpp/memory_strategy.hpp:25[m[K,
[2.313s]                  from [01m[K/opt/ros/galactic/include/rclcpp/memory_strategies.hpp:18[m[K,
[2.313s]                  from [01m[K/opt/ros/galactic/include/rclcpp/executor_options.hpp:20[m[K,
[2.313s]                  from [01m[K/opt/ros/galactic/include/rclcpp/executor.hpp:36[m[K,
[2.313s]                  from [01m[K/opt/ros/galactic/include/rclcpp/executors/multi_threaded_executor.hpp:26[m[K,
[2.313s]                  from [01m[K/opt/ros/galactic/include/rclcpp/executors.hpp:21[m[K,
[2.313s]                  from [01m[K/opt/ros/galactic/include/rclcpp/rclcpp.hpp:156[m[K,
[2.313s]                  from [01m[K/home/artjiang/Desktop/mirobot_urdf_ros2/src/mirobot_write_node.cpp:6[m[K:
[2.313s] [01m[K/home/artjiang/Desktop/mirobot_urdf_ros2/src/mirobot_write_node.cpp:[m[K In member function ‘[01m[Kvoid MirobotWriteNode::angle_write_callback(const JointState&)[m[K’:
[2.314s] [01m[K/home/artjiang/Desktop/mirobot_urdf_ros2/src/mirobot_write_node.cpp:55:42:[m[K [01;31m[Kerror: [m[Kno matching function for call to ‘[01m[KMirobotWriteNode::get_logger(const char [9])[m[K’
[2.314s]    55 |   RCLCPP_INFO(this->get_logger("I heard,"[01;31m[K)[m[K,"Art Jiang: %s", Gcode.c_str());
[2.314s]       |                                          [01;31m[K^[m[K
[2.314s] In file included from [01m[K/opt/ros/galactic/include/rclcpp/executors/single_threaded_executor.hpp:28[m[K,
[2.314s]                  from [01m[K/opt/ros/galactic/include/rclcpp/executors.hpp:22[m[K,
[2.314s]                  from [01m[K/opt/ros/galactic/include/rclcpp/rclcpp.hpp:156[m[K,
[2.315s]                  from [01m[K/home/artjiang/Desktop/mirobot_urdf_ros2/src/mirobot_write_node.cpp:6[m[K:
[2.315s] [01m[K/opt/ros/galactic/include/rclcpp/node.hpp:142:3:[m[K [01;36m[Knote: [m[Kcandidate: ‘[01m[Krclcpp::Logger rclcpp::Node::get_logger() const[m[K’
[2.315s]   142 |   [01;36m[Kget_logger[m[K() const;
[2.315s]       |   [01;36m[K^~~~~~~~~~[m[K
[2.315s] [01m[K/opt/ros/galactic/include/rclcpp/node.hpp:142:3:[m[K [01;36m[Knote: [m[K  candidate expects 0 arguments, 1 provided
[2.315s] In file included from [01m[K/opt/ros/galactic/include/rclcpp/service.hpp:34[m[K,
[2.315s]                  from [01m[K/opt/ros/galactic/include/rclcpp/callback_group.hpp:25[m[K,
[2.315s]                  from [01m[K/opt/ros/galactic/include/rclcpp/any_executable.hpp:20[m[K,
[2.316s]                  from [01m[K/opt/ros/galactic/include/rclcpp/memory_strategy.hpp:25[m[K,
[2.317s]                  from [01m[K/opt/ros/galactic/include/rclcpp/memory_strategies.hpp:18[m[K,
[2.317s]                  from [01m[K/opt/ros/galactic/include/rclcpp/executor_options.hpp:20[m[K,
[2.317s]                  from [01m[K/opt/ros/galactic/include/rclcpp/executor.hpp:36[m[K,
[2.317s]                  from [01m[K/opt/ros/galactic/include/rclcpp/executors/multi_threaded_executor.hpp:26[m[K,
[2.317s]                  from [01m[K/opt/ros/galactic/include/rclcpp/executors.hpp:21[m[K,
[2.318s]                  from [01m[K/opt/ros/galactic/include/rclcpp/rclcpp.hpp:156[m[K,
[2.318s]                  from [01m[K/home/artjiang/Desktop/mirobot_urdf_ros2/src/mirobot_write_node.cpp:6[m[K:
[2.318s] [01m[K/home/artjiang/Desktop/mirobot_urdf_ros2/src/mirobot_write_node.cpp:55:42:[m[K [01;31m[Kerror: [m[Kno matching function for call to ‘[01m[KMirobotWriteNode::get_logger(const char [9])[m[K’
[2.318s]    55 |   RCLCPP_INFO(this->get_logger("I heard,"[01;31m[K)[m[K,"Art Jiang: %s", Gcode.c_str());
[2.318s]       |                                          [01;31m[K^[m[K
[2.319s] In file included from [01m[K/opt/ros/galactic/include/rclcpp/executors/single_threaded_executor.hpp:28[m[K,
[2.319s]                  from [01m[K/opt/ros/galactic/include/rclcpp/executors.hpp:22[m[K,
[2.320s]                  from [01m[K/opt/ros/galactic/include/rclcpp/rclcpp.hpp:156[m[K,
[2.320s]                  from [01m[K/home/artjiang/Desktop/mirobot_urdf_ros2/src/mirobot_write_node.cpp:6[m[K:
[2.320s] [01m[K/opt/ros/galactic/include/rclcpp/node.hpp:142:3:[m[K [01;36m[Knote: [m[Kcandidate: ‘[01m[Krclcpp::Logger rclcpp::Node::get_logger() const[m[K’
[2.320s]   142 |   [01;36m[Kget_logger[m[K() const;
[2.321s]       |   [01;36m[K^~~~~~~~~~[m[K
[2.321s] [01m[K/opt/ros/galactic/include/rclcpp/node.hpp:142:3:[m[K [01;36m[Knote: [m[K  candidate expects 0 arguments, 1 provided
[2.321s] In file included from [01m[K/opt/ros/galactic/include/rclcpp/service.hpp:34[m[K,
[2.321s]                  from [01m[K/opt/ros/galactic/include/rclcpp/callback_group.hpp:25[m[K,
[2.321s]                  from [01m[K/opt/ros/galactic/include/rclcpp/any_executable.hpp:20[m[K,
[2.322s]                  from [01m[K/opt/ros/galactic/include/rclcpp/memory_strategy.hpp:25[m[K,
[2.322s]                  from [01m[K/opt/ros/galactic/include/rclcpp/memory_strategies.hpp:18[m[K,
[2.323s]                  from [01m[K/opt/ros/galactic/include/rclcpp/executor_options.hpp:20[m[K,
[2.323s]                  from [01m[K/opt/ros/galactic/include/rclcpp/executor.hpp:36[m[K,
[2.323s]                  from [01m[K/opt/ros/galactic/include/rclcpp/executors/multi_threaded_executor.hpp:26[m[K,
[2.324s]                  from [01m[K/opt/ros/galactic/include/rclcpp/executors.hpp:21[m[K,
[2.324s]                  from [01m[K/opt/ros/galactic/include/rclcpp/rclcpp.hpp:156[m[K,
[2.324s]                  from [01m[K/home/artjiang/Desktop/mirobot_urdf_ros2/src/mirobot_write_node.cpp:6[m[K:
[2.324s] [01m[K/home/artjiang/Desktop/mirobot_urdf_ros2/src/mirobot_write_node.cpp:55:3:[m[K [01;31m[Kerror: [m[Ktemplate argument 1 is invalid
[2.324s]    55 |   [01;31m[KRCLCPP_INFO[m[K(this->get_logger("I heard,"),"Art Jiang: %s", Gcode.c_str());
[2.325s]       |   [01;31m[K^~~~~~~~~~~[m[K
[2.325s] [01m[K/home/artjiang/Desktop/mirobot_urdf_ros2/src/mirobot_write_node.cpp:55:3:[m[K [01;31m[Kerror: [m[Ktemplate argument 1 is invalid
[2.325s]    55 |   [01;31m[KRCLCPP_INFO[m[K(this->get_logger("I heard,"),"Art Jiang: %s", Gcode.c_str());
[2.325s]       |   [01;31m[K^~~~~~~~~~~[m[K
[2.325s] [01m[K/home/artjiang/Desktop/mirobot_urdf_ros2/src/mirobot_write_node.cpp:55:3:[m[K [01;31m[Kerror: [m[Ktemplate argument 1 is invalid
[2.326s]    55 |   [01;31m[KRCLCPP_INFO[m[K(this->get_logger("I heard,"),"Art Jiang: %s", Gcode.c_str());
[2.326s]       |   [01;31m[K^~~~~~~~~~~[m[K
[2.326s] In file included from [01m[K/opt/ros/galactic/include/rclcpp/client.hpp:40[m[K,
[2.326s]                  from [01m[K/opt/ros/galactic/include/rclcpp/callback_group.hpp:23[m[K,
[2.326s]                  from [01m[K/opt/ros/galactic/include/rclcpp/any_executable.hpp:20[m[K,
[2.327s]                  from [01m[K/opt/ros/galactic/include/rclcpp/memory_strategy.hpp:25[m[K,
[2.327s]                  from [01m[K/opt/ros/galactic/include/rclcpp/memory_strategies.hpp:18[m[K,
[2.327s]                  from [01m[K/opt/ros/galactic/include/rclcpp/executor_options.hpp:20[m[K,
[2.327s]                  from [01m[K/opt/ros/galactic/include/rclcpp/executor.hpp:36[m[K,
[2.327s]                  from [01m[K/opt/ros/galactic/include/rclcpp/executors/multi_threaded_executor.hpp:26[m[K,
[2.328s]                  from [01m[K/opt/ros/galactic/include/rclcpp/executors.hpp:21[m[K,
[2.328s]                  from [01m[K/opt/ros/galactic/include/rclcpp/rclcpp.hpp:156[m[K,
[2.328s]                  from [01m[K/home/artjiang/Desktop/mirobot_urdf_ros2/src/mirobot_write_node.cpp:6[m[K:
[2.328s] [01m[K/home/artjiang/Desktop/mirobot_urdf_ros2/src/mirobot_write_node.cpp:55:42:[m[K [01;31m[Kerror: [m[Kno matching function for call to ‘[01m[KMirobotWriteNode::get_logger(const char [9])[m[K’
[2.328s]    55 |   RCLCPP_INFO(this->get_logger("I heard,"[01;31m[K)[m[K,"Art Jiang: %s", Gcode.c_str());
[2.328s]       |                                          [01;31m[K^[m[K
[2.329s] In file included from [01m[K/opt/ros/galactic/include/rclcpp/executors/single_threaded_executor.hpp:28[m[K,
[2.329s]                  from [01m[K/opt/ros/galactic/include/rclcpp/executors.hpp:22[m[K,
[2.329s]                  from [01m[K/opt/ros/galactic/include/rclcpp/rclcpp.hpp:156[m[K,
[2.329s]                  from [01m[K/home/artjiang/Desktop/mirobot_urdf_ros2/src/mirobot_write_node.cpp:6[m[K:
[2.329s] [01m[K/opt/ros/galactic/include/rclcpp/node.hpp:142:3:[m[K [01;36m[Knote: [m[Kcandidate: ‘[01m[Krclcpp::Logger rclcpp::Node::get_logger() const[m[K’
[2.330s]   142 |   [01;36m[Kget_logger[m[K() const;
[2.330s]       |   [01;36m[K^~~~~~~~~~[m[K
[2.330s] [01m[K/opt/ros/galactic/include/rclcpp/node.hpp:142:3:[m[K [01;36m[Knote: [m[K  candidate expects 0 arguments, 1 provided
[2.331s] In file included from [01m[K/opt/ros/galactic/include/rclcpp/client.hpp:40[m[K,
[2.331s]                  from [01m[K/opt/ros/galactic/include/rclcpp/callback_group.hpp:23[m[K,
[2.331s]                  from [01m[K/opt/ros/galactic/include/rclcpp/any_executable.hpp:20[m[K,
[2.332s]                  from [01m[K/opt/ros/galactic/include/rclcpp/memory_strategy.hpp:25[m[K,
[2.332s]                  from [01m[K/opt/ros/galactic/include/rclcpp/memory_strategies.hpp:18[m[K,
[2.332s]                  from [01m[K/opt/ros/galactic/include/rclcpp/executor_options.hpp:20[m[K,
[2.332s]                  from [01m[K/opt/ros/galactic/include/rclcpp/executor.hpp:36[m[K,
[2.332s]                  from [01m[K/opt/ros/galactic/include/rclcpp/executors/multi_threaded_executor.hpp:26[m[K,
[2.333s]                  from [01m[K/opt/ros/galactic/include/rclcpp/executors.hpp:21[m[K,
[2.333s]                  from [01m[K/opt/ros/galactic/include/rclcpp/rclcpp.hpp:156[m[K,
[2.333s]                  from [01m[K/home/artjiang/Desktop/mirobot_urdf_ros2/src/mirobot_write_node.cpp:6[m[K:
[2.333s] [01m[K/home/artjiang/Desktop/mirobot_urdf_ros2/src/mirobot_write_node.cpp:55:42:[m[K [01;31m[Kerror: [m[Kno matching function for call to ‘[01m[KMirobotWriteNode::get_logger(const char [9])[m[K’
[2.333s]    55 |   RCLCPP_INFO(this->get_logger("I heard,"[01;31m[K)[m[K,"Art Jiang: %s", Gcode.c_str());
[2.334s]       |                                          [01;31m[K^[m[K
[2.334s] In file included from [01m[K/opt/ros/galactic/include/rclcpp/executors/single_threaded_executor.hpp:28[m[K,
[2.334s]                  from [01m[K/opt/ros/galactic/include/rclcpp/executors.hpp:22[m[K,
[2.334s]                  from [01m[K/opt/ros/galactic/include/rclcpp/rclcpp.hpp:156[m[K,
[2.334s]                  from [01m[K/home/artjiang/Desktop/mirobot_urdf_ros2/src/mirobot_write_node.cpp:6[m[K:
[2.335s] [01m[K/opt/ros/galactic/include/rclcpp/node.hpp:142:3:[m[K [01;36m[Knote: [m[Kcandidate: ‘[01m[Krclcpp::Logger rclcpp::Node::get_logger() const[m[K’
[2.335s]   142 |   [01;36m[Kget_logger[m[K() const;
[2.335s]       |   [01;36m[K^~~~~~~~~~[m[K
[2.335s] [01m[K/opt/ros/galactic/include/rclcpp/node.hpp:142:3:[m[K [01;36m[Knote: [m[K  candidate expects 0 arguments, 1 provided
[2.335s] In file included from [01m[K/opt/ros/galactic/include/rclcpp/service.hpp:34[m[K,
[2.336s]                  from [01m[K/opt/ros/galactic/include/rclcpp/callback_group.hpp:25[m[K,
[2.336s]                  from [01m[K/opt/ros/galactic/include/rclcpp/any_executable.hpp:20[m[K,
[2.336s]                  from [01m[K/opt/ros/galactic/include/rclcpp/memory_strategy.hpp:25[m[K,
[2.336s]                  from [01m[K/opt/ros/galactic/include/rclcpp/memory_strategies.hpp:18[m[K,
[2.336s]                  from [01m[K/opt/ros/galactic/include/rclcpp/executor_options.hpp:20[m[K,
[2.337s]                  from [01m[K/opt/ros/galactic/include/rclcpp/executor.hpp:36[m[K,
[2.337s]                  from [01m[K/opt/ros/galactic/include/rclcpp/executors/multi_threaded_executor.hpp:26[m[K,
[2.337s]                  from [01m[K/opt/ros/galactic/include/rclcpp/executors.hpp:21[m[K,
[2.338s]                  from [01m[K/opt/ros/galactic/include/rclcpp/rclcpp.hpp:156[m[K,
[2.338s]                  from [01m[K/home/artjiang/Desktop/mirobot_urdf_ros2/src/mirobot_write_node.cpp:6[m[K:
[2.339s] [01m[K/home/artjiang/Desktop/mirobot_urdf_ros2/src/mirobot_write_node.cpp:[m[K In function ‘[01m[Kint main(int, char**)[m[K’:
[2.339s] [01m[K/home/artjiang/Desktop/mirobot_urdf_ros2/src/mirobot_write_node.cpp:89:15:[m[K [01;31m[Kerror: [m[Kinvalid use of ‘[01m[Kthis[m[K’ in non-member function
[2.340s]    89 |   RCLCPP_INFO([01;31m[Kthis[m[K->get_logger(), "Port has been open successfully");
[2.340s]       |               [01;31m[K^~~~[m[K
[2.340s] [01m[K/home/artjiang/Desktop/mirobot_urdf_ros2/src/mirobot_write_node.cpp:89:15:[m[K [01;31m[Kerror: [m[Kinvalid use of ‘[01m[Kthis[m[K’ in non-member function
[2.340s] [01m[K/home/artjiang/Desktop/mirobot_urdf_ros2/src/mirobot_write_node.cpp:89:3:[m[K [01;31m[Kerror: [m[Ktemplate argument 1 is invalid
[2.341s]    89 |   [01;31m[KRCLCPP_INFO[m[K(this->get_logger(), "Port has been open successfully");
[2.341s]       |   [01;31m[K^~~~~~~~~~~[m[K
[2.341s] [01m[K/home/artjiang/Desktop/mirobot_urdf_ros2/src/mirobot_write_node.cpp:89:3:[m[K [01;31m[Kerror: [m[Ktemplate argument 1 is invalid
[2.341s]    89 |   [01;31m[KRCLCPP_INFO[m[K(this->get_logger(), "Port has been open successfully");
[2.341s]       |   [01;31m[K^~~~~~~~~~~[m[K
[2.342s] [01m[K/home/artjiang/Desktop/mirobot_urdf_ros2/src/mirobot_write_node.cpp:89:3:[m[K [01;31m[Kerror: [m[Ktemplate argument 1 is invalid
[2.342s]    89 |   [01;31m[KRCLCPP_INFO[m[K(this->get_logger(), "Port has been open successfully");
[2.342s]       |   [01;31m[K^~~~~~~~~~~[m[K
[2.342s] In file included from [01m[K/opt/ros/galactic/include/rclcpp/client.hpp:40[m[K,
[2.342s]                  from [01m[K/opt/ros/galactic/include/rclcpp/callback_group.hpp:23[m[K,
[2.342s]                  from [01m[K/opt/ros/galactic/include/rclcpp/any_executable.hpp:20[m[K,
[2.343s]                  from [01m[K/opt/ros/galactic/include/rclcpp/memory_strategy.hpp:25[m[K,
[2.343s]                  from [01m[K/opt/ros/galactic/include/rclcpp/memory_strategies.hpp:18[m[K,
[2.343s]                  from [01m[K/opt/ros/galactic/include/rclcpp/executor_options.hpp:20[m[K,
[2.343s]                  from [01m[K/opt/ros/galactic/include/rclcpp/executor.hpp:36[m[K,
[2.343s]                  from [01m[K/opt/ros/galactic/include/rclcpp/executors/multi_threaded_executor.hpp:26[m[K,
[2.344s]                  from [01m[K/opt/ros/galactic/include/rclcpp/executors.hpp:21[m[K,
[2.344s]                  from [01m[K/opt/ros/galactic/include/rclcpp/rclcpp.hpp:156[m[K,
[2.344s]                  from [01m[K/home/artjiang/Desktop/mirobot_urdf_ros2/src/mirobot_write_node.cpp:6[m[K:
[2.344s] [01m[K/home/artjiang/Desktop/mirobot_urdf_ros2/src/mirobot_write_node.cpp:89:15:[m[K [01;31m[Kerror: [m[Kinvalid use of ‘[01m[Kthis[m[K’ in non-member function
[2.344s]    89 |   RCLCPP_INFO([01;31m[Kthis[m[K->get_logger(), "Port has been open successfully");
[2.345s]       |               [01;31m[K^~~~[m[K
[2.345s] [01m[K/home/artjiang/Desktop/mirobot_urdf_ros2/src/mirobot_write_node.cpp:89:15:[m[K [01;31m[Kerror: [m[Kinvalid use of ‘[01m[Kthis[m[K’ in non-member function
[2.345s]    89 |   RCLCPP_INFO([01;31m[Kthis[m[K->get_logger(), "Port has been open successfully");
[2.345s]       |               [01;31m[K^~~~[m[K
[2.345s] In file included from [01m[K/opt/ros/galactic/include/rclcpp/service.hpp:34[m[K,
[2.345s]                  from [01m[K/opt/ros/galactic/include/rclcpp/callback_group.hpp:25[m[K,
[2.346s]                  from [01m[K/opt/ros/galactic/include/rclcpp/any_executable.hpp:20[m[K,
[2.346s]                  from [01m[K/opt/ros/galactic/include/rclcpp/memory_strategy.hpp:25[m[K,
[2.346s]                  from [01m[K/opt/ros/galactic/include/rclcpp/memory_strategies.hpp:18[m[K,
[2.346s]                  from [01m[K/opt/ros/galactic/include/rclcpp/executor_options.hpp:20[m[K,
[2.348s]                  from [01m[K/opt/ros/galactic/include/rclcpp/executor.hpp:36[m[K,
[2.349s]                  from [01m[K/opt/ros/galactic/include/rclcpp/executors/multi_threaded_executor.hpp:26[m[K,
[2.349s]                  from [01m[K/opt/ros/galactic/include/rclcpp/executors.hpp:21[m[K,
[2.349s]                  from [01m[K/opt/ros/galactic/include/rclcpp/rclcpp.hpp:156[m[K,
[2.349s]                  from [01m[K/home/artjiang/Desktop/mirobot_urdf_ros2/src/mirobot_write_node.cpp:6[m[K:
[2.350s] [01m[K/home/artjiang/Desktop/mirobot_urdf_ros2/src/mirobot_write_node.cpp:93:15:[m[K [01;31m[Kerror: [m[Kinvalid use of ‘[01m[Kthis[m[K’ in non-member function
[2.350s]    93 |   RCLCPP_INFO([01;31m[Kthis[m[K->get_logger(), "Unable to open port");
[2.350s]       |               [01;31m[K^~~~[m[K
[2.350s] [01m[K/home/artjiang/Desktop/mirobot_urdf_ros2/src/mirobot_write_node.cpp:93:15:[m[K [01;31m[Kerror: [m[Kinvalid use of ‘[01m[Kthis[m[K’ in non-member function
[2.350s] [01m[K/home/artjiang/Desktop/mirobot_urdf_ros2/src/mirobot_write_node.cpp:93:3:[m[K [01;31m[Kerror: [m[Ktemplate argument 1 is invalid
[2.350s]    93 |   [01;31m[KRCLCPP_INFO[m[K(this->get_logger(), "Unable to open port");
[2.351s]       |   [01;31m[K^~~~~~~~~~~[m[K
[2.351s] [01m[K/home/artjiang/Desktop/mirobot_urdf_ros2/src/mirobot_write_node.cpp:93:3:[m[K [01;31m[Kerror: [m[Ktemplate argument 1 is invalid
[2.351s]    93 |   [01;31m[KRCLCPP_INFO[m[K(this->get_logger(), "Unable to open port");
[2.351s]       |   [01;31m[K^~~~~~~~~~~[m[K
[2.351s] [01m[K/home/artjiang/Desktop/mirobot_urdf_ros2/src/mirobot_write_node.cpp:93:3:[m[K [01;31m[Kerror: [m[Ktemplate argument 1 is invalid
[2.352s]    93 |   [01;31m[KRCLCPP_INFO[m[K(this->get_logger(), "Unable to open port");
[2.352s]       |   [01;31m[K^~~~~~~~~~~[m[K
[2.352s] In file included from [01m[K/opt/ros/galactic/include/rclcpp/client.hpp:40[m[K,
[2.352s]                  from [01m[K/opt/ros/galactic/include/rclcpp/callback_group.hpp:23[m[K,
[2.352s]                  from [01m[K/opt/ros/galactic/include/rclcpp/any_executable.hpp:20[m[K,
[2.353s]                  from [01m[K/opt/ros/galactic/include/rclcpp/memory_strategy.hpp:25[m[K,
[2.353s]                  from [01m[K/opt/ros/galactic/include/rclcpp/memory_strategies.hpp:18[m[K,
[2.353s]                  from [01m[K/opt/ros/galactic/include/rclcpp/executor_options.hpp:20[m[K,
[2.353s]                  from [01m[K/opt/ros/galactic/include/rclcpp/executor.hpp:36[m[K,
[2.353s]                  from [01m[K/opt/ros/galactic/include/rclcpp/executors/multi_threaded_executor.hpp:26[m[K,
[2.354s]                  from [01m[K/opt/ros/galactic/include/rclcpp/executors.hpp:21[m[K,
[2.354s]                  from [01m[K/opt/ros/galactic/include/rclcpp/rclcpp.hpp:156[m[K,
[2.354s]                  from [01m[K/home/artjiang/Desktop/mirobot_urdf_ros2/src/mirobot_write_node.cpp:6[m[K:
[2.354s] [01m[K/home/artjiang/Desktop/mirobot_urdf_ros2/src/mirobot_write_node.cpp:93:15:[m[K [01;31m[Kerror: [m[Kinvalid use of ‘[01m[Kthis[m[K’ in non-member function
[2.354s]    93 |   RCLCPP_INFO([01;31m[Kthis[m[K->get_logger(), "Unable to open port");
[2.355s]       |               [01;31m[K^~~~[m[K
[2.355s] [01m[K/home/artjiang/Desktop/mirobot_urdf_ros2/src/mirobot_write_node.cpp:93:15:[m[K [01;31m[Kerror: [m[Kinvalid use of ‘[01m[Kthis[m[K’ in non-member function
[2.355s]    93 |   RCLCPP_INFO([01;31m[Kthis[m[K->get_logger(), "Unable to open port");
[2.355s]       |               [01;31m[K^~~~[m[K
[2.356s] [01m[K/home/artjiang/Desktop/mirobot_urdf_ros2/src/mirobot_write_node.cpp:99:18:[m[K [01;31m[Kerror: [m[K‘[01m[Ksleep_for[m[K’ is not a member of ‘[01m[Krclcpp::Clock[m[K’
[2.356s]    99 |   rclcpp::Clock::[01;31m[Ksleep_for[m[K(1);
[2.357s]       |                  [01;31m[K^~~~~~~~~[m[K
[2.357s] In file included from [01m[K/opt/ros/galactic/include/rclcpp/service.hpp:34[m[K,
[2.357s]                  from [01m[K/opt/ros/galactic/include/rclcpp/callback_group.hpp:25[m[K,
[2.357s]                  from [01m[K/opt/ros/galactic/include/rclcpp/any_executable.hpp:20[m[K,
[2.357s]                  from [01m[K/opt/ros/galactic/include/rclcpp/memory_strategy.hpp:25[m[K,
[2.358s]                  from [01m[K/opt/ros/galactic/include/rclcpp/memory_strategies.hpp:18[m[K,
[2.358s]                  from [01m[K/opt/ros/galactic/include/rclcpp/executor_options.hpp:20[m[K,
[2.358s]                  from [01m[K/opt/ros/galactic/include/rclcpp/executor.hpp:36[m[K,
[2.358s]                  from [01m[K/opt/ros/galactic/include/rclcpp/executors/multi_threaded_executor.hpp:26[m[K,
[2.358s]                  from [01m[K/opt/ros/galactic/include/rclcpp/executors.hpp:21[m[K,
[2.359s]                  from [01m[K/opt/ros/galactic/include/rclcpp/rclcpp.hpp:156[m[K,
[2.359s]                  from [01m[K/home/artjiang/Desktop/mirobot_urdf_ros2/src/mirobot_write_node.cpp:6[m[K:
[2.359s] [01m[K/home/artjiang/Desktop/mirobot_urdf_ros2/src/mirobot_write_node.cpp:100:15:[m[K [01;31m[Kerror: [m[Kinvalid use of ‘[01m[Kthis[m[K’ in non-member function
[2.359s]   100 |   RCLCPP_INFO([01;31m[Kthis[m[K->get_logger(), "Attach and wait for commands");
[2.359s]       |               [01;31m[K^~~~[m[K
[2.360s] [01m[K/home/artjiang/Desktop/mirobot_urdf_ros2/src/mirobot_write_node.cpp:100:15:[m[K [01;31m[Kerror: [m[Kinvalid use of ‘[01m[Kthis[m[K’ in non-member function
[2.360s] [01m[K/home/artjiang/Desktop/mirobot_urdf_ros2/src/mirobot_write_node.cpp:100:3:[m[K [01;31m[Kerror: [m[Ktemplate argument 1 is invalid
[2.360s]   100 |   [01;31m[KRCLCPP_INFO[m[K(this->get_logger(), "Attach and wait for commands");
[2.360s]       |   [01;31m[K^~~~~~~~~~~[m[K
[2.360s] [01m[K/home/artjiang/Desktop/mirobot_urdf_ros2/src/mirobot_write_node.cpp:100:3:[m[K [01;31m[Kerror: [m[Ktemplate argument 1 is invalid
[2.360s]   100 |   [01;31m[KRCLCPP_INFO[m[K(this->get_logger(), "Attach and wait for commands");
[2.361s]       |   [01;31m[K^~~~~~~~~~~[m[K
[2.361s] [01m[K/home/artjiang/Desktop/mirobot_urdf_ros2/src/mirobot_write_node.cpp:100:3:[m[K [01;31m[Kerror: [m[Ktemplate argument 1 is invalid
[2.361s]   100 |   [01;31m[KRCLCPP_INFO[m[K(this->get_logger(), "Attach and wait for commands");
[2.361s]       |   [01;31m[K^~~~~~~~~~~[m[K
[2.361s] In file included from [01m[K/opt/ros/galactic/include/rclcpp/client.hpp:40[m[K,
[2.361s]                  from [01m[K/opt/ros/galactic/include/rclcpp/callback_group.hpp:23[m[K,
[2.362s]                  from [01m[K/opt/ros/galactic/include/rclcpp/any_executable.hpp:20[m[K,
[2.362s]                  from [01m[K/opt/ros/galactic/include/rclcpp/memory_strategy.hpp:25[m[K,
[2.362s]                  from [01m[K/opt/ros/galactic/include/rclcpp/memory_strategies.hpp:18[m[K,
[2.362s]                  from [01m[K/opt/ros/galactic/include/rclcpp/executor_options.hpp:20[m[K,
[2.362s]                  from [01m[K/opt/ros/galactic/include/rclcpp/executor.hpp:36[m[K,
[2.363s]                  from [01m[K/opt/ros/galactic/include/rclcpp/executors/multi_threaded_executor.hpp:26[m[K,
[2.363s]                  from [01m[K/opt/ros/galactic/include/rclcpp/executors.hpp:21[m[K,
[2.363s]                  from [01m[K/opt/ros/galactic/include/rclcpp/rclcpp.hpp:156[m[K,
[2.364s]                  from [01m[K/home/artjiang/Desktop/mirobot_urdf_ros2/src/mirobot_write_node.cpp:6[m[K:
[2.364s] [01m[K/home/artjiang/Desktop/mirobot_urdf_ros2/src/mirobot_write_node.cpp:100:15:[m[K [01;31m[Kerror: [m[Kinvalid use of ‘[01m[Kthis[m[K’ in non-member function
[2.365s]   100 |   RCLCPP_INFO([01;31m[Kthis[m[K->get_logger(), "Attach and wait for commands");
[2.365s]       |               [01;31m[K^~~~[m[K
[2.365s] [01m[K/home/artjiang/Desktop/mirobot_urdf_ros2/src/mirobot_write_node.cpp:100:15:[m[K [01;31m[Kerror: [m[Kinvalid use of ‘[01m[Kthis[m[K’ in non-member function
[2.365s]   100 |   RCLCPP_INFO([01;31m[Kthis[m[K->get_logger(), "Attach and wait for commands");
[2.365s]       |               [01;31m[K^~~~[m[K
[2.366s] [01m[K/home/artjiang/Desktop/mirobot_urdf_ros2/src/mirobot_write_node.cpp:103:9:[m[K [01;31m[Kerror: [m[K‘[01m[Kros[m[K’ has not been declared
[2.366s]   103 |  while ([01;31m[Kros[m[K::ok())
[2.366s]       |         [01;31m[K^~~[m[K
[2.366s] [01m[K/home/artjiang/Desktop/mirobot_urdf_ros2/src/mirobot_write_node.cpp:105:37:[m[K [01;31m[Kerror: [m[Kexpected primary-expression before ‘[01m[K)[m[K’ token
[2.366s]   105 |   rclcpp::spin_some(MirobotWriteNode[01;31m[K)[m[K;
[2.367s]       |                                     [01;31m[K^[m[K
[3.715s] make[2]: *** [CMakeFiles/mirobot_write_node.dir/build.make:63: CMakeFiles/mirobot_write_node.dir/src/mirobot_write_node.cpp.o] Error 1
[3.715s] make[1]: *** [CMakeFiles/Makefile2:78: CMakeFiles/mirobot_write_node.dir/all] Error 2
[3.715s] make: *** [Makefile:141: all] Error 2
[3.720s] Invoked command in '/home/artjiang/Desktop/mirobot_urdf_ros2/build/mirobot_urdf_ros2' returned '2': CMAKE_PREFIX_PATH=${CMAKE_PREFIX_PATH}:/opt/ros/galactic /usr/bin/cmake --build /home/artjiang/Desktop/mirobot_urdf_ros2/build/mirobot_urdf_ros2 -- -j2 -l2
