[0.015s] Invoking command in '/home/artjiang/Desktop/mirobot_urdf_ros2/build/mirobot_urdf_ros2': CMAKE_PREFIX_PATH=${CMAKE_PREFIX_PATH}:/opt/ros/galactic /usr/bin/cmake --build /home/artjiang/Desktop/mirobot_urdf_ros2/build/mirobot_urdf_ros2 -- -j2 -l2
[0.072s] [35m[1mScanning dependencies of target mirobot_write_node[0m
[0.106s] [ 50%] [32mBuilding CXX object CMakeFiles/mirobot_write_node.dir/src/mirobot_write_node.cpp.o[0m
[1.909s] [01m[K/home/artjiang/Desktop/mirobot_urdf_ros2/src/mirobot_write_node.cpp:[m[K In constructor ‘[01m[KMirobotWriteNode::MirobotWriteNode()[m[K’:
[1.909s] [01m[K/home/artjiang/Desktop/mirobot_urdf_ros2/src/mirobot_write_node.cpp:32:7:[m[K [01;31m[Kerror: [m[K‘[01m[Ksubscription_[m[K’ was not declared in this scope; did you mean ‘[01m[Krcl_subscription_t[m[K’?
[1.909s]    32 |       [01;31m[Ksubscription_[m[K = this->create_subscription<sensor_msgs::msg::JointState>(
[1.909s]       |       [01;31m[K^~~~~~~~~~~~~[m[K
[1.910s]       |       [32m[Krcl_subscription_t[m[K
[2.812s] In file included from [01m[K/usr/include/x86_64-linux-gnu/c++/9/bits/c++allocator.h:33[m[K,
[2.812s]                  from [01m[K/usr/include/c++/9/bits/allocator.h:46[m[K,
[2.812s]                  from [01m[K/usr/include/c++/9/string:41[m[K,
[2.812s]                  from [01m[K/usr/include/c++/9/stdexcept:39[m[K,
[2.812s]                  from [01m[K/usr/include/c++/9/array:39[m[K,
[2.812s]                  from [01m[K/usr/include/c++/9/tuple:39[m[K,
[2.812s]                  from [01m[K/usr/include/c++/9/functional:54[m[K,
[2.812s]                  from [01m[K/home/artjiang/Desktop/mirobot_urdf_ros2/src/mirobot_write_node.cpp:3[m[K:
[2.812s] /usr/include/c++/9/ext/new_allocator.h: In instantiation of ‘[01m[Kvoid __gnu_cxx::new_allocator<_Tp>::construct(_Up*, _Args&& ...) [with _Up = MirobotWriteNode; _Args = {const char (&)[19]}; _Tp = MirobotWriteNode][m[K’:
[2.812s] [01m[K/usr/include/c++/9/bits/alloc_traits.h:483:4:[m[K   required from ‘[01m[Kstatic void std::allocator_traits<std::allocator<_CharT> >::construct(std::allocator_traits<std::allocator<_CharT> >::allocator_type&, _Up*, _Args&& ...) [with _Up = MirobotWriteNode; _Args = {const char (&)[19]}; _Tp = MirobotWriteNode; std::allocator_traits<std::allocator<_CharT> >::allocator_type = std::allocator<MirobotWriteNode>][m[K’
[2.813s] [01m[K/usr/include/c++/9/bits/shared_ptr_base.h:548:39:[m[K   required from ‘[01m[Kstd::_Sp_counted_ptr_inplace<_Tp, _Alloc, _Lp>::_Sp_counted_ptr_inplace(_Alloc, _Args&& ...) [with _Args = {const char (&)[19]}; _Tp = MirobotWriteNode; _Alloc = std::allocator<MirobotWriteNode>; __gnu_cxx::_Lock_policy _Lp = __gnu_cxx::_S_atomic][m[K’
[2.813s] [01m[K/usr/include/c++/9/bits/shared_ptr_base.h:679:16:[m[K   required from ‘[01m[Kstd::__shared_count<_Lp>::__shared_count(_Tp*&, std::_Sp_alloc_shared_tag<_Alloc>, _Args&& ...) [with _Tp = MirobotWriteNode; _Alloc = std::allocator<MirobotWriteNode>; _Args = {const char (&)[19]}; __gnu_cxx::_Lock_policy _Lp = __gnu_cxx::_S_atomic][m[K’
[2.813s] [01m[K/usr/include/c++/9/bits/shared_ptr_base.h:1344:71:[m[K   required from ‘[01m[Kstd::__shared_ptr<_Tp, _Lp>::__shared_ptr(std::_Sp_alloc_shared_tag<_Tp>, _Args&& ...) [with _Alloc = std::allocator<MirobotWriteNode>; _Args = {const char (&)[19]}; _Tp = MirobotWriteNode; __gnu_cxx::_Lock_policy _Lp = __gnu_cxx::_S_atomic][m[K’
[2.813s] [01m[K/usr/include/c++/9/bits/shared_ptr.h:359:59:[m[K   required from ‘[01m[Kstd::shared_ptr<_Tp>::shared_ptr(std::_Sp_alloc_shared_tag<_Tp>, _Args&& ...) [with _Alloc = std::allocator<MirobotWriteNode>; _Args = {const char (&)[19]}; _Tp = MirobotWriteNode][m[K’
[2.813s] [01m[K/usr/include/c++/9/bits/shared_ptr.h:701:14:[m[K   required from ‘[01m[Kstd::shared_ptr<_Tp> std::allocate_shared(const _Alloc&, _Args&& ...) [with _Tp = MirobotWriteNode; _Alloc = std::allocator<MirobotWriteNode>; _Args = {const char (&)[19]}][m[K’
[2.813s] [01m[K/usr/include/c++/9/bits/shared_ptr.h:717:39:[m[K   required from ‘[01m[Kstd::shared_ptr<_Tp> std::make_shared(_Args&& ...) [with _Tp = MirobotWriteNode; _Args = {const char (&)[19]}][m[K’
[2.813s] [01m[K/home/artjiang/Desktop/mirobot_urdf_ros2/src/mirobot_write_node.cpp:76:69:[m[K   required from here
[2.813s] [01m[K/usr/include/c++/9/ext/new_allocator.h:146:4:[m[K [01;31m[Kerror: [m[Kno matching function for call to ‘[01m[KMirobotWriteNode::MirobotWriteNode(const char [19])[m[K’
[2.813s]   146 |  { [01;31m[K::new((void *)__p) _Up(std::forward<_Args>(__args)...)[m[K; }
[2.813s]       |    [01;31m[K^~~~~~~~~~~~~~~~~~~~~~~~~~~~~~~~~~~~~~~~~~~~~~~~~~~~~~[m[K
[2.813s] [01m[K/home/artjiang/Desktop/mirobot_urdf_ros2/src/mirobot_write_node.cpp:29:5:[m[K [01;36m[Knote: [m[Kcandidate: ‘[01m[KMirobotWriteNode::MirobotWriteNode()[m[K’
[2.814s]    29 |     [01;36m[KMirobotWriteNode[m[K()
[2.814s]       |     [01;36m[K^~~~~~~~~~~~~~~~[m[K
[2.814s] [01m[K/home/artjiang/Desktop/mirobot_urdf_ros2/src/mirobot_write_node.cpp:29:5:[m[K [01;36m[Knote: [m[K  candidate expects 0 arguments, 1 provided
[3.773s] make[2]: *** [CMakeFiles/mirobot_write_node.dir/build.make:63: CMakeFiles/mirobot_write_node.dir/src/mirobot_write_node.cpp.o] Error 1
[3.773s] make[1]: *** [CMakeFiles/Makefile2:78: CMakeFiles/mirobot_write_node.dir/all] Error 2
[3.773s] make: *** [Makefile:141: all] Error 2
[3.778s] Invoked command in '/home/artjiang/Desktop/mirobot_urdf_ros2/build/mirobot_urdf_ros2' returned '2': CMAKE_PREFIX_PATH=${CMAKE_PREFIX_PATH}:/opt/ros/galactic /usr/bin/cmake --build /home/artjiang/Desktop/mirobot_urdf_ros2/build/mirobot_urdf_ros2 -- -j2 -l2
