CMake Warning at /home/artjiang/dev_ws/install/serial/share/serial/cmake/ament_cmake_export_libraries-extras.cmake:116 (message):
  Package 'serial' exports library 'serial' which couldn't be found
Call Stack (most recent call first):
  /home/artjiang/dev_ws/install/serial/share/serial/cmake/serialConfig.cmake:41 (include)
  CMakeLists.txt:22 (find_package)


[01m[K/home/artjiang/Desktop/mirobot_urdf_ros2/src/mirobot_write_node.cpp:117:[m[K [01;31m[Kerror: [m[Kunterminated argument list invoking macro "RCLCPP_INFO"
  117 | 
      | 
[01m[K/home/artjiang/Desktop/mirobot_urdf_ros2/src/mirobot_write_node.cpp:29:23:[m[K [01;31m[Kerror: [m[KISO C++ forbids declaration of ‘[01m[KMinimalSubscriber[m[K’ with no type [[01;31m[K-fpermissive[m[K]
   29 |     MinimalSubscriber([01;31m[K)[m[K
      |                       [01;31m[K^[m[K
[01m[K/home/artjiang/Desktop/mirobot_urdf_ros2/src/mirobot_write_node.cpp:55:3:[m[K [01;31m[Kerror: [m[Kexpected ‘[01m[K}[m[K’ at end of input
   55 |   [01;31m[KRCLCPP_INFO[m[K((rclcpp::get_logger("I heard,"),"Art Jiang: %s", Gcode.c_str());
      |   [01;31m[K^~~~~~~~~~~[m[K
[01m[K/home/artjiang/Desktop/mirobot_urdf_ros2/src/mirobot_write_node.cpp:27:1:[m[K [01;36m[Knote: [m[Kto match this ‘[01m[K{[m[K’
   27 | [01;36m[K{[m[K
      | [01;36m[K^[m[K
[01m[K/home/artjiang/Desktop/mirobot_urdf_ros2/src/mirobot_write_node.cpp:[m[K In member function ‘[01m[Kint MirobotWriteNode::MinimalSubscriber()[m[K’:
[01m[K/home/artjiang/Desktop/mirobot_urdf_ros2/src/mirobot_write_node.cpp:30:7:[m[K [01;31m[Kerror: [m[Konly constructors take member initializers
   30 |     : [01;31m[KNode[m[K("Mirobot_write_node")
      |       [01;31m[K^~~~[m[K
[01m[K/home/artjiang/Desktop/mirobot_urdf_ros2/src/mirobot_write_node.cpp:32:7:[m[K [01;31m[Kerror: [m[K‘[01m[Ksubscription_[m[K’ was not declared in this scope; did you mean ‘[01m[Krcl_subscription_t[m[K’?
   32 |       [01;31m[Ksubscription_[m[K = this->create_subscription<std_msgs::msg::String>(
      |       [01;31m[K^~~~~~~~~~~~~[m[K
      |       [32m[Krcl_subscription_t[m[K
[01m[K/home/artjiang/Desktop/mirobot_urdf_ros2/src/mirobot_write_node.cpp:33:38:[m[K [01;31m[Kerror: [m[K‘[01m[KMinimalSubscriber[m[K’ is not a class, namespace, or enumeration
   33 |       "/joint_states", 1, std::bind(&[01;31m[KMinimalSubscriber[m[K::angle_write_callback, this, _1));
      |                                      [01;31m[K^~~~~~~~~~~~~~~~~[m[K
[01m[K/home/artjiang/Desktop/mirobot_urdf_ros2/src/mirobot_write_node.cpp:33:85:[m[K [01;31m[Kerror: [m[K‘[01m[K_1[m[K’ was not declared in this scope; did you mean ‘[01m[Kstd::placeholders::_1[m[K’?
   33 |       "/joint_states", 1, std::bind(&MinimalSubscriber::angle_write_callback, this, [01;31m[K_1[m[K));
      |                                                                                     [01;31m[K^~[m[K
      |                                                                                     [32m[Kstd::placeholders::_1[m[K
In file included from [01m[K/home/artjiang/Desktop/mirobot_urdf_ros2/src/mirobot_write_node.cpp:3[m[K:
[01m[K/usr/include/c++/9/functional:211:34:[m[K [01;36m[Knote: [m[K‘[01m[Kstd::placeholders::_1[m[K’ declared here
  211 |     extern const _Placeholder<1> [01;36m[K_1[m[K;
      |                                  [01;36m[K^~[m[K
[01m[K/home/artjiang/Desktop/mirobot_urdf_ros2/src/mirobot_write_node.cpp:34:5:[m[K [01;35m[Kwarning: [m[Kno return statement in function returning non-void [[01;35m[K-Wreturn-type[m[K]
   34 |     [01;35m[K}[m[K
      |     [01;35m[K^[m[K
[01m[K/home/artjiang/Desktop/mirobot_urdf_ros2/src/mirobot_write_node.cpp:[m[K In member function ‘[01m[Kvoid MirobotWriteNode::angle_write_callback(const JointState&)[m[K’:
[01m[K/home/artjiang/Desktop/mirobot_urdf_ros2/src/mirobot_write_node.cpp:55:3:[m[K [01;31m[Kerror: [m[K‘[01m[KRCLCPP_INFO[m[K’ was not declared in this scope
   55 |   [01;31m[KRCLCPP_INFO[m[K((rclcpp::get_logger("I heard,"),"Art Jiang: %s", Gcode.c_str());
      |   [01;31m[K^~~~~~~~~~~[m[K
[01m[K/home/artjiang/Desktop/mirobot_urdf_ros2/src/mirobot_write_node.cpp:55:3:[m[K [01;31m[Kerror: [m[Kexpected ‘[01m[K}[m[K’ at end of input
[01m[K/home/artjiang/Desktop/mirobot_urdf_ros2/src/mirobot_write_node.cpp:38:2:[m[K [01;36m[Knote: [m[Kto match this ‘[01m[K{[m[K’
   38 |  [01;36m[K{[m[K
      |  [01;36m[K^[m[K
[01m[K/home/artjiang/Desktop/mirobot_urdf_ros2/src/mirobot_write_node.cpp:[m[K At global scope:
[01m[K/home/artjiang/Desktop/mirobot_urdf_ros2/src/mirobot_write_node.cpp:55:3:[m[K [01;31m[Kerror: [m[Kexpected unqualified-id at end of input
   55 |   [01;31m[KRCLCPP_INFO[m[K((rclcpp::get_logger("I heard,"),"Art Jiang: %s", Gcode.c_str());
      |   [01;31m[K^~~~~~~~~~~[m[K
make[2]: *** [CMakeFiles/mirobot_write_node.dir/build.make:63: CMakeFiles/mirobot_write_node.dir/src/mirobot_write_node.cpp.o] Error 1
make[1]: *** [CMakeFiles/Makefile2:78: CMakeFiles/mirobot_write_node.dir/all] Error 2
make: *** [Makefile:141: all] Error 2
