[0.018s] Invoking command in '/home/artjiang/Desktop/mirobot_urdf_ros2/build/mirobot_urdf_ros2': CMAKE_PREFIX_PATH=${CMAKE_PREFIX_PATH}:/opt/ros/galactic /usr/bin/cmake --build /home/artjiang/Desktop/mirobot_urdf_ros2/build/mirobot_urdf_ros2 -- -j2 -l2
[0.077s] [35m[1mScanning dependencies of target mirobot_write_node[0m
[0.122s] [ 50%] [32mBuilding CXX object CMakeFiles/mirobot_write_node.dir/src/mirobot_write_node.cpp.o[0m
[1.707s] [01m[K/home/artjiang/Desktop/mirobot_urdf_ros2/src/mirobot_write_node.cpp:[m[K In function ‘[01m[Kvoid angle_write_callback(const JointState&)[m[K’:
[1.707s] [01m[K/home/artjiang/Desktop/mirobot_urdf_ros2/src/mirobot_write_node.cpp:27:12:[m[K [01;31m[Kerror: [m[K‘[01m[KString[m[K’ is not a member of ‘[01m[Kstd_msgs[m[K’; did you mean ‘[01m[Kstd_msgs::msg::String[m[K’?
[1.707s]    27 |  std_msgs::[01;31m[KString[m[K result;
[1.707s]       |            [01;31m[K^~~~~~[m[K
[1.707s] In file included from [01m[K/opt/ros/galactic/include/std_msgs/msg/string.hpp:7[m[K,
[1.707s]                  from [01m[K/home/artjiang/Desktop/mirobot_urdf_ros2/src/mirobot_write_node.cpp:7[m[K:
[1.707s] [01m[K/opt/ros/galactic/include/std_msgs/msg/detail/string__struct.hpp:121:7:[m[K [01;36m[Knote: [m[K‘[01m[Kstd_msgs::msg::String[m[K’ declared here
[1.707s]   121 | using [01;36m[KString[m[K =
[1.707s]       |       [01;36m[K^~~~~~[m[K
[1.710s] [01m[K/home/artjiang/Desktop/mirobot_urdf_ros2/src/mirobot_write_node.cpp:42:2:[m[K [01;31m[Kerror: [m[K‘[01m[KROS_INFO[m[K’ was not declared in this scope
[1.710s]    42 |  [01;31m[KROS_INFO[m[K("%s", Gcode.c_str());
[1.710s]       |  [01;31m[K^~~~~~~~[m[K
[1.710s] [01m[K/home/artjiang/Desktop/mirobot_urdf_ros2/src/mirobot_write_node.cpp:44:2:[m[K [01;31m[Kerror: [m[K‘[01m[Kresult[m[K’ was not declared in this scope
[1.711s]    44 |  [01;31m[Kresult[m[K.data = _serial.read(_serial.available());
[1.711s]       |  [01;31m[K^~~~~~[m[K
[1.711s] [01m[K/home/artjiang/Desktop/mirobot_urdf_ros2/src/mirobot_write_node.cpp:[m[K In function ‘[01m[Kint main(int, char**)[m[K’:
[1.711s] [01m[K/home/artjiang/Desktop/mirobot_urdf_ros2/src/mirobot_write_node.cpp:49:2:[m[K [01;31m[Kerror: [m[K‘[01m[Kros[m[K’ has not been declared
[1.711s]    49 |  [01;31m[Kros[m[K::init(argc, argv, "mirobot_write_node");//初始化，节点名称 "Mirobot_write_node"
[1.711s]       |  [01;31m[K^~~[m[K
[1.711s] [01m[K/home/artjiang/Desktop/mirobot_urdf_ros2/src/mirobot_write_node.cpp:50:2:[m[K [01;31m[Kerror: [m[K‘[01m[Kros[m[K’ has not been declared
[1.711s]    50 |  [01;31m[Kros[m[K::NodeHandle nh;
[1.711s]       |  [01;31m[K^~~[m[K
[1.711s] [01m[K/home/artjiang/Desktop/mirobot_urdf_ros2/src/mirobot_write_node.cpp:52:2:[m[K [01;31m[Kerror: [m[K‘[01m[Kros[m[K’ has not been declared
[1.711s]    52 |  [01;31m[Kros[m[K::Subscriber sub_angle = nh.subscribe("/joint_states", 1, angle_write_callback);//指定节点订阅的话题，并指定回调函数
[1.711s]       |  [01;31m[K^~~[m[K
[1.711s] [01m[K/home/artjiang/Desktop/mirobot_urdf_ros2/src/mirobot_write_node.cpp:53:2:[m[K [01;31m[Kerror: [m[K‘[01m[Kros[m[K’ has not been declared
[1.711s]    53 |  [01;31m[Kros[m[K::Rate loop_rate(20);//指定了频率为20Hz
[1.711s]       |  [01;31m[K^~~[m[K
[1.712s] [01m[K/home/artjiang/Desktop/mirobot_urdf_ros2/src/mirobot_write_node.cpp:63:3:[m[K [01;31m[Kerror: [m[K‘[01m[KROS_INFO_STREAM[m[K’ was not declared in this scope; did you mean ‘[01m[KRCLCPP_INFO_STREAM[m[K’?
[1.712s]    63 |   [01;31m[KROS_INFO_STREAM[m[K("Port has been open successfully");
[1.712s]       |   [01;31m[K^~~~~~~~~~~~~~~[m[K
[1.712s]       |   [32m[KRCLCPP_INFO_STREAM[m[K
[1.714s] [01m[K/home/artjiang/Desktop/mirobot_urdf_ros2/src/mirobot_write_node.cpp:67:3:[m[K [01;31m[Kerror: [m[K‘[01m[KROS_ERROR_STREAM[m[K’ was not declared in this scope; did you mean ‘[01m[KRCLCPP_ERROR_STREAM[m[K’?
[1.714s]    67 |   [01;31m[KROS_ERROR_STREAM[m[K("Unable to open port");
[1.714s]       |   [01;31m[K^~~~~~~~~~~~~~~~[m[K
[1.714s]       |   [32m[KRCLCPP_ERROR_STREAM[m[K
[1.714s] [01m[K/home/artjiang/Desktop/mirobot_urdf_ros2/src/mirobot_write_node.cpp:73:3:[m[K [01;31m[Kerror: [m[K‘[01m[Kros[m[K’ has not been declared
[1.714s]    73 |   [01;31m[Kros[m[K::Duration(1).sleep();
[1.714s]       |   [01;31m[K^~~[m[K
[1.715s] [01m[K/home/artjiang/Desktop/mirobot_urdf_ros2/src/mirobot_write_node.cpp:74:3:[m[K [01;31m[Kerror: [m[K‘[01m[KROS_INFO_STREAM[m[K’ was not declared in this scope; did you mean ‘[01m[KRCLCPP_INFO_STREAM[m[K’?
[1.715s]    74 |   [01;31m[KROS_INFO_STREAM[m[K("Attach and wait for commands");
[1.715s]       |   [01;31m[K^~~~~~~~~~~~~~~[m[K
[1.716s]       |   [32m[KRCLCPP_INFO_STREAM[m[K
[1.716s] [01m[K/home/artjiang/Desktop/mirobot_urdf_ros2/src/mirobot_write_node.cpp:77:9:[m[K [01;31m[Kerror: [m[K‘[01m[Kros[m[K’ has not been declared
[1.716s]    77 |  while ([01;31m[Kros[m[K::ok())
[1.716s]       |         [01;31m[K^~~[m[K
[1.716s] [01m[K/home/artjiang/Desktop/mirobot_urdf_ros2/src/mirobot_write_node.cpp:79:3:[m[K [01;31m[Kerror: [m[K‘[01m[Kros[m[K’ has not been declared
[1.716s]    79 |   [01;31m[Kros[m[K::spinOnce();
[1.716s]       |   [01;31m[K^~~[m[K
[1.717s] [01m[K/home/artjiang/Desktop/mirobot_urdf_ros2/src/mirobot_write_node.cpp:80:3:[m[K [01;31m[Kerror: [m[K‘[01m[Kloop_rate[m[K’ was not declared in this scope
[1.717s]    80 |   [01;31m[Kloop_rate[m[K.sleep();
[1.717s]       |   [01;31m[K^~~~~~~~~[m[K
[2.325s] make[2]: *** [CMakeFiles/mirobot_write_node.dir/build.make:63: CMakeFiles/mirobot_write_node.dir/src/mirobot_write_node.cpp.o] Error 1
[2.325s] make[1]: *** [CMakeFiles/Makefile2:78: CMakeFiles/mirobot_write_node.dir/all] Error 2
[2.325s] make: *** [Makefile:141: all] Error 2
[2.328s] Invoked command in '/home/artjiang/Desktop/mirobot_urdf_ros2/build/mirobot_urdf_ros2' returned '2': CMAKE_PREFIX_PATH=${CMAKE_PREFIX_PATH}:/opt/ros/galactic /usr/bin/cmake --build /home/artjiang/Desktop/mirobot_urdf_ros2/build/mirobot_urdf_ros2 -- -j2 -l2
