[0.022s] Invoking command in '/home/artjiang/Desktop/mirobot_urdf_ros2/build/mirobot_urdf_ros2': CMAKE_PREFIX_PATH=${CMAKE_PREFIX_PATH}:/opt/ros/galactic /usr/bin/cmake --build /home/artjiang/Desktop/mirobot_urdf_ros2/build/mirobot_urdf_ros2 -- -j2 -l2
[0.100s] [35m[1mScanning dependencies of target mirobot_write_node[0m
[0.155s] [ 50%] [32mBuilding CXX object CMakeFiles/mirobot_write_node.dir/src/mirobot_write_node.cpp.o[0m
[1.829s] [01m[K/home/artjiang/Desktop/mirobot_urdf_ros2/src/mirobot_write_node.cpp:[m[K In constructor ‘[01m[KMirobotWriteNode::MirobotWriteNode(std::string)[m[K’:
[1.830s] [01m[K/home/artjiang/Desktop/mirobot_urdf_ros2/src/mirobot_write_node.cpp:33:87:[m[K [01;31m[Kerror: [m[Kno match for ‘[01m[Koperator=[m[K’ (operand types are ‘[01m[Krclcpp::Subscription<std_msgs::msg::String_<std::allocator<void> > >::SharedPtr[m[K’ {aka ‘[01m[Kstd::shared_ptr<rclcpp::Subscription<std_msgs::msg::String_<std::allocator<void> > > >[m[K’} and ‘[01m[Kstd::shared_ptr<rclcpp::Subscription<sensor_msgs::msg::JointState_<std::allocator<void> >, std::allocator<void>, rclcpp::message_memory_strategy::MessageMemoryStrategy<sensor_msgs::msg::JointState_<std::allocator<void> >, std::allocator<void> > > >[m[K’)
[1.830s]    33 |       "/joint_states", 1, std::bind(&MirobotWriteNode::angle_write_callback, this, _1)[01;31m[K)[m[K;
[1.830s]       |                                                                                       [01;31m[K^[m[K
[1.830s] In file included from [01m[K/usr/include/c++/9/memory:81[m[K,
[1.830s]                  from [01m[K/home/artjiang/Desktop/mirobot_urdf_ros2/src/mirobot_write_node.cpp:4[m[K:
[1.830s] [01m[K/usr/include/c++/9/bits/shared_ptr.h:309:19:[m[K [01;36m[Knote: [m[Kcandidate: ‘[01m[Kstd::shared_ptr<_Tp>& std::shared_ptr<_Tp>::operator=(const std::shared_ptr<_Tp>&) [with _Tp = rclcpp::Subscription<std_msgs::msg::String_<std::allocator<void> > >][m[K’
[1.830s]   309 |       shared_ptr& [01;36m[Koperator[m[K=(const shared_ptr&) noexcept = default;
[1.830s]       |                   [01;36m[K^~~~~~~~[m[K
[1.830s] [01m[K/usr/include/c++/9/bits/shared_ptr.h:309:29:[m[K [01;36m[Knote: [m[K  no known conversion for argument 1 from ‘[01m[Kstd::shared_ptr<rclcpp::Subscription<sensor_msgs::msg::JointState_<std::allocator<void> >, std::allocator<void>, rclcpp::message_memory_strategy::MessageMemoryStrategy<sensor_msgs::msg::JointState_<std::allocator<void> >, std::allocator<void> > > >[m[K’ to ‘[01m[Kconst std::shared_ptr<rclcpp::Subscription<std_msgs::msg::String_<std::allocator<void> > > >&[m[K’
[1.830s]   309 |       shared_ptr& operator=([01;36m[Kconst shared_ptr&[m[K) noexcept = default;
[1.830s]       |                             [01;36m[K^~~~~~~~~~~~~~~~~[m[K
[1.831s] [01m[K/usr/include/c++/9/bits/shared_ptr.h:313:2:[m[K [01;36m[Knote: [m[Kcandidate: ‘[01m[Ktemplate<class _Yp> std::shared_ptr<_Tp>::_Assignable<const std::shared_ptr<_Yp>&> std::shared_ptr<_Tp>::operator=(const std::shared_ptr<_Yp>&) [with _Yp = _Yp; _Tp = rclcpp::Subscription<std_msgs::msg::String_<std::allocator<void> > >][m[K’
[1.831s]   313 |  [01;36m[Koperator[m[K=(const shared_ptr<_Yp>& __r) noexcept
[1.831s]       |  [01;36m[K^~~~~~~~[m[K
[1.831s] [01m[K/usr/include/c++/9/bits/shared_ptr.h:313:2:[m[K [01;36m[Knote: [m[K  template argument deduction/substitution failed:
[1.831s] /usr/include/c++/9/bits/shared_ptr.h: In substitution of ‘[01m[Ktemplate<class _Tp> template<class _Arg> using _Assignable = typename std::enable_if<std::is_assignable<std::__shared_ptr<_Tp>&, _Arg>::value, std::shared_ptr<_Tp>&>::type [with _Arg = const std::shared_ptr<rclcpp::Subscription<sensor_msgs::msg::JointState_<std::allocator<void> >, std::allocator<void>, rclcpp::message_memory_strategy::MessageMemoryStrategy<sensor_msgs::msg::JointState_<std::allocator<void> >, std::allocator<void> > > >&; _Tp = rclcpp::Subscription<std_msgs::msg::String_<std::allocator<void> > >][m[K’:
[1.831s] [01m[K/usr/include/c++/9/bits/shared_ptr.h:313:2:[m[K   required by substitution of ‘[01m[Ktemplate<class _Yp> std::shared_ptr<rclcpp::Subscription<std_msgs::msg::String_<std::allocator<void> > > >::_Assignable<const std::shared_ptr<_Tp>&> std::shared_ptr<rclcpp::Subscription<std_msgs::msg::String_<std::allocator<void> > > >::operator=<_Yp>(const std::shared_ptr<_Tp>&) [with _Yp = rclcpp::Subscription<sensor_msgs::msg::JointState_<std::allocator<void> >, std::allocator<void>, rclcpp::message_memory_strategy::MessageMemoryStrategy<sensor_msgs::msg::JointState_<std::allocator<void> >, std::allocator<void> > >][m[K’
[1.831s] [01m[K/home/artjiang/Desktop/mirobot_urdf_ros2/src/mirobot_write_node.cpp:33:87:[m[K   required from here
[1.831s] [01m[K/usr/include/c++/9/bits/shared_ptr.h:111:8:[m[K [01;31m[Kerror: [m[Kno type named ‘[01m[Ktype[m[K’ in ‘[01m[Kstruct std::enable_if<false, std::shared_ptr<rclcpp::Subscription<std_msgs::msg::String_<std::allocator<void> > > >&>[m[K’
[1.831s]   111 |  using [01;31m[K_Assignable[m[K = typename enable_if<
[1.831s]       |        [01;31m[K^~~~~~~~~~~[m[K
[1.831s] [01m[K/usr/include/c++/9/bits/shared_ptr.h:324:2:[m[K [01;36m[Knote: [m[Kcandidate: ‘[01m[Ktemplate<class _Yp> std::shared_ptr<_Tp>::_Assignable<std::auto_ptr<_Up> > std::shared_ptr<_Tp>::operator=(std::auto_ptr<_Up>&&) [with _Yp = _Yp; _Tp = rclcpp::Subscription<std_msgs::msg::String_<std::allocator<void> > >][m[K’
[1.831s]   324 |  [01;36m[Koperator[m[K=(auto_ptr<_Yp>&& __r)
[1.831s]       |  [01;36m[K^~~~~~~~[m[K
[1.832s] [01m[K/usr/include/c++/9/bits/shared_ptr.h:324:2:[m[K [01;36m[Knote: [m[K  template argument deduction/substitution failed:
[1.832s] [01m[K/home/artjiang/Desktop/mirobot_urdf_ros2/src/mirobot_write_node.cpp:33:87:[m[K [01;36m[Knote: [m[K  ‘[01m[Kstd::shared_ptr<rclcpp::Subscription<sensor_msgs::msg::JointState_<std::allocator<void> >, std::allocator<void>, rclcpp::message_memory_strategy::MessageMemoryStrategy<sensor_msgs::msg::JointState_<std::allocator<void> >, std::allocator<void> > > >[m[K’ is not derived from ‘[01m[Kstd::auto_ptr<_Up>[m[K’
[1.832s]    33 |       "/joint_states", 1, std::bind(&MirobotWriteNode::angle_write_callback, this, _1)[01;36m[K)[m[K;
[1.832s]       |                                                                                       [01;36m[K^[m[K
[1.832s] In file included from [01m[K/usr/include/c++/9/memory:81[m[K,
[1.832s]                  from [01m[K/home/artjiang/Desktop/mirobot_urdf_ros2/src/mirobot_write_node.cpp:4[m[K:
[1.832s] [01m[K/usr/include/c++/9/bits/shared_ptr.h:333:7:[m[K [01;36m[Knote: [m[Kcandidate: ‘[01m[Kstd::shared_ptr<_Tp>& std::shared_ptr<_Tp>::operator=(std::shared_ptr<_Tp>&&) [with _Tp = rclcpp::Subscription<std_msgs::msg::String_<std::allocator<void> > >][m[K’
[1.832s]   333 |       [01;36m[Koperator[m[K=(shared_ptr&& __r) noexcept
[1.832s]       |       [01;36m[K^~~~~~~~[m[K
[1.832s] [01m[K/usr/include/c++/9/bits/shared_ptr.h:333:30:[m[K [01;36m[Knote: [m[K  no known conversion for argument 1 from ‘[01m[Kstd::shared_ptr<rclcpp::Subscription<sensor_msgs::msg::JointState_<std::allocator<void> >, std::allocator<void>, rclcpp::message_memory_strategy::MessageMemoryStrategy<sensor_msgs::msg::JointState_<std::allocator<void> >, std::allocator<void> > > >[m[K’ to ‘[01m[Kstd::shared_ptr<rclcpp::Subscription<std_msgs::msg::String_<std::allocator<void> > > >&&[m[K’
[1.832s]   333 |       operator=([01;36m[Kshared_ptr&& __r[m[K) noexcept
[1.832s]       |                 [01;36m[K~~~~~~~~~~~~~^~~[m[K
[1.833s] [01m[K/usr/include/c++/9/bits/shared_ptr.h:341:2:[m[K [01;36m[Knote: [m[Kcandidate: ‘[01m[Ktemplate<class _Yp> std::shared_ptr<_Tp>::_Assignable<std::shared_ptr<_Yp> > std::shared_ptr<_Tp>::operator=(std::shared_ptr<_Yp>&&) [with _Yp = _Yp; _Tp = rclcpp::Subscription<std_msgs::msg::String_<std::allocator<void> > >][m[K’
[1.833s]   341 |  [01;36m[Koperator[m[K=(shared_ptr<_Yp>&& __r) noexcept
[1.833s]       |  [01;36m[K^~~~~~~~[m[K
[1.833s] [01m[K/usr/include/c++/9/bits/shared_ptr.h:341:2:[m[K [01;36m[Knote: [m[K  template argument deduction/substitution failed:
[1.833s] /usr/include/c++/9/bits/shared_ptr.h: In substitution of ‘[01m[Ktemplate<class _Tp> template<class _Arg> using _Assignable = typename std::enable_if<std::is_assignable<std::__shared_ptr<_Tp>&, _Arg>::value, std::shared_ptr<_Tp>&>::type [with _Arg = std::shared_ptr<rclcpp::Subscription<sensor_msgs::msg::JointState_<std::allocator<void> >, std::allocator<void>, rclcpp::message_memory_strategy::MessageMemoryStrategy<sensor_msgs::msg::JointState_<std::allocator<void> >, std::allocator<void> > > >; _Tp = rclcpp::Subscription<std_msgs::msg::String_<std::allocator<void> > >][m[K’:
[1.833s] [01m[K/usr/include/c++/9/bits/shared_ptr.h:341:2:[m[K   required by substitution of ‘[01m[Ktemplate<class _Yp> std::shared_ptr<rclcpp::Subscription<std_msgs::msg::String_<std::allocator<void> > > >::_Assignable<std::shared_ptr<_Tp> > std::shared_ptr<rclcpp::Subscription<std_msgs::msg::String_<std::allocator<void> > > >::operator=<_Yp>(std::shared_ptr<_Tp>&&) [with _Yp = rclcpp::Subscription<sensor_msgs::msg::JointState_<std::allocator<void> >, std::allocator<void>, rclcpp::message_memory_strategy::MessageMemoryStrategy<sensor_msgs::msg::JointState_<std::allocator<void> >, std::allocator<void> > >][m[K’
[1.833s] [01m[K/home/artjiang/Desktop/mirobot_urdf_ros2/src/mirobot_write_node.cpp:33:87:[m[K   required from here
[1.833s] [01m[K/usr/include/c++/9/bits/shared_ptr.h:111:8:[m[K [01;31m[Kerror: [m[Kno type named ‘[01m[Ktype[m[K’ in ‘[01m[Kstruct std::enable_if<false, std::shared_ptr<rclcpp::Subscription<std_msgs::msg::String_<std::allocator<void> > > >&>[m[K’
[1.833s]   111 |  using [01;31m[K_Assignable[m[K = typename enable_if<
[1.833s]       |        [01;31m[K^~~~~~~~~~~[m[K
[1.833s] [01m[K/usr/include/c++/9/bits/shared_ptr.h:349:2:[m[K [01;36m[Knote: [m[Kcandidate: ‘[01m[Ktemplate<class _Yp, class _Del> std::shared_ptr<_Tp>::_Assignable<std::unique_ptr<_Up, _Ep> > std::shared_ptr<_Tp>::operator=(std::unique_ptr<_Up, _Ep>&&) [with _Yp = _Yp; _Del = _Del; _Tp = rclcpp::Subscription<std_msgs::msg::String_<std::allocator<void> > >][m[K’
[1.833s]   349 |  [01;36m[Koperator[m[K=(unique_ptr<_Yp, _Del>&& __r)
[1.833s]       |  [01;36m[K^~~~~~~~[m[K
[1.833s] [01m[K/usr/include/c++/9/bits/shared_ptr.h:349:2:[m[K [01;36m[Knote: [m[K  template argument deduction/substitution failed:
[1.833s] [01m[K/home/artjiang/Desktop/mirobot_urdf_ros2/src/mirobot_write_node.cpp:33:87:[m[K [01;36m[Knote: [m[K  ‘[01m[Kstd::shared_ptr<rclcpp::Subscription<sensor_msgs::msg::JointState_<std::allocator<void> >, std::allocator<void>, rclcpp::message_memory_strategy::MessageMemoryStrategy<sensor_msgs::msg::JointState_<std::allocator<void> >, std::allocator<void> > > >[m[K’ is not derived from ‘[01m[Kstd::unique_ptr<_Tp, _Dp>[m[K’
[1.834s]    33 |       "/joint_states", 1, std::bind(&MirobotWriteNode::angle_write_callback, this, _1)[01;36m[K)[m[K;
[1.834s]       |                                                                                       [01;36m[K^[m[K
[1.834s] [01m[K/home/artjiang/Desktop/mirobot_urdf_ros2/src/mirobot_write_node.cpp:29:34:[m[K [01;35m[Kwarning: [m[Kunused parameter ‘[01m[Kname[m[K’ [[01;35m[K-Wunused-parameter[m[K]
[1.834s]    29 |     MirobotWriteNode([01;35m[Kstd::string name[m[K)
[1.834s]       |                      [01;35m[K~~~~~~~~~~~~^~~~[m[K
[3.437s] make[2]: *** [CMakeFiles/mirobot_write_node.dir/build.make:63: CMakeFiles/mirobot_write_node.dir/src/mirobot_write_node.cpp.o] Error 1
[3.438s] make[1]: *** [CMakeFiles/Makefile2:78: CMakeFiles/mirobot_write_node.dir/all] Error 2
[3.438s] make: *** [Makefile:141: all] Error 2
[3.440s] Invoked command in '/home/artjiang/Desktop/mirobot_urdf_ros2/build/mirobot_urdf_ros2' returned '2': CMAKE_PREFIX_PATH=${CMAKE_PREFIX_PATH}:/opt/ros/galactic /usr/bin/cmake --build /home/artjiang/Desktop/mirobot_urdf_ros2/build/mirobot_urdf_ros2 -- -j2 -l2
