[0.019s] Invoking command in '/home/artjiang/Desktop/mirobot_urdf_ros2/build/mirobot_urdf_ros2': CMAKE_PREFIX_PATH=${CMAKE_PREFIX_PATH}:/opt/ros/galactic /usr/bin/cmake --build /home/artjiang/Desktop/mirobot_urdf_ros2/build/mirobot_urdf_ros2 -- -j2 -l2
[0.115s] [35m[1mScanning dependencies of target mirobot_write_node[0m
[0.163s] [ 50%] [32mBuilding CXX object CMakeFiles/mirobot_write_node.dir/src/mirobot_write_node.cpp.o[0m
[6.628s] [100%] [32m[1mLinking CXX executable mirobot_write_node[0m
[7.086s] [100%] Built target mirobot_write_node
[7.099s] Invoked command in '/home/artjiang/Desktop/mirobot_urdf_ros2/build/mirobot_urdf_ros2' returned '0': CMAKE_PREFIX_PATH=${CMAKE_PREFIX_PATH}:/opt/ros/galactic /usr/bin/cmake --build /home/artjiang/Desktop/mirobot_urdf_ros2/build/mirobot_urdf_ros2 -- -j2 -l2
[7.147s] Invoking command in '/home/artjiang/Desktop/mirobot_urdf_ros2/build/mirobot_urdf_ros2': CMAKE_PREFIX_PATH=${CMAKE_PREFIX_PATH}:/opt/ros/galactic /usr/bin/cmake --install /home/artjiang/Desktop/mirobot_urdf_ros2/build/mirobot_urdf_ros2
[7.156s] -- Install configuration: ""
[7.159s] -- Installing: /home/artjiang/Desktop/mirobot_urdf_ros2/install/mirobot_urdf_ros2/lib/mirobot_urdf_ros2/mirobot_write_node
[7.160s] -- Set runtime path of "/home/artjiang/Desktop/mirobot_urdf_ros2/install/mirobot_urdf_ros2/lib/mirobot_urdf_ros2/mirobot_write_node" to ""
[7.160s] -- Installing: /home/artjiang/Desktop/mirobot_urdf_ros2/install/mirobot_urdf_ros2/share/ament_index/resource_index/package_run_dependencies/mirobot_urdf_ros2
[7.161s] -- Installing: /home/artjiang/Desktop/mirobot_urdf_ros2/install/mirobot_urdf_ros2/share/ament_index/resource_index/parent_prefix_path/mirobot_urdf_ros2
[7.161s] -- Installing: /home/artjiang/Desktop/mirobot_urdf_ros2/install/mirobot_urdf_ros2/share/mirobot_urdf_ros2/environment/ament_prefix_path.sh
[7.161s] -- Installing: /home/artjiang/Desktop/mirobot_urdf_ros2/install/mirobot_urdf_ros2/share/mirobot_urdf_ros2/environment/ament_prefix_path.dsv
[7.161s] -- Installing: /home/artjiang/Desktop/mirobot_urdf_ros2/install/mirobot_urdf_ros2/share/mirobot_urdf_ros2/environment/path.sh
[7.162s] -- Installing: /home/artjiang/Desktop/mirobot_urdf_ros2/install/mirobot_urdf_ros2/share/mirobot_urdf_ros2/environment/path.dsv
[7.162s] -- Installing: /home/artjiang/Desktop/mirobot_urdf_ros2/install/mirobot_urdf_ros2/share/mirobot_urdf_ros2/local_setup.bash
[7.162s] -- Installing: /home/artjiang/Desktop/mirobot_urdf_ros2/install/mirobot_urdf_ros2/share/mirobot_urdf_ros2/local_setup.sh
[7.162s] -- Installing: /home/artjiang/Desktop/mirobot_urdf_ros2/install/mirobot_urdf_ros2/share/mirobot_urdf_ros2/local_setup.zsh
[7.163s] -- Installing: /home/artjiang/Desktop/mirobot_urdf_ros2/install/mirobot_urdf_ros2/share/mirobot_urdf_ros2/local_setup.dsv
[7.163s] -- Installing: /home/artjiang/Desktop/mirobot_urdf_ros2/install/mirobot_urdf_ros2/share/mirobot_urdf_ros2/package.dsv
[7.163s] -- Installing: /home/artjiang/Desktop/mirobot_urdf_ros2/install/mirobot_urdf_ros2/share/ament_index/resource_index/packages/mirobot_urdf_ros2
[7.163s] -- Installing: /home/artjiang/Desktop/mirobot_urdf_ros2/install/mirobot_urdf_ros2/share/mirobot_urdf_ros2/cmake/mirobot_urdf_ros2Config.cmake
[7.164s] -- Installing: /home/artjiang/Desktop/mirobot_urdf_ros2/install/mirobot_urdf_ros2/share/mirobot_urdf_ros2/cmake/mirobot_urdf_ros2Config-version.cmake
[7.164s] -- Installing: /home/artjiang/Desktop/mirobot_urdf_ros2/install/mirobot_urdf_ros2/share/mirobot_urdf_ros2/package.xml
[7.167s] Invoked command in '/home/artjiang/Desktop/mirobot_urdf_ros2/build/mirobot_urdf_ros2' returned '0': CMAKE_PREFIX_PATH=${CMAKE_PREFIX_PATH}:/opt/ros/galactic /usr/bin/cmake --install /home/artjiang/Desktop/mirobot_urdf_ros2/build/mirobot_urdf_ros2
