[35m[1mScanning dependencies of target mirobot_write_node[0m
[ 50%] [32mBuilding CXX object CMakeFiles/mirobot_write_node.dir/src/mirobot_write_node.cpp.o[0m
[100%] [32m[1mLinking CXX executable mirobot_write_node[0m
[100%] Built target mirobot_write_node
-- Install configuration: ""
-- Installing: /home/artjiang/Desktop/mirobot_urdf_ros2/install/mirobot_urdf_ros2/lib/mirobot_urdf_ros2/mirobot_write_node
-- Set runtime path of "/home/artjiang/Desktop/mirobot_urdf_ros2/install/mirobot_urdf_ros2/lib/mirobot_urdf_ros2/mirobot_write_node" to ""
-- Up-to-date: /home/artjiang/Desktop/mirobot_urdf_ros2/install/mirobot_urdf_ros2/share/ament_index/resource_index/package_run_dependencies/mirobot_urdf_ros2
-- Up-to-date: /home/artjiang/Desktop/mirobot_urdf_ros2/install/mirobot_urdf_ros2/share/ament_index/resource_index/parent_prefix_path/mirobot_urdf_ros2
-- Up-to-date: /home/artjiang/Desktop/mirobot_urdf_ros2/install/mirobot_urdf_ros2/share/mirobot_urdf_ros2/environment/ament_prefix_path.sh
-- Up-to-date: /home/artjiang/Desktop/mirobot_urdf_ros2/install/mirobot_urdf_ros2/share/mirobot_urdf_ros2/environment/ament_prefix_path.dsv
-- Up-to-date: /home/artjiang/Desktop/mirobot_urdf_ros2/install/mirobot_urdf_ros2/share/mirobot_urdf_ros2/environment/path.sh
-- Up-to-date: /home/artjiang/Desktop/mirobot_urdf_ros2/install/mirobot_urdf_ros2/share/mirobot_urdf_ros2/environment/path.dsv
-- Up-to-date: /home/artjiang/Desktop/mirobot_urdf_ros2/install/mirobot_urdf_ros2/share/mirobot_urdf_ros2/local_setup.bash
-- Up-to-date: /home/artjiang/Desktop/mirobot_urdf_ros2/install/mirobot_urdf_ros2/share/mirobot_urdf_ros2/local_setup.sh
-- Up-to-date: /home/artjiang/Desktop/mirobot_urdf_ros2/install/mirobot_urdf_ros2/share/mirobot_urdf_ros2/local_setup.zsh
-- Up-to-date: /home/artjiang/Desktop/mirobot_urdf_ros2/install/mirobot_urdf_ros2/share/mirobot_urdf_ros2/local_setup.dsv
-- Installing: /home/artjiang/Desktop/mirobot_urdf_ros2/install/mirobot_urdf_ros2/share/mirobot_urdf_ros2/package.dsv
-- Up-to-date: /home/artjiang/Desktop/mirobot_urdf_ros2/install/mirobot_urdf_ros2/share/ament_index/resource_index/packages/mirobot_urdf_ros2
-- Up-to-date: /home/artjiang/Desktop/mirobot_urdf_ros2/install/mirobot_urdf_ros2/share/mirobot_urdf_ros2/cmake/mirobot_urdf_ros2Config.cmake
-- Up-to-date: /home/artjiang/Desktop/mirobot_urdf_ros2/install/mirobot_urdf_ros2/share/mirobot_urdf_ros2/cmake/mirobot_urdf_ros2Config-version.cmake
-- Up-to-date: /home/artjiang/Desktop/mirobot_urdf_ros2/install/mirobot_urdf_ros2/share/mirobot_urdf_ros2/package.xml
