[0.013s] Invoking command in '/home/artjiang/Desktop/mirobot_urdf_ros2/build/mirobot_urdf_ros2': CMAKE_PREFIX_PATH=${CMAKE_PREFIX_PATH}:/opt/ros/galactic /usr/bin/cmake --build /home/artjiang/Desktop/mirobot_urdf_ros2/build/mirobot_urdf_ros2 -- -j2 -l2
[0.049s] -- Found ament_cmake: 1.1.5 (/opt/ros/galactic/share/ament_cmake/cmake)
[0.070s] -- Using PYTHON_EXECUTABLE: /usr/bin/python3
[0.136s] -- Found rclcpp: 9.2.0 (/opt/ros/galactic/share/rclcpp/cmake)
[0.172s] -- Using all available rosidl_typesupport_c: rosidl_typesupport_fastrtps_c;rosidl_typesupport_introspection_c
[0.176s] -- Found rosidl_adapter: 2.2.1 (/opt/ros/galactic/share/rosidl_adapter/cmake)
[0.295s] -- Using all available rosidl_typesupport_cpp: rosidl_typesupport_fastrtps_cpp;rosidl_typesupport_introspection_cpp
[0.345s] -- Found rmw_implementation_cmake: 3.3.1 (/opt/ros/galactic/share/rmw_implementation_cmake/cmake)
[0.347s] -- Found rmw_cyclonedds_cpp: 0.22.4 (/opt/ros/galactic/share/rmw_cyclonedds_cpp/cmake)
[0.364s] -- Using RMW implementation 'rmw_cyclonedds_cpp' as default
[0.486s] -- Found rclcpp_action: 9.2.0 (/opt/ros/galactic/share/rclcpp_action/cmake)
[0.549s] -- Found rosidl_default_generators: 1.1.1 (/opt/ros/galactic/share/rosidl_default_generators/cmake)
[0.558s] -- Found std_srvs: 2.2.4 (/opt/ros/galactic/share/std_srvs/cmake)
[0.565s] -- Found robot_state_publisher: 2.5.3 (/opt/ros/galactic/share/robot_state_publisher/cmake)
[0.568s] -- Found eigen3_cmake_module: 0.1.1 (/opt/ros/galactic/share/eigen3_cmake_module/cmake)
[0.969s] -- Found rviz2: 8.5.0 (/opt/ros/galactic/share/rviz2/cmake)
[0.969s] -- Found serial: 1.2.1 (/home/artjiang/dev_ws/install/serial/share/serial/cmake)
[1.020s] -- Found DART: /usr/include (Required is at least version "6.6") found components: dart 
[1.050s] -- Found Protobuf: /usr/lib/x86_64-linux-gnu/libprotobuf.so;-lpthread (found version "3.6.1") 
[1.051s] -- Looking for ignition-math6 -- found version 6.9.2
[1.056s] -- Searching for dependencies of ignition-math6
[1.058s] -- Looking for OGRE...
[1.064s] -- Found Ogre Ghadamon (1.9.0)
[1.064s] -- Found OGRE: optimized;/usr/lib/x86_64-linux-gnu/libOgreMain.so;debug;/usr/lib/x86_64-linux-gnu/libOgreMain.so
[1.074s] -- Looking for OGRE_Paging...
[1.074s] -- Found OGRE_Paging: optimized;/usr/lib/x86_64-linux-gnu/libOgrePaging.so;debug;/usr/lib/x86_64-linux-gnu/libOgrePaging.so
[1.074s] -- Looking for OGRE_Terrain...
[1.074s] -- Found OGRE_Terrain: optimized;/usr/lib/x86_64-linux-gnu/libOgreTerrain.so;debug;/usr/lib/x86_64-linux-gnu/libOgreTerrain.so
[1.075s] -- Looking for OGRE_Property...
[1.075s] -- Found OGRE_Property: optimized;/usr/lib/x86_64-linux-gnu/libOgreProperty.so;debug;/usr/lib/x86_64-linux-gnu/libOgreProperty.so
[1.075s] -- Looking for OGRE_RTShaderSystem...
[1.075s] -- Found OGRE_RTShaderSystem: optimized;/usr/lib/x86_64-linux-gnu/libOgreRTShaderSystem.so;debug;/usr/lib/x86_64-linux-gnu/libOgreRTShaderSystem.so
[1.075s] -- Looking for OGRE_Volume...
[1.075s] -- Found OGRE_Volume: optimized;/usr/lib/x86_64-linux-gnu/libOgreVolume.so;debug;/usr/lib/x86_64-linux-gnu/libOgreVolume.so
[1.076s] -- Looking for OGRE_Overlay...
[1.076s] -- Found OGRE_Overlay: optimized;/usr/lib/x86_64-linux-gnu/libOgreOverlay.so;debug;/usr/lib/x86_64-linux-gnu/libOgreOverlay.so
[1.180s] -- Looking for ignition-math6 -- found version 6.9.2
[1.180s] -- Looking for ignition-transport8 -- found version 8.2.1
[1.181s] -- Searching for dependencies of ignition-transport8
[1.196s] -- Found Protobuf: /usr/lib/x86_64-linux-gnu/libprotobuf.so;-lpthread (found suitable version "3.6.1", minimum required is "3") 
[1.205s] -- Config-file not installed for ZeroMQ -- checking for pkg-config
[1.209s] -- Checking for module 'libzmq >= 4'
[1.223s] --   Found libzmq , version 4.3.2
[1.264s] -- Checking for module 'uuid'
[1.278s] --   Found uuid, version 2.34.0
[1.313s] -- Looking for ignition-msgs5 -- found version 5.8.1
[1.313s] -- Searching for dependencies of ignition-msgs5
[1.328s] -- Looking for ignition-math6 -- found version 6.9.2
[1.335s] -- Looking for ignition-msgs5 -- found version 5.8.1
[1.337s] -- Looking for ignition-common3 -- found version 3.14.0
[1.337s] -- Searching for dependencies of ignition-common3
[1.337s] -- Looking for dlfcn.h - found
[1.337s] -- Looking for libdl - found
[1.344s] -- Searching for <ignition-common3> component [graphics]
[1.344s] -- Looking for ignition-common3-graphics -- found version 3.14.0
[1.345s] -- Searching for dependencies of ignition-common3-graphics
[1.345s] -- Looking for ignition-math6 -- found version 6.9.2
[1.347s] -- Looking for ignition-fuel_tools4 -- found version 4.4.0
[1.347s] -- Searching for dependencies of ignition-fuel_tools4
[1.370s] -- Checking for module 'jsoncpp'
[1.384s] --   Found jsoncpp, version 1.7.4
[1.425s] -- Checking for module 'libzip'
[1.442s] --   Found libzip, version 1.5.1
[1.479s] -- Looking for ignition-common3 -- found version 3.14.0
[1.479s] -- Looking for ignition-math6 -- found version 6.9.2
[1.480s] -- Looking for ignition-msgs5 -- found version 5.8.1
[1.510s] -- Found ament_lint_auto: 0.10.6 (/opt/ros/galactic/share/ament_lint_auto/cmake)
[1.565s] -- Added test 'copyright' to check source files copyright and LICENSE
[1.581s] -- Added test 'cppcheck' to perform static code analysis on C / C++ code
[1.581s] -- Configured cppcheck include dirs: $<BUILD_INTERFACE:/home/artjiang/Desktop/mirobot_urdf_ros2/include>
[1.581s] -- Configured cppcheck exclude dirs and/or files: 
[1.596s] -- Added test 'cpplint' to check C / C++ code against the Google style
[1.596s] -- Configured cpplint exclude dirs and/or files: 
[1.598s] -- Added test 'flake8' to check Python code syntax and style conventions
[1.602s] -- Added test 'lint_cmake' to check CMake code style
[1.605s] -- Added test 'pep257' to check Python code against some of the style conventions in PEP 257
[1.620s] -- Added test 'uncrustify' to check C / C++ code style
[1.620s] -- Configured uncrustify additional arguments: 
[1.622s] -- Added test 'xmllint' to check XML markup files
[1.626s] -- Configuring done
[1.656s] -- Generating done
[1.656s] -- Build files have been written to: /home/artjiang/Desktop/mirobot_urdf_ros2/build/mirobot_urdf_ros2
[1.684s] [35m[1mScanning dependencies of target mirobot_write_node[0m
[1.706s] [ 50%] [32mBuilding CXX object CMakeFiles/mirobot_write_node.dir/src/mirobot_write_node.cpp.o[0m
[1.836s] [01m[K/home/artjiang/Desktop/mirobot_urdf_ros2/src/mirobot_write_node.cpp:14:10:[m[K [01;31m[Kfatal error: [m[Kstd_msgs/msg/Empty.hpp: No such file or directory
[1.836s]    14 | #include [01;31m[K<std_msgs/msg/Empty.hpp>[m[K
[1.836s]       |          [01;31m[K^~~~~~~~~~~~~~~~~~~~~~~~[m[K
[1.836s] compilation terminated.
[1.839s] make[2]: *** [CMakeFiles/mirobot_write_node.dir/build.make:63: CMakeFiles/mirobot_write_node.dir/src/mirobot_write_node.cpp.o] Error 1
[1.839s] make[1]: *** [CMakeFiles/Makefile2:78: CMakeFiles/mirobot_write_node.dir/all] Error 2
[1.839s] make: *** [Makefile:141: all] Error 2
[1.845s] Invoked command in '/home/artjiang/Desktop/mirobot_urdf_ros2/build/mirobot_urdf_ros2' returned '2': CMAKE_PREFIX_PATH=${CMAKE_PREFIX_PATH}:/opt/ros/galactic /usr/bin/cmake --build /home/artjiang/Desktop/mirobot_urdf_ros2/build/mirobot_urdf_ros2 -- -j2 -l2
