-- Found ament_cmake: 1.1.5 (/opt/ros/galactic/share/ament_cmake/cmake)
-- Using PYTHON_EXECUTABLE: /usr/bin/python3
-- Found rclcpp: 9.2.0 (/opt/ros/galactic/share/rclcpp/cmake)
-- Using all available rosidl_typesupport_c: rosidl_typesupport_fastrtps_c;rosidl_typesupport_introspection_c
-- Found rosidl_adapter: 2.2.1 (/opt/ros/galactic/share/rosidl_adapter/cmake)
-- Using all available rosidl_typesupport_cpp: rosidl_typesupport_fastrtps_cpp;rosidl_typesupport_introspection_cpp
-- Found rmw_implementation_cmake: 3.3.1 (/opt/ros/galactic/share/rmw_implementation_cmake/cmake)
-- Found rmw_cyclonedds_cpp: 0.22.4 (/opt/ros/galactic/share/rmw_cyclonedds_cpp/cmake)
-- Using RMW implementation 'rmw_cyclonedds_cpp' as default
-- Found rclcpp_action: 9.2.0 (/opt/ros/galactic/share/rclcpp_action/cmake)
-- Found rosidl_default_generators: 1.1.1 (/opt/ros/galactic/share/rosidl_default_generators/cmake)
-- Found std_srvs: 2.2.4 (/opt/ros/galactic/share/std_srvs/cmake)
-- Found robot_state_publisher: 2.5.3 (/opt/ros/galactic/share/robot_state_publisher/cmake)
-- Found eigen3_cmake_module: 0.1.1 (/opt/ros/galactic/share/eigen3_cmake_module/cmake)
-- Found rviz2: 8.5.0 (/opt/ros/galactic/share/rviz2/cmake)
-- Found serial: 1.2.1 (/home/artjiang/dev_ws/install/serial/share/serial/cmake)
CMake Warning at /home/artjiang/dev_ws/install/serial/share/serial/cmake/ament_cmake_export_libraries-extras.cmake:116 (message):
  Package 'serial' exports library 'serial' which couldn't be found
Call Stack (most recent call first):
  /home/artjiang/dev_ws/install/serial/share/serial/cmake/serialConfig.cmake:41 (include)
  CMakeLists.txt:22 (find_package)


CMake Error at /home/artjiang/dev_ws/install/serial/share/serial/cmake/ament_cmake_export_dependencies-extras.cmake:21 (find_package):
  By not providing "Findrt.cmake" in CMAKE_MODULE_PATH this project has asked
  CMake to find a package configuration file provided by "rt", but CMake did
  not find one.

  Could not find a package configuration file provided by "rt" with any of
  the following names:

    rtConfig.cmake
    rt-config.cmake

  Add the installation prefix of "rt" to CMAKE_PREFIX_PATH or set "rt_DIR" to
  a directory containing one of the above files.  If "rt" provides a separate
  development package or SDK, be sure it has been installed.
Call Stack (most recent call first):
  /home/artjiang/dev_ws/install/serial/share/serial/cmake/serialConfig.cmake:41 (include)
  CMakeLists.txt:22 (find_package)


-- Configuring incomplete, errors occurred!
See also "/home/artjiang/Desktop/mirobot_urdf_ros2/build/mirobot_urdf_ros2/CMakeFiles/CMakeOutput.log".
See also "/home/artjiang/Desktop/mirobot_urdf_ros2/build/mirobot_urdf_ros2/CMakeFiles/CMakeError.log".
make: *** [Makefile:266: cmake_check_build_system] Error 1
