[0.022s] Invoking command in '/home/artjiang/Desktop/mirobot_urdf_ros2/build/mirobot_urdf_ros2': CMAKE_PREFIX_PATH=${CMAKE_PREFIX_PATH}:/opt/ros/galactic /usr/bin/cmake --build /home/artjiang/Desktop/mirobot_urdf_ros2/build/mirobot_urdf_ros2 -- -j2 -l2
[0.081s] [35m[1mScanning dependencies of target mirobot_write_node[0m
[0.117s] [ 50%] [32mBuilding CXX object CMakeFiles/mirobot_write_node.dir/src/mirobot_write_node.cpp.o[0m
[6.345s] [100%] [32m[1mLinking CXX executable mirobot_write_node[0m
[6.684s] [100%] Built target mirobot_write_node
[6.697s] Invoked command in '/home/artjiang/Desktop/mirobot_urdf_ros2/build/mirobot_urdf_ros2' returned '0': CMAKE_PREFIX_PATH=${CMAKE_PREFIX_PATH}:/opt/ros/galactic /usr/bin/cmake --build /home/artjiang/Desktop/mirobot_urdf_ros2/build/mirobot_urdf_ros2 -- -j2 -l2
[6.745s] Invoking command in '/home/artjiang/Desktop/mirobot_urdf_ros2/build/mirobot_urdf_ros2': CMAKE_PREFIX_PATH=${CMAKE_PREFIX_PATH}:/opt/ros/galactic /usr/bin/cmake --install /home/artjiang/Desktop/mirobot_urdf_ros2/build/mirobot_urdf_ros2
[6.756s] -- Install configuration: ""
[6.756s] -- Installing: /home/artjiang/Desktop/mirobot_urdf_ros2/install/mirobot_urdf_ros2/lib/mirobot_urdf_ros2/mirobot_write_node
[6.760s] -- Set runtime path of "/home/artjiang/Desktop/mirobot_urdf_ros2/install/mirobot_urdf_ros2/lib/mirobot_urdf_ros2/mirobot_write_node" to ""
[6.760s] -- Up-to-date: /home/artjiang/Desktop/mirobot_urdf_ros2/install/mirobot_urdf_ros2/share/ament_index/resource_index/package_run_dependencies/mirobot_urdf_ros2
[6.760s] -- Up-to-date: /home/artjiang/Desktop/mirobot_urdf_ros2/install/mirobot_urdf_ros2/share/ament_index/resource_index/parent_prefix_path/mirobot_urdf_ros2
[6.760s] -- Up-to-date: /home/artjiang/Desktop/mirobot_urdf_ros2/install/mirobot_urdf_ros2/share/mirobot_urdf_ros2/environment/ament_prefix_path.sh
[6.761s] -- Up-to-date: /home/artjiang/Desktop/mirobot_urdf_ros2/install/mirobot_urdf_ros2/share/mirobot_urdf_ros2/environment/ament_prefix_path.dsv
[6.761s] -- Up-to-date: /home/artjiang/Desktop/mirobot_urdf_ros2/install/mirobot_urdf_ros2/share/mirobot_urdf_ros2/environment/path.sh
[6.761s] -- Up-to-date: /home/artjiang/Desktop/mirobot_urdf_ros2/install/mirobot_urdf_ros2/share/mirobot_urdf_ros2/environment/path.dsv
[6.761s] -- Up-to-date: /home/artjiang/Desktop/mirobot_urdf_ros2/install/mirobot_urdf_ros2/share/mirobot_urdf_ros2/local_setup.bash
[6.761s] -- Up-to-date: /home/artjiang/Desktop/mirobot_urdf_ros2/install/mirobot_urdf_ros2/share/mirobot_urdf_ros2/local_setup.sh
[6.761s] -- Up-to-date: /home/artjiang/Desktop/mirobot_urdf_ros2/install/mirobot_urdf_ros2/share/mirobot_urdf_ros2/local_setup.zsh
[6.762s] -- Up-to-date: /home/artjiang/Desktop/mirobot_urdf_ros2/install/mirobot_urdf_ros2/share/mirobot_urdf_ros2/local_setup.dsv
[6.762s] -- Installing: /home/artjiang/Desktop/mirobot_urdf_ros2/install/mirobot_urdf_ros2/share/mirobot_urdf_ros2/package.dsv
[6.762s] -- Up-to-date: /home/artjiang/Desktop/mirobot_urdf_ros2/install/mirobot_urdf_ros2/share/ament_index/resource_index/packages/mirobot_urdf_ros2
[6.762s] -- Up-to-date: /home/artjiang/Desktop/mirobot_urdf_ros2/install/mirobot_urdf_ros2/share/mirobot_urdf_ros2/cmake/mirobot_urdf_ros2Config.cmake
[6.763s] -- Up-to-date: /home/artjiang/Desktop/mirobot_urdf_ros2/install/mirobot_urdf_ros2/share/mirobot_urdf_ros2/cmake/mirobot_urdf_ros2Config-version.cmake
[6.763s] -- Up-to-date: /home/artjiang/Desktop/mirobot_urdf_ros2/install/mirobot_urdf_ros2/share/mirobot_urdf_ros2/package.xml
[6.766s] Invoked command in '/home/artjiang/Desktop/mirobot_urdf_ros2/build/mirobot_urdf_ros2' returned '0': CMAKE_PREFIX_PATH=${CMAKE_PREFIX_PATH}:/opt/ros/galactic /usr/bin/cmake --install /home/artjiang/Desktop/mirobot_urdf_ros2/build/mirobot_urdf_ros2
