[0.020s] Invoking command in '/home/artjiang/Desktop/mirobot_urdf_ros2/build/mirobot_urdf_ros2': CMAKE_PREFIX_PATH=${CMAKE_PREFIX_PATH}:/opt/ros/galactic /usr/bin/cmake /home/artjiang/Desktop/mirobot_urdf_ros2 -DCMAKE_INSTALL_PREFIX=/home/artjiang/Desktop/mirobot_urdf_ros2/install/mirobot_urdf_ros2
[0.040s] -- Found ament_cmake: 1.1.5 (/opt/ros/galactic/share/ament_cmake/cmake)
[0.064s] -- Using PYTHON_EXECUTABLE: /usr/bin/python3
[0.131s] -- Found rclcpp: 9.2.0 (/opt/ros/galactic/share/rclcpp/cmake)
[0.170s] -- Using all available rosidl_typesupport_c: rosidl_typesupport_fastrtps_c;rosidl_typesupport_introspection_c
[0.175s] -- Found rosidl_adapter: 2.2.1 (/opt/ros/galactic/share/rosidl_adapter/cmake)
[0.283s] -- Using all available rosidl_typesupport_cpp: rosidl_typesupport_fastrtps_cpp;rosidl_typesupport_introspection_cpp
[0.327s] -- Found rmw_implementation_cmake: 3.3.1 (/opt/ros/galactic/share/rmw_implementation_cmake/cmake)
[0.330s] -- Found rmw_cyclonedds_cpp: 0.22.4 (/opt/ros/galactic/share/rmw_cyclonedds_cpp/cmake)
[0.345s] -- Using RMW implementation 'rmw_cyclonedds_cpp' as default
[0.463s] -- Found rclcpp_action: 9.2.0 (/opt/ros/galactic/share/rclcpp_action/cmake)
[0.523s] -- Found rosidl_default_generators: 1.1.1 (/opt/ros/galactic/share/rosidl_default_generators/cmake)
[0.534s] -- Found std_srvs: 2.2.4 (/opt/ros/galactic/share/std_srvs/cmake)
[0.541s] -- Found robot_state_publisher: 2.5.3 (/opt/ros/galactic/share/robot_state_publisher/cmake)
[0.543s] -- Found eigen3_cmake_module: 0.1.1 (/opt/ros/galactic/share/eigen3_cmake_module/cmake)
[0.947s] -- Found rviz2: 8.5.0 (/opt/ros/galactic/share/rviz2/cmake)
[0.990s] -- Found DART: /usr/include (Required is at least version "6.6") found components: dart 
[1.021s] -- Found Protobuf: /usr/lib/x86_64-linux-gnu/libprotobuf.so;-lpthread (found version "3.6.1") 
[1.022s] -- Looking for ignition-math6 -- found version 6.9.2
[1.026s] -- Searching for dependencies of ignition-math6
[1.028s] -- Looking for OGRE...
[1.034s] -- Found Ogre Ghadamon (1.9.0)
[1.034s] -- Found OGRE: optimized;/usr/lib/x86_64-linux-gnu/libOgreMain.so;debug;/usr/lib/x86_64-linux-gnu/libOgreMain.so
[1.044s] -- Looking for OGRE_Paging...
[1.045s] -- Found OGRE_Paging: optimized;/usr/lib/x86_64-linux-gnu/libOgrePaging.so;debug;/usr/lib/x86_64-linux-gnu/libOgrePaging.so
[1.045s] -- Looking for OGRE_Terrain...
[1.045s] -- Found OGRE_Terrain: optimized;/usr/lib/x86_64-linux-gnu/libOgreTerrain.so;debug;/usr/lib/x86_64-linux-gnu/libOgreTerrain.so
[1.046s] -- Looking for OGRE_Property...
[1.046s] -- Found OGRE_Property: optimized;/usr/lib/x86_64-linux-gnu/libOgreProperty.so;debug;/usr/lib/x86_64-linux-gnu/libOgreProperty.so
[1.046s] -- Looking for OGRE_RTShaderSystem...
[1.046s] -- Found OGRE_RTShaderSystem: optimized;/usr/lib/x86_64-linux-gnu/libOgreRTShaderSystem.so;debug;/usr/lib/x86_64-linux-gnu/libOgreRTShaderSystem.so
[1.046s] -- Looking for OGRE_Volume...
[1.047s] -- Found OGRE_Volume: optimized;/usr/lib/x86_64-linux-gnu/libOgreVolume.so;debug;/usr/lib/x86_64-linux-gnu/libOgreVolume.so
[1.047s] -- Looking for OGRE_Overlay...
[1.047s] -- Found OGRE_Overlay: optimized;/usr/lib/x86_64-linux-gnu/libOgreOverlay.so;debug;/usr/lib/x86_64-linux-gnu/libOgreOverlay.so
[1.166s] -- Looking for ignition-math6 -- found version 6.9.2
[1.166s] -- Looking for ignition-transport8 -- found version 8.2.1
[1.167s] -- Searching for dependencies of ignition-transport8
[1.182s] -- Found Protobuf: /usr/lib/x86_64-linux-gnu/libprotobuf.so;-lpthread (found suitable version "3.6.1", minimum required is "3") 
[1.192s] -- Config-file not installed for ZeroMQ -- checking for pkg-config
[1.195s] -- Checking for module 'libzmq >= 4'
[1.213s] --   Found libzmq , version 4.3.2
[1.256s] -- Checking for module 'uuid'
[1.270s] --   Found uuid, version 2.34.0
[1.304s] -- Looking for ignition-msgs5 -- found version 5.8.1
[1.305s] -- Searching for dependencies of ignition-msgs5
[1.321s] -- Looking for ignition-math6 -- found version 6.9.2
[1.327s] -- Looking for ignition-msgs5 -- found version 5.8.1
[1.328s] -- Looking for ignition-common3 -- found version 3.14.0
[1.328s] -- Searching for dependencies of ignition-common3
[1.329s] -- Looking for dlfcn.h - found
[1.329s] -- Looking for libdl - found
[1.336s] -- Searching for <ignition-common3> component [graphics]
[1.336s] -- Looking for ignition-common3-graphics -- found version 3.14.0
[1.337s] -- Searching for dependencies of ignition-common3-graphics
[1.337s] -- Looking for ignition-math6 -- found version 6.9.2
[1.338s] -- Looking for ignition-fuel_tools4 -- found version 4.4.0
[1.338s] -- Searching for dependencies of ignition-fuel_tools4
[1.362s] -- Checking for module 'jsoncpp'
[1.376s] --   Found jsoncpp, version 1.7.4
[1.420s] -- Checking for module 'libzip'
[1.434s] --   Found libzip, version 1.5.1
[1.473s] -- Looking for ignition-common3 -- found version 3.14.0
[1.473s] -- Looking for ignition-math6 -- found version 6.9.2
[1.474s] -- Looking for ignition-msgs5 -- found version 5.8.1
[1.504s] -- Found ament_lint_auto: 0.10.6 (/opt/ros/galactic/share/ament_lint_auto/cmake)
[1.574s] -- Added test 'copyright' to check source files copyright and LICENSE
[1.583s] -- Added test 'cppcheck' to perform static code analysis on C / C++ code
[1.584s] -- Configured cppcheck include dirs: $<BUILD_INTERFACE:/home/artjiang/Desktop/mirobot_urdf_ros2/include>
[1.584s] -- Configured cppcheck exclude dirs and/or files: 
[1.594s] -- Added test 'cpplint' to check C / C++ code against the Google style
[1.594s] -- Configured cpplint exclude dirs and/or files: 
[1.595s] -- Added test 'flake8' to check Python code syntax and style conventions
[1.598s] -- Added test 'lint_cmake' to check CMake code style
[1.600s] -- Added test 'pep257' to check Python code against some of the style conventions in PEP 257
[1.610s] -- Added test 'uncrustify' to check C / C++ code style
[1.610s] -- Configured uncrustify additional arguments: 
[1.611s] -- Added test 'xmllint' to check XML markup files
[1.616s] -- Configuring done
[1.657s] -- Generating done
[1.659s] -- Build files have been written to: /home/artjiang/Desktop/mirobot_urdf_ros2/build/mirobot_urdf_ros2
[1.668s] Invoked command in '/home/artjiang/Desktop/mirobot_urdf_ros2/build/mirobot_urdf_ros2' returned '0': CMAKE_PREFIX_PATH=${CMAKE_PREFIX_PATH}:/opt/ros/galactic /usr/bin/cmake /home/artjiang/Desktop/mirobot_urdf_ros2 -DCMAKE_INSTALL_PREFIX=/home/artjiang/Desktop/mirobot_urdf_ros2/install/mirobot_urdf_ros2
[1.671s] Invoking command in '/home/artjiang/Desktop/mirobot_urdf_ros2/build/mirobot_urdf_ros2': CMAKE_PREFIX_PATH=${CMAKE_PREFIX_PATH}:/opt/ros/galactic /usr/bin/cmake --build /home/artjiang/Desktop/mirobot_urdf_ros2/build/mirobot_urdf_ros2 -- -j2 -l2
[1.716s] [35m[1mScanning dependencies of target mirobot_write_node[0m
[1.758s] [ 50%] [32mBuilding CXX object CMakeFiles/mirobot_write_node.dir/src/mirobot_write_node.cpp.o[0m
[1.867s] [01m[K/home/artjiang/Desktop/mirobot_urdf_ros2/src/mirobot_write_node.cpp:12:10:[m[K [01;31m[Kfatal error: [m[Kserial/serial.h: No such file or directory
[1.868s]    12 | #include [01;31m[K<serial/serial.h>[m[K
[1.869s]       |          [01;31m[K^~~~~~~~~~~~~~~~~[m[K
[1.869s] compilation terminated.
[1.869s] make[2]: *** [CMakeFiles/mirobot_write_node.dir/build.make:63: CMakeFiles/mirobot_write_node.dir/src/mirobot_write_node.cpp.o] Error 1
[1.869s] make[1]: *** [CMakeFiles/Makefile2:78: CMakeFiles/mirobot_write_node.dir/all] Error 2
[1.869s] make: *** [Makefile:141: all] Error 2
[1.874s] Invoked command in '/home/artjiang/Desktop/mirobot_urdf_ros2/build/mirobot_urdf_ros2' returned '2': CMAKE_PREFIX_PATH=${CMAKE_PREFIX_PATH}:/opt/ros/galactic /usr/bin/cmake --build /home/artjiang/Desktop/mirobot_urdf_ros2/build/mirobot_urdf_ros2 -- -j2 -l2
