[0.019s] Invoking command in '/home/artjiang/Desktop/mirobot_urdf_ros2/build/mirobot_urdf_ros2': CMAKE_PREFIX_PATH=${CMAKE_PREFIX_PATH}:/opt/ros/galactic /usr/bin/cmake --build /home/artjiang/Desktop/mirobot_urdf_ros2/build/mirobot_urdf_ros2 -- -j2 -l2
[0.090s] [35m[1mScanning dependencies of target mirobot_write_node[0m
[0.133s] [ 50%] [32mBuilding CXX object CMakeFiles/mirobot_write_node.dir/src/mirobot_write_node.cpp.o[0m
[1.993s] [01m[K/home/artjiang/Desktop/mirobot_urdf_ros2/src/mirobot_write_node.cpp:[m[K In constructor ‘[01m[KMirobotWriteNode::MirobotWriteNode(std::string)[m[K’:
[1.994s] [01m[K/home/artjiang/Desktop/mirobot_urdf_ros2/src/mirobot_write_node.cpp:33:87:[m[K [01;31m[Kerror: [m[Kno match for ‘[01m[Koperator=[m[K’ (operand types are ‘[01m[Krclcpp::Subscription<std_msgs::msg::String_<std::allocator<void> > >::SharedPtr[m[K’ {aka ‘[01m[Kstd::shared_ptr<rclcpp::Subscription<std_msgs::msg::String_<std::allocator<void> > > >[m[K’} and ‘[01m[Kstd::shared_ptr<rclcpp::Subscription<sensor_msgs::msg::JointState_<std::allocator<void> >, std::allocator<void>, rclcpp::message_memory_strategy::MessageMemoryStrategy<sensor_msgs::msg::JointState_<std::allocator<void> >, std::allocator<void> > > >[m[K’)
[1.994s]    33 |       "/joint_states", 1, std::bind(&MirobotWriteNode::angle_write_callback, this, _1)[01;31m[K)[m[K;
[1.994s]       |                                                                                       [01;31m[K^[m[K
[1.994s] In file included from [01m[K/usr/include/c++/9/memory:81[m[K,
[1.995s]                  from [01m[K/home/artjiang/Desktop/mirobot_urdf_ros2/src/mirobot_write_node.cpp:4[m[K:
[1.996s] [01m[K/usr/include/c++/9/bits/shared_ptr.h:309:19:[m[K [01;36m[Knote: [m[Kcandidate: ‘[01m[Kstd::shared_ptr<_Tp>& std::shared_ptr<_Tp>::operator=(const std::shared_ptr<_Tp>&) [with _Tp = rclcpp::Subscription<std_msgs::msg::String_<std::allocator<void> > >][m[K’
[1.996s]   309 |       shared_ptr& [01;36m[Koperator[m[K=(const shared_ptr&) noexcept = default;
[1.996s]       |                   [01;36m[K^~~~~~~~[m[K
[1.996s] [01m[K/usr/include/c++/9/bits/shared_ptr.h:309:29:[m[K [01;36m[Knote: [m[K  no known conversion for argument 1 from ‘[01m[Kstd::shared_ptr<rclcpp::Subscription<sensor_msgs::msg::JointState_<std::allocator<void> >, std::allocator<void>, rclcpp::message_memory_strategy::MessageMemoryStrategy<sensor_msgs::msg::JointState_<std::allocator<void> >, std::allocator<void> > > >[m[K’ to ‘[01m[Kconst std::shared_ptr<rclcpp::Subscription<std_msgs::msg::String_<std::allocator<void> > > >&[m[K’
[1.996s]   309 |       shared_ptr& operator=([01;36m[Kconst shared_ptr&[m[K) noexcept = default;
[1.997s]       |                             [01;36m[K^~~~~~~~~~~~~~~~~[m[K
[1.997s] [01m[K/usr/include/c++/9/bits/shared_ptr.h:313:2:[m[K [01;36m[Knote: [m[Kcandidate: ‘[01m[Ktemplate<class _Yp> std::shared_ptr<_Tp>::_Assignable<const std::shared_ptr<_Yp>&> std::shared_ptr<_Tp>::operator=(const std::shared_ptr<_Yp>&) [with _Yp = _Yp; _Tp = rclcpp::Subscription<std_msgs::msg::String_<std::allocator<void> > >][m[K’
[1.997s]   313 |  [01;36m[Koperator[m[K=(const shared_ptr<_Yp>& __r) noexcept
[1.997s]       |  [01;36m[K^~~~~~~~[m[K
[1.997s] [01m[K/usr/include/c++/9/bits/shared_ptr.h:313:2:[m[K [01;36m[Knote: [m[K  template argument deduction/substitution failed:
[1.997s] /usr/include/c++/9/bits/shared_ptr.h: In substitution of ‘[01m[Ktemplate<class _Tp> template<class _Arg> using _Assignable = typename std::enable_if<std::is_assignable<std::__shared_ptr<_Tp>&, _Arg>::value, std::shared_ptr<_Tp>&>::type [with _Arg = const std::shared_ptr<rclcpp::Subscription<sensor_msgs::msg::JointState_<std::allocator<void> >, std::allocator<void>, rclcpp::message_memory_strategy::MessageMemoryStrategy<sensor_msgs::msg::JointState_<std::allocator<void> >, std::allocator<void> > > >&; _Tp = rclcpp::Subscription<std_msgs::msg::String_<std::allocator<void> > >][m[K’:
[1.998s] [01m[K/usr/include/c++/9/bits/shared_ptr.h:313:2:[m[K   required by substitution of ‘[01m[Ktemplate<class _Yp> std::shared_ptr<rclcpp::Subscription<std_msgs::msg::String_<std::allocator<void> > > >::_Assignable<const std::shared_ptr<_Tp>&> std::shared_ptr<rclcpp::Subscription<std_msgs::msg::String_<std::allocator<void> > > >::operator=<_Yp>(const std::shared_ptr<_Tp>&) [with _Yp = rclcpp::Subscription<sensor_msgs::msg::JointState_<std::allocator<void> >, std::allocator<void>, rclcpp::message_memory_strategy::MessageMemoryStrategy<sensor_msgs::msg::JointState_<std::allocator<void> >, std::allocator<void> > >][m[K’
[1.998s] [01m[K/home/artjiang/Desktop/mirobot_urdf_ros2/src/mirobot_write_node.cpp:33:87:[m[K   required from here
[1.998s] [01m[K/usr/include/c++/9/bits/shared_ptr.h:111:8:[m[K [01;31m[Kerror: [m[Kno type named ‘[01m[Ktype[m[K’ in ‘[01m[Kstruct std::enable_if<false, std::shared_ptr<rclcpp::Subscription<std_msgs::msg::String_<std::allocator<void> > > >&>[m[K’
[1.998s]   111 |  using [01;31m[K_Assignable[m[K = typename enable_if<
[1.998s]       |        [01;31m[K^~~~~~~~~~~[m[K
[1.999s] [01m[K/usr/include/c++/9/bits/shared_ptr.h:324:2:[m[K [01;36m[Knote: [m[Kcandidate: ‘[01m[Ktemplate<class _Yp> std::shared_ptr<_Tp>::_Assignable<std::auto_ptr<_Up> > std::shared_ptr<_Tp>::operator=(std::auto_ptr<_Up>&&) [with _Yp = _Yp; _Tp = rclcpp::Subscription<std_msgs::msg::String_<std::allocator<void> > >][m[K’
[1.999s]   324 |  [01;36m[Koperator[m[K=(auto_ptr<_Yp>&& __r)
[1.999s]       |  [01;36m[K^~~~~~~~[m[K
[1.999s] [01m[K/usr/include/c++/9/bits/shared_ptr.h:324:2:[m[K [01;36m[Knote: [m[K  template argument deduction/substitution failed:
[1.999s] [01m[K/home/artjiang/Desktop/mirobot_urdf_ros2/src/mirobot_write_node.cpp:33:87:[m[K [01;36m[Knote: [m[K  ‘[01m[Kstd::shared_ptr<rclcpp::Subscription<sensor_msgs::msg::JointState_<std::allocator<void> >, std::allocator<void>, rclcpp::message_memory_strategy::MessageMemoryStrategy<sensor_msgs::msg::JointState_<std::allocator<void> >, std::allocator<void> > > >[m[K’ is not derived from ‘[01m[Kstd::auto_ptr<_Up>[m[K’
[1.999s]    33 |       "/joint_states", 1, std::bind(&MirobotWriteNode::angle_write_callback, this, _1)[01;36m[K)[m[K;
[1.999s]       |                                                                                       [01;36m[K^[m[K
[2.000s] In file included from [01m[K/usr/include/c++/9/memory:81[m[K,
[2.000s]                  from [01m[K/home/artjiang/Desktop/mirobot_urdf_ros2/src/mirobot_write_node.cpp:4[m[K:
[2.000s] [01m[K/usr/include/c++/9/bits/shared_ptr.h:333:7:[m[K [01;36m[Knote: [m[Kcandidate: ‘[01m[Kstd::shared_ptr<_Tp>& std::shared_ptr<_Tp>::operator=(std::shared_ptr<_Tp>&&) [with _Tp = rclcpp::Subscription<std_msgs::msg::String_<std::allocator<void> > >][m[K’
[2.000s]   333 |       [01;36m[Koperator[m[K=(shared_ptr&& __r) noexcept
[2.001s]       |       [01;36m[K^~~~~~~~[m[K
[2.001s] [01m[K/usr/include/c++/9/bits/shared_ptr.h:333:30:[m[K [01;36m[Knote: [m[K  no known conversion for argument 1 from ‘[01m[Kstd::shared_ptr<rclcpp::Subscription<sensor_msgs::msg::JointState_<std::allocator<void> >, std::allocator<void>, rclcpp::message_memory_strategy::MessageMemoryStrategy<sensor_msgs::msg::JointState_<std::allocator<void> >, std::allocator<void> > > >[m[K’ to ‘[01m[Kstd::shared_ptr<rclcpp::Subscription<std_msgs::msg::String_<std::allocator<void> > > >&&[m[K’
[2.001s]   333 |       operator=([01;36m[Kshared_ptr&& __r[m[K) noexcept
[2.001s]       |                 [01;36m[K~~~~~~~~~~~~~^~~[m[K
[2.002s] [01m[K/usr/include/c++/9/bits/shared_ptr.h:341:2:[m[K [01;36m[Knote: [m[Kcandidate: ‘[01m[Ktemplate<class _Yp> std::shared_ptr<_Tp>::_Assignable<std::shared_ptr<_Yp> > std::shared_ptr<_Tp>::operator=(std::shared_ptr<_Yp>&&) [with _Yp = _Yp; _Tp = rclcpp::Subscription<std_msgs::msg::String_<std::allocator<void> > >][m[K’
[2.002s]   341 |  [01;36m[Koperator[m[K=(shared_ptr<_Yp>&& __r) noexcept
[2.002s]       |  [01;36m[K^~~~~~~~[m[K
[2.002s] [01m[K/usr/include/c++/9/bits/shared_ptr.h:341:2:[m[K [01;36m[Knote: [m[K  template argument deduction/substitution failed:
[2.002s] /usr/include/c++/9/bits/shared_ptr.h: In substitution of ‘[01m[Ktemplate<class _Tp> template<class _Arg> using _Assignable = typename std::enable_if<std::is_assignable<std::__shared_ptr<_Tp>&, _Arg>::value, std::shared_ptr<_Tp>&>::type [with _Arg = std::shared_ptr<rclcpp::Subscription<sensor_msgs::msg::JointState_<std::allocator<void> >, std::allocator<void>, rclcpp::message_memory_strategy::MessageMemoryStrategy<sensor_msgs::msg::JointState_<std::allocator<void> >, std::allocator<void> > > >; _Tp = rclcpp::Subscription<std_msgs::msg::String_<std::allocator<void> > >][m[K’:
[2.002s] [01m[K/usr/include/c++/9/bits/shared_ptr.h:341:2:[m[K   required by substitution of ‘[01m[Ktemplate<class _Yp> std::shared_ptr<rclcpp::Subscription<std_msgs::msg::String_<std::allocator<void> > > >::_Assignable<std::shared_ptr<_Tp> > std::shared_ptr<rclcpp::Subscription<std_msgs::msg::String_<std::allocator<void> > > >::operator=<_Yp>(std::shared_ptr<_Tp>&&) [with _Yp = rclcpp::Subscription<sensor_msgs::msg::JointState_<std::allocator<void> >, std::allocator<void>, rclcpp::message_memory_strategy::MessageMemoryStrategy<sensor_msgs::msg::JointState_<std::allocator<void> >, std::allocator<void> > >][m[K’
[2.002s] [01m[K/home/artjiang/Desktop/mirobot_urdf_ros2/src/mirobot_write_node.cpp:33:87:[m[K   required from here
[2.002s] [01m[K/usr/include/c++/9/bits/shared_ptr.h:111:8:[m[K [01;31m[Kerror: [m[Kno type named ‘[01m[Ktype[m[K’ in ‘[01m[Kstruct std::enable_if<false, std::shared_ptr<rclcpp::Subscription<std_msgs::msg::String_<std::allocator<void> > > >&>[m[K’
[2.002s]   111 |  using [01;31m[K_Assignable[m[K = typename enable_if<
[2.002s]       |        [01;31m[K^~~~~~~~~~~[m[K
[2.002s] [01m[K/usr/include/c++/9/bits/shared_ptr.h:349:2:[m[K [01;36m[Knote: [m[Kcandidate: ‘[01m[Ktemplate<class _Yp, class _Del> std::shared_ptr<_Tp>::_Assignable<std::unique_ptr<_Up, _Ep> > std::shared_ptr<_Tp>::operator=(std::unique_ptr<_Up, _Ep>&&) [with _Yp = _Yp; _Del = _Del; _Tp = rclcpp::Subscription<std_msgs::msg::String_<std::allocator<void> > >][m[K’
[2.003s]   349 |  [01;36m[Koperator[m[K=(unique_ptr<_Yp, _Del>&& __r)
[2.003s]       |  [01;36m[K^~~~~~~~[m[K
[2.003s] [01m[K/usr/include/c++/9/bits/shared_ptr.h:349:2:[m[K [01;36m[Knote: [m[K  template argument deduction/substitution failed:
[2.003s] [01m[K/home/artjiang/Desktop/mirobot_urdf_ros2/src/mirobot_write_node.cpp:33:87:[m[K [01;36m[Knote: [m[K  ‘[01m[Kstd::shared_ptr<rclcpp::Subscription<sensor_msgs::msg::JointState_<std::allocator<void> >, std::allocator<void>, rclcpp::message_memory_strategy::MessageMemoryStrategy<sensor_msgs::msg::JointState_<std::allocator<void> >, std::allocator<void> > > >[m[K’ is not derived from ‘[01m[Kstd::unique_ptr<_Tp, _Dp>[m[K’
[2.003s]    33 |       "/joint_states", 1, std::bind(&MirobotWriteNode::angle_write_callback, this, _1)[01;36m[K)[m[K;
[2.003s]       |                                                                                       [01;36m[K^[m[K
[2.003s] [01m[K/home/artjiang/Desktop/mirobot_urdf_ros2/src/mirobot_write_node.cpp:29:34:[m[K [01;35m[Kwarning: [m[Kunused parameter ‘[01m[Kname[m[K’ [[01;35m[K-Wunused-parameter[m[K]
[2.003s]    29 |     MirobotWriteNode([01;35m[Kstd::string name[m[K)
[2.003s]       |                      [01;35m[K~~~~~~~~~~~~^~~~[m[K
[2.200s] In file included from [01m[K/opt/ros/galactic/include/rclcpp/service.hpp:34[m[K,
[2.200s]                  from [01m[K/opt/ros/galactic/include/rclcpp/callback_group.hpp:25[m[K,
[2.200s]                  from [01m[K/opt/ros/galactic/include/rclcpp/any_executable.hpp:20[m[K,
[2.200s]                  from [01m[K/opt/ros/galactic/include/rclcpp/memory_strategy.hpp:25[m[K,
[2.200s]                  from [01m[K/opt/ros/galactic/include/rclcpp/memory_strategies.hpp:18[m[K,
[2.200s]                  from [01m[K/opt/ros/galactic/include/rclcpp/executor_options.hpp:20[m[K,
[2.200s]                  from [01m[K/opt/ros/galactic/include/rclcpp/executor.hpp:36[m[K,
[2.201s]                  from [01m[K/opt/ros/galactic/include/rclcpp/executors/multi_threaded_executor.hpp:26[m[K,
[2.201s]                  from [01m[K/opt/ros/galactic/include/rclcpp/executors.hpp:21[m[K,
[2.201s]                  from [01m[K/opt/ros/galactic/include/rclcpp/rclcpp.hpp:156[m[K,
[2.201s]                  from [01m[K/home/artjiang/Desktop/mirobot_urdf_ros2/src/mirobot_write_node.cpp:6[m[K:
[2.201s] [01m[K/home/artjiang/Desktop/mirobot_urdf_ros2/src/mirobot_write_node.cpp:[m[K In member function ‘[01m[Kvoid MirobotWriteNode::angle_write_callback(const JointState&)[m[K’:
[2.201s] [01m[K/home/artjiang/Desktop/mirobot_urdf_ros2/src/mirobot_write_node.cpp:55:42:[m[K [01;31m[Kerror: [m[Kno matching function for call to ‘[01m[KMirobotWriteNode::get_logger(const char [9])[m[K’
[2.201s]    55 |   RCLCPP_INFO(this->get_logger("I heard,"[01;31m[K)[m[K,"Art Jiang: %s", Gcode.c_str());
[2.201s]       |                                          [01;31m[K^[m[K
[2.202s] In file included from [01m[K/opt/ros/galactic/include/rclcpp/executors/single_threaded_executor.hpp:28[m[K,
[2.202s]                  from [01m[K/opt/ros/galactic/include/rclcpp/executors.hpp:22[m[K,
[2.202s]                  from [01m[K/opt/ros/galactic/include/rclcpp/rclcpp.hpp:156[m[K,
[2.202s]                  from [01m[K/home/artjiang/Desktop/mirobot_urdf_ros2/src/mirobot_write_node.cpp:6[m[K:
[2.202s] [01m[K/opt/ros/galactic/include/rclcpp/node.hpp:142:3:[m[K [01;36m[Knote: [m[Kcandidate: ‘[01m[Krclcpp::Logger rclcpp::Node::get_logger() const[m[K’
[2.202s]   142 |   [01;36m[Kget_logger[m[K() const;
[2.202s]       |   [01;36m[K^~~~~~~~~~[m[K
[2.203s] [01m[K/opt/ros/galactic/include/rclcpp/node.hpp:142:3:[m[K [01;36m[Knote: [m[K  candidate expects 0 arguments, 1 provided
[2.203s] In file included from [01m[K/opt/ros/galactic/include/rclcpp/service.hpp:34[m[K,
[2.203s]                  from [01m[K/opt/ros/galactic/include/rclcpp/callback_group.hpp:25[m[K,
[2.203s]                  from [01m[K/opt/ros/galactic/include/rclcpp/any_executable.hpp:20[m[K,
[2.204s]                  from [01m[K/opt/ros/galactic/include/rclcpp/memory_strategy.hpp:25[m[K,
[2.204s]                  from [01m[K/opt/ros/galactic/include/rclcpp/memory_strategies.hpp:18[m[K,
[2.204s]                  from [01m[K/opt/ros/galactic/include/rclcpp/executor_options.hpp:20[m[K,
[2.204s]                  from [01m[K/opt/ros/galactic/include/rclcpp/executor.hpp:36[m[K,
[2.204s]                  from [01m[K/opt/ros/galactic/include/rclcpp/executors/multi_threaded_executor.hpp:26[m[K,
[2.204s]                  from [01m[K/opt/ros/galactic/include/rclcpp/executors.hpp:21[m[K,
[2.204s]                  from [01m[K/opt/ros/galactic/include/rclcpp/rclcpp.hpp:156[m[K,
[2.204s]                  from [01m[K/home/artjiang/Desktop/mirobot_urdf_ros2/src/mirobot_write_node.cpp:6[m[K:
[2.205s] [01m[K/home/artjiang/Desktop/mirobot_urdf_ros2/src/mirobot_write_node.cpp:55:42:[m[K [01;31m[Kerror: [m[Kno matching function for call to ‘[01m[KMirobotWriteNode::get_logger(const char [9])[m[K’
[2.205s]    55 |   RCLCPP_INFO(this->get_logger("I heard,"[01;31m[K)[m[K,"Art Jiang: %s", Gcode.c_str());
[2.205s]       |                                          [01;31m[K^[m[K
[2.205s] In file included from [01m[K/opt/ros/galactic/include/rclcpp/executors/single_threaded_executor.hpp:28[m[K,
[2.205s]                  from [01m[K/opt/ros/galactic/include/rclcpp/executors.hpp:22[m[K,
[2.209s]                  from [01m[K/opt/ros/galactic/include/rclcpp/rclcpp.hpp:156[m[K,
[2.209s]                  from [01m[K/home/artjiang/Desktop/mirobot_urdf_ros2/src/mirobot_write_node.cpp:6[m[K:
[2.209s] [01m[K/opt/ros/galactic/include/rclcpp/node.hpp:142:3:[m[K [01;36m[Knote: [m[Kcandidate: ‘[01m[Krclcpp::Logger rclcpp::Node::get_logger() const[m[K’
[2.209s]   142 |   [01;36m[Kget_logger[m[K() const;
[2.209s]       |   [01;36m[K^~~~~~~~~~[m[K
[2.209s] [01m[K/opt/ros/galactic/include/rclcpp/node.hpp:142:3:[m[K [01;36m[Knote: [m[K  candidate expects 0 arguments, 1 provided
[2.209s] In file included from [01m[K/opt/ros/galactic/include/rclcpp/service.hpp:34[m[K,
[2.209s]                  from [01m[K/opt/ros/galactic/include/rclcpp/callback_group.hpp:25[m[K,
[2.210s]                  from [01m[K/opt/ros/galactic/include/rclcpp/any_executable.hpp:20[m[K,
[2.210s]                  from [01m[K/opt/ros/galactic/include/rclcpp/memory_strategy.hpp:25[m[K,
[2.210s]                  from [01m[K/opt/ros/galactic/include/rclcpp/memory_strategies.hpp:18[m[K,
[2.210s]                  from [01m[K/opt/ros/galactic/include/rclcpp/executor_options.hpp:20[m[K,
[2.211s]                  from [01m[K/opt/ros/galactic/include/rclcpp/executor.hpp:36[m[K,
[2.211s]                  from [01m[K/opt/ros/galactic/include/rclcpp/executors/multi_threaded_executor.hpp:26[m[K,
[2.213s]                  from [01m[K/opt/ros/galactic/include/rclcpp/executors.hpp:21[m[K,
[2.213s]                  from [01m[K/opt/ros/galactic/include/rclcpp/rclcpp.hpp:156[m[K,
[2.213s]                  from [01m[K/home/artjiang/Desktop/mirobot_urdf_ros2/src/mirobot_write_node.cpp:6[m[K:
[2.214s] [01m[K/home/artjiang/Desktop/mirobot_urdf_ros2/src/mirobot_write_node.cpp:55:3:[m[K [01;31m[Kerror: [m[Ktemplate argument 1 is invalid
[2.214s]    55 |   [01;31m[KRCLCPP_INFO[m[K(this->get_logger("I heard,"),"Art Jiang: %s", Gcode.c_str());
[2.214s]       |   [01;31m[K^~~~~~~~~~~[m[K
[2.214s] [01m[K/home/artjiang/Desktop/mirobot_urdf_ros2/src/mirobot_write_node.cpp:55:3:[m[K [01;31m[Kerror: [m[Ktemplate argument 1 is invalid
[2.214s]    55 |   [01;31m[KRCLCPP_INFO[m[K(this->get_logger("I heard,"),"Art Jiang: %s", Gcode.c_str());
[2.215s]       |   [01;31m[K^~~~~~~~~~~[m[K
[2.215s] [01m[K/home/artjiang/Desktop/mirobot_urdf_ros2/src/mirobot_write_node.cpp:55:3:[m[K [01;31m[Kerror: [m[Ktemplate argument 1 is invalid
[2.215s]    55 |   [01;31m[KRCLCPP_INFO[m[K(this->get_logger("I heard,"),"Art Jiang: %s", Gcode.c_str());
[2.215s]       |   [01;31m[K^~~~~~~~~~~[m[K
[2.215s] In file included from [01m[K/opt/ros/galactic/include/rclcpp/client.hpp:40[m[K,
[2.215s]                  from [01m[K/opt/ros/galactic/include/rclcpp/callback_group.hpp:23[m[K,
[2.216s]                  from [01m[K/opt/ros/galactic/include/rclcpp/any_executable.hpp:20[m[K,
[2.216s]                  from [01m[K/opt/ros/galactic/include/rclcpp/memory_strategy.hpp:25[m[K,
[2.216s]                  from [01m[K/opt/ros/galactic/include/rclcpp/memory_strategies.hpp:18[m[K,
[2.216s]                  from [01m[K/opt/ros/galactic/include/rclcpp/executor_options.hpp:20[m[K,
[2.216s]                  from [01m[K/opt/ros/galactic/include/rclcpp/executor.hpp:36[m[K,
[2.216s]                  from [01m[K/opt/ros/galactic/include/rclcpp/executors/multi_threaded_executor.hpp:26[m[K,
[2.217s]                  from [01m[K/opt/ros/galactic/include/rclcpp/executors.hpp:21[m[K,
[2.217s]                  from [01m[K/opt/ros/galactic/include/rclcpp/rclcpp.hpp:156[m[K,
[2.217s]                  from [01m[K/home/artjiang/Desktop/mirobot_urdf_ros2/src/mirobot_write_node.cpp:6[m[K:
[2.217s] [01m[K/home/artjiang/Desktop/mirobot_urdf_ros2/src/mirobot_write_node.cpp:55:42:[m[K [01;31m[Kerror: [m[Kno matching function for call to ‘[01m[KMirobotWriteNode::get_logger(const char [9])[m[K’
[2.217s]    55 |   RCLCPP_INFO(this->get_logger("I heard,"[01;31m[K)[m[K,"Art Jiang: %s", Gcode.c_str());
[2.217s]       |                                          [01;31m[K^[m[K
[2.217s] In file included from [01m[K/opt/ros/galactic/include/rclcpp/executors/single_threaded_executor.hpp:28[m[K,
[2.218s]                  from [01m[K/opt/ros/galactic/include/rclcpp/executors.hpp:22[m[K,
[2.218s]                  from [01m[K/opt/ros/galactic/include/rclcpp/rclcpp.hpp:156[m[K,
[2.218s]                  from [01m[K/home/artjiang/Desktop/mirobot_urdf_ros2/src/mirobot_write_node.cpp:6[m[K:
[2.219s] [01m[K/opt/ros/galactic/include/rclcpp/node.hpp:142:3:[m[K [01;36m[Knote: [m[Kcandidate: ‘[01m[Krclcpp::Logger rclcpp::Node::get_logger() const[m[K’
[2.219s]   142 |   [01;36m[Kget_logger[m[K() const;
[2.220s]       |   [01;36m[K^~~~~~~~~~[m[K
[2.220s] [01m[K/opt/ros/galactic/include/rclcpp/node.hpp:142:3:[m[K [01;36m[Knote: [m[K  candidate expects 0 arguments, 1 provided
[2.220s] In file included from [01m[K/opt/ros/galactic/include/rclcpp/client.hpp:40[m[K,
[2.220s]                  from [01m[K/opt/ros/galactic/include/rclcpp/callback_group.hpp:23[m[K,
[2.220s]                  from [01m[K/opt/ros/galactic/include/rclcpp/any_executable.hpp:20[m[K,
[2.221s]                  from [01m[K/opt/ros/galactic/include/rclcpp/memory_strategy.hpp:25[m[K,
[2.221s]                  from [01m[K/opt/ros/galactic/include/rclcpp/memory_strategies.hpp:18[m[K,
[2.221s]                  from [01m[K/opt/ros/galactic/include/rclcpp/executor_options.hpp:20[m[K,
[2.221s]                  from [01m[K/opt/ros/galactic/include/rclcpp/executor.hpp:36[m[K,
[2.221s]                  from [01m[K/opt/ros/galactic/include/rclcpp/executors/multi_threaded_executor.hpp:26[m[K,
[2.222s]                  from [01m[K/opt/ros/galactic/include/rclcpp/executors.hpp:21[m[K,
[2.222s]                  from [01m[K/opt/ros/galactic/include/rclcpp/rclcpp.hpp:156[m[K,
[2.222s]                  from [01m[K/home/artjiang/Desktop/mirobot_urdf_ros2/src/mirobot_write_node.cpp:6[m[K:
[2.222s] [01m[K/home/artjiang/Desktop/mirobot_urdf_ros2/src/mirobot_write_node.cpp:55:42:[m[K [01;31m[Kerror: [m[Kno matching function for call to ‘[01m[KMirobotWriteNode::get_logger(const char [9])[m[K’
[2.222s]    55 |   RCLCPP_INFO(this->get_logger("I heard,"[01;31m[K)[m[K,"Art Jiang: %s", Gcode.c_str());
[2.229s]       |                                          [01;31m[K^[m[K
[2.230s] In file included from [01m[K/opt/ros/galactic/include/rclcpp/executors/single_threaded_executor.hpp:28[m[K,
[2.230s]                  from [01m[K/opt/ros/galactic/include/rclcpp/executors.hpp:22[m[K,
[2.230s]                  from [01m[K/opt/ros/galactic/include/rclcpp/rclcpp.hpp:156[m[K,
[2.230s]                  from [01m[K/home/artjiang/Desktop/mirobot_urdf_ros2/src/mirobot_write_node.cpp:6[m[K:
[2.231s] [01m[K/opt/ros/galactic/include/rclcpp/node.hpp:142:3:[m[K [01;36m[Knote: [m[Kcandidate: ‘[01m[Krclcpp::Logger rclcpp::Node::get_logger() const[m[K’
[2.231s]   142 |   [01;36m[Kget_logger[m[K() const;
[2.231s]       |   [01;36m[K^~~~~~~~~~[m[K
[2.231s] [01m[K/opt/ros/galactic/include/rclcpp/node.hpp:142:3:[m[K [01;36m[Knote: [m[K  candidate expects 0 arguments, 1 provided
[2.231s] [01m[K/home/artjiang/Desktop/mirobot_urdf_ros2/src/mirobot_write_node.cpp:[m[K In function ‘[01m[Kint main(int, char**)[m[K’:
[2.232s] [01m[K/home/artjiang/Desktop/mirobot_urdf_ros2/src/mirobot_write_node.cpp:99:18:[m[K [01;31m[Kerror: [m[K‘[01m[Ksleep_for[m[K’ is not a member of ‘[01m[Krclcpp::Clock[m[K’
[2.232s]    99 |   rclcpp::Clock::[01;31m[Ksleep_for[m[K(1);
[2.232s]       |                  [01;31m[K^~~~~~~~~[m[K
[3.617s] make[2]: *** [CMakeFiles/mirobot_write_node.dir/build.make:63: CMakeFiles/mirobot_write_node.dir/src/mirobot_write_node.cpp.o] Error 1
[3.618s] make[1]: *** [CMakeFiles/Makefile2:78: CMakeFiles/mirobot_write_node.dir/all] Error 2
[3.618s] make: *** [Makefile:141: all] Error 2
[3.618s] Invoked command in '/home/artjiang/Desktop/mirobot_urdf_ros2/build/mirobot_urdf_ros2' returned '2': CMAKE_PREFIX_PATH=${CMAKE_PREFIX_PATH}:/opt/ros/galactic /usr/bin/cmake --build /home/artjiang/Desktop/mirobot_urdf_ros2/build/mirobot_urdf_ros2 -- -j2 -l2
