[0.018s] Invoking command in '/home/artjiang/Desktop/mirobot_urdf_ros2/build/mirobot_urdf_ros2': CMAKE_PREFIX_PATH=${CMAKE_PREFIX_PATH}:/opt/ros/galactic /usr/bin/cmake --build /home/artjiang/Desktop/mirobot_urdf_ros2/build/mirobot_urdf_ros2 -- -j2 -l2
[0.117s] [35m[1mScanning dependencies of target mirobot_write_node[0m
[0.196s] [ 50%] [32mBuilding CXX object CMakeFiles/mirobot_write_node.dir/src/mirobot_write_node.cpp.o[0m
[1.835s] [01m[K/home/artjiang/Desktop/mirobot_urdf_ros2/src/mirobot_write_node.cpp:24:33:[m[K [01;31m[Kerror: [m[K‘[01m[Ksensor_msgs[m[K’ does not name a type
[1.835s]    24 | void angle_write_callback(const [01;31m[Ksensor_msgs[m[K::msg::JointState& msg)
[1.835s]       |                                 [01;31m[K^~~~~~~~~~~[m[K
[1.836s] [01m[K/home/artjiang/Desktop/mirobot_urdf_ros2/src/mirobot_write_node.cpp:24:49:[m[K [01;31m[Kerror: [m[Kexpected unqualified-id before ‘[01m[K::[m[K’ token
[1.836s]    24 | void angle_write_callback(const sensor_msgs::msg[01;31m[K::[m[KJointState& msg)
[1.836s]       |                                                 [01;31m[K^~[m[K
[1.836s] [01m[K/home/artjiang/Desktop/mirobot_urdf_ros2/src/mirobot_write_node.cpp:24:49:[m[K [01;31m[Kerror: [m[Kexpected ‘[01m[K)[m[K’ before ‘[01m[K::[m[K’ token
[1.836s]    24 | void angle_write_callback[34m[K([m[Kconst sensor_msgs::msg[01;31m[K:[m[K[32m[K:[m[KJointState& msg)
[1.836s]       |                          [34m[K~[m[K                      [01;31m[K^[m[K[32m[K~[m[K
[1.836s]       |                                                 [32m[K)[m[K
[1.836s] [01m[K/home/artjiang/Desktop/mirobot_urdf_ros2/src/mirobot_write_node.cpp:24:49:[m[K [01;31m[Kerror: [m[Kexpected initializer before ‘[01m[K::[m[K’ token
[1.836s]    24 | void angle_write_callback(const sensor_msgs::msg[01;31m[K::[m[KJointState& msg)
[1.837s]       |                                                 [01;31m[K^~[m[K
[1.837s] [01m[K/home/artjiang/Desktop/mirobot_urdf_ros2/src/mirobot_write_node.cpp:[m[K In function ‘[01m[Kint main(int, char**)[m[K’:
[1.837s] [01m[K/home/artjiang/Desktop/mirobot_urdf_ros2/src/mirobot_write_node.cpp:49:2:[m[K [01;31m[Kerror: [m[K‘[01m[Kros[m[K’ has not been declared
[1.837s]    49 |  [01;31m[Kros[m[K::init(argc, argv, "mirobot_write_node");//初始化，节点名称 "Mirobot_write_node"
[1.837s]       |  [01;31m[K^~~[m[K
[1.837s] [01m[K/home/artjiang/Desktop/mirobot_urdf_ros2/src/mirobot_write_node.cpp:50:2:[m[K [01;31m[Kerror: [m[K‘[01m[Kros[m[K’ has not been declared
[1.837s]    50 |  [01;31m[Kros[m[K::NodeHandle nh;
[1.838s]       |  [01;31m[K^~~[m[K
[1.838s] [01m[K/home/artjiang/Desktop/mirobot_urdf_ros2/src/mirobot_write_node.cpp:52:2:[m[K [01;31m[Kerror: [m[K‘[01m[Kros[m[K’ has not been declared
[1.838s]    52 |  [01;31m[Kros[m[K::Subscriber sub_angle = nh.subscribe("/joint_states", 1, angle_write_callback);//指定节点订阅的话题，并指定回调函数
[1.838s]       |  [01;31m[K^~~[m[K
[1.838s] [01m[K/home/artjiang/Desktop/mirobot_urdf_ros2/src/mirobot_write_node.cpp:53:2:[m[K [01;31m[Kerror: [m[K‘[01m[Kros[m[K’ has not been declared
[1.838s]    53 |  [01;31m[Kros[m[K::Rate loop_rate(20);//指定了频率为20Hz
[1.840s]       |  [01;31m[K^~~[m[K
[1.840s] [01m[K/home/artjiang/Desktop/mirobot_urdf_ros2/src/mirobot_write_node.cpp:63:3:[m[K [01;31m[Kerror: [m[K‘[01m[KROS_INFO_STREAM[m[K’ was not declared in this scope; did you mean ‘[01m[KRCLCPP_INFO_STREAM[m[K’?
[1.840s]    63 |   [01;31m[KROS_INFO_STREAM[m[K("Port has been open successfully");
[1.840s]       |   [01;31m[K^~~~~~~~~~~~~~~[m[K
[1.841s]       |   [32m[KRCLCPP_INFO_STREAM[m[K
[1.842s] [01m[K/home/artjiang/Desktop/mirobot_urdf_ros2/src/mirobot_write_node.cpp:67:3:[m[K [01;31m[Kerror: [m[K‘[01m[KROS_ERROR_STREAM[m[K’ was not declared in this scope; did you mean ‘[01m[KRCLCPP_ERROR_STREAM[m[K’?
[1.843s]    67 |   [01;31m[KROS_ERROR_STREAM[m[K("Unable to open port");
[1.843s]       |   [01;31m[K^~~~~~~~~~~~~~~~[m[K
[1.843s]       |   [32m[KRCLCPP_ERROR_STREAM[m[K
[1.843s] [01m[K/home/artjiang/Desktop/mirobot_urdf_ros2/src/mirobot_write_node.cpp:73:3:[m[K [01;31m[Kerror: [m[K‘[01m[Kros[m[K’ has not been declared
[1.844s]    73 |   [01;31m[Kros[m[K::Duration(1).sleep();
[1.844s]       |   [01;31m[K^~~[m[K
[1.845s] [01m[K/home/artjiang/Desktop/mirobot_urdf_ros2/src/mirobot_write_node.cpp:74:3:[m[K [01;31m[Kerror: [m[K‘[01m[KROS_INFO_STREAM[m[K’ was not declared in this scope; did you mean ‘[01m[KRCLCPP_INFO_STREAM[m[K’?
[1.845s]    74 |   [01;31m[KROS_INFO_STREAM[m[K("Attach and wait for commands");
[1.846s]       |   [01;31m[K^~~~~~~~~~~~~~~[m[K
[1.846s]       |   [32m[KRCLCPP_INFO_STREAM[m[K
[1.846s] [01m[K/home/artjiang/Desktop/mirobot_urdf_ros2/src/mirobot_write_node.cpp:77:9:[m[K [01;31m[Kerror: [m[K‘[01m[Kros[m[K’ has not been declared
[1.846s]    77 |  while ([01;31m[Kros[m[K::ok())
[1.847s]       |         [01;31m[K^~~[m[K
[1.847s] [01m[K/home/artjiang/Desktop/mirobot_urdf_ros2/src/mirobot_write_node.cpp:79:3:[m[K [01;31m[Kerror: [m[K‘[01m[Kros[m[K’ has not been declared
[1.847s]    79 |   [01;31m[Kros[m[K::spinOnce();
[1.847s]       |   [01;31m[K^~~[m[K
[1.848s] [01m[K/home/artjiang/Desktop/mirobot_urdf_ros2/src/mirobot_write_node.cpp:80:3:[m[K [01;31m[Kerror: [m[K‘[01m[Kloop_rate[m[K’ was not declared in this scope
[1.848s]    80 |   [01;31m[Kloop_rate[m[K.sleep();
[1.849s]       |   [01;31m[K^~~~~~~~~[m[K
[2.469s] make[2]: *** [CMakeFiles/mirobot_write_node.dir/build.make:63: CMakeFiles/mirobot_write_node.dir/src/mirobot_write_node.cpp.o] Error 1
[2.469s] make[1]: *** [CMakeFiles/Makefile2:78: CMakeFiles/mirobot_write_node.dir/all] Error 2
[2.469s] make: *** [Makefile:141: all] Error 2
[2.472s] Invoked command in '/home/artjiang/Desktop/mirobot_urdf_ros2/build/mirobot_urdf_ros2' returned '2': CMAKE_PREFIX_PATH=${CMAKE_PREFIX_PATH}:/opt/ros/galactic /usr/bin/cmake --build /home/artjiang/Desktop/mirobot_urdf_ros2/build/mirobot_urdf_ros2 -- -j2 -l2
